2025-11-25 02:34:10.060 [info] [main] Log level: Info
2025-11-25 02:34:10.061 [info] [main] Validating found git in: "git"
2025-11-25 02:34:10.061 [info] [main] Using git "2.47.3" from "git"
2025-11-25 02:34:10.061 [info] [Model][doInitialScan] Initial repository scan started
2025-11-25 02:34:10.061 [info] > git rev-parse --show-toplevel [4ms]
2025-11-25 02:34:10.061 [info] fatal: not a git repository (or any of the parent directories): .git
2025-11-25 02:34:10.061 [info] > git rev-parse --show-toplevel [6ms]
2025-11-25 02:34:10.061 [info] fatal: not a git repository (or any of the parent directories): .git
2025-11-25 02:34:10.061 [info] > git rev-parse --show-toplevel [2ms]
2025-11-25 02:34:10.061 [info] fatal: not a git repository (or any of the parent directories): .git
2025-11-25 02:34:10.061 [info] > git rev-parse --show-toplevel [5ms]
2025-11-25 02:34:10.061 [info] fatal: not a git repository (or any of the parent directories): .git
2025-11-25 02:34:10.062 [info] > git rev-parse --show-toplevel [3ms]
2025-11-25 02:34:10.062 [info] fatal: not a git repository (or any of the parent directories): .git
2025-11-25 02:34:10.070 [info] > git rev-parse --show-toplevel [2ms]
2025-11-25 02:34:10.070 [info] fatal: not a git repository (or any of the parent directories): .git
2025-11-25 02:34:10.079 [info] > git rev-parse --show-toplevel [2ms]
2025-11-25 02:34:10.079 [info] fatal: not a git repository (or any of the parent directories): .git
2025-11-25 02:34:10.087 [info] > git rev-parse --show-toplevel [2ms]
2025-11-25 02:34:10.087 [info] fatal: not a git repository (or any of the parent directories): .git
2025-11-25 02:34:10.097 [info] > git rev-parse --show-toplevel [3ms]
2025-11-25 02:34:10.097 [info] fatal: not a git repository (or any of the parent directories): .git
2025-11-25 02:34:10.107 [info] > git rev-parse --show-toplevel [2ms]
2025-11-25 02:34:10.107 [info] fatal: not a git repository (or any of the parent directories): .git
2025-11-25 02:34:10.118 [info] > git rev-parse --show-toplevel [4ms]
2025-11-25 02:34:10.119 [info] fatal: not a git repository (or any of the parent directories): .git
2025-11-25 02:34:10.128 [info] > git rev-parse --show-toplevel [2ms]
2025-11-25 02:34:10.128 [info] fatal: not a git repository (or any of the parent directories): .git
2025-11-25 02:34:10.136 [info] > git rev-parse --show-toplevel [2ms]
2025-11-25 02:34:10.136 [info] fatal: not a git repository (or any of the parent directories): .git
2025-11-25 02:34:10.143 [info] > git rev-parse --show-toplevel [1ms]
2025-11-25 02:34:10.143 [info] fatal: not a git repository (or any of the parent directories): .git
2025-11-25 02:34:10.151 [info] > git rev-parse --show-toplevel [2ms]
2025-11-25 02:34:10.151 [info] fatal: not a git repository (or any of the parent directories): .git
2025-11-25 02:34:10.158 [info] > git rev-parse --show-toplevel [1ms]
2025-11-25 02:34:10.158 [info] fatal: not a git repository (or any of the parent directories): .git
2025-11-25 02:34:10.164 [info] > git rev-parse --show-toplevel [2ms]
2025-11-25 02:34:10.164 [info] fatal: not a git repository (or any of the parent directories): .git
2025-11-25 02:34:10.171 [info] > git rev-parse --show-toplevel [2ms]
2025-11-25 02:34:10.171 [info] fatal: not a git repository (or any of the parent directories): .git
2025-11-25 02:34:10.180 [info] > git rev-parse --show-toplevel [2ms]
2025-11-25 02:34:10.180 [info] fatal: not a git repository (or any of the parent directories): .git
2025-11-25 02:34:10.189 [info] > git rev-parse --show-toplevel [2ms]
2025-11-25 02:34:10.189 [info] fatal: not a git repository (or any of the parent directories): .git
2025-11-25 02:34:10.203 [info] > git rev-parse --show-toplevel [8ms]
2025-11-25 02:34:10.203 [info] fatal: not a git repository (or any of the parent directories): .git
2025-11-25 02:34:10.211 [info] > git rev-parse --show-toplevel [3ms]
2025-11-25 02:34:10.211 [info] fatal: not a git repository (or any of the parent directories): .git
2025-11-25 02:34:10.220 [info] > git rev-parse --show-toplevel [2ms]
2025-11-25 02:34:10.220 [info] fatal: not a git repository (or any of the parent directories): .git
2025-11-25 02:34:10.278 [info] > git rev-parse --show-toplevel [3ms]
2025-11-25 02:34:10.278 [info] fatal: not a git repository (or any of the parent directories): .git
2025-11-25 02:34:10.294 [info] > git rev-parse --show-toplevel [3ms]
2025-11-25 02:34:10.294 [info] fatal: not a git repository (or any of the parent directories): .git
2025-11-25 02:34:10.313 [info] > git rev-parse --show-toplevel [14ms]
2025-11-25 02:34:10.332 [info] > git rev-parse --git-dir --git-common-dir --show-superproject-working-tree [9ms]
2025-11-25 02:34:10.352 [info] [Model][openRepository] Opened repository (path): /home/seanos1a/ecommerce-dash
2025-11-25 02:34:10.352 [info] [Model][openRepository] Opened repository (real path): /home/seanos1a/ecommerce-dash
2025-11-25 02:34:10.352 [info] [Model][openRepository] Opened repository (kind): repository
2025-11-25 02:34:10.370 [info] > git config --get commit.template [7ms]
2025-11-25 02:34:10.371 [info] > git rev-parse --show-toplevel [3ms]
2025-11-25 02:34:10.390 [info] > git for-each-ref --format=%(refname)%00%(upstream:short)%00%(objectname)%00%(upstream:track)%00%(upstream:remotename)%00%(upstream:remoteref) refs/heads/master refs/remotes/master [10ms]
2025-11-25 02:34:10.408 [info] > git status -z -uall [10ms]
2025-11-25 02:34:10.410 [info] > git rev-parse --git-dir --git-common-dir --show-superproject-working-tree [22ms]
2025-11-25 02:34:10.418 [info] [Model][openRepository] Opened repository (path): /home/seanos1a/ecotracker-app
2025-11-25 02:34:10.418 [info] [Model][openRepository] Opened repository (real path): /home/seanos1a/ecotracker-app
2025-11-25 02:34:10.418 [info] [Model][openRepository] Opened repository (kind): repository
2025-11-25 02:34:10.433 [info] > git for-each-ref --sort -committerdate --format %(refname)%00%(objectname)%00%(*objectname) [27ms]
2025-11-25 02:34:10.510 [info] > git for-each-ref --format=%(refname)%00%(upstream:short)%00%(objectname)%00%(upstream:track)%00%(upstream:remotename)%00%(upstream:remoteref) refs/heads/master refs/remotes/master [21ms]
2025-11-25 02:34:10.518 [info] > git rev-parse --show-toplevel [86ms]
2025-11-25 02:34:10.519 [info] fatal: not a git repository (or any of the parent directories): .git
2025-11-25 02:34:10.520 [info] > git config --get commit.template [93ms]
2025-11-25 02:34:10.529 [info] > git config --get --local branch.master.vscode-merge-base [11ms]
2025-11-25 02:34:10.530 [warning] [Git][config] git config failed: Failed to execute git
2025-11-25 02:34:10.537 [info] > git config --get commit.template [29ms]
2025-11-25 02:34:10.547 [info] > git rev-parse --show-toplevel [19ms]
2025-11-25 02:34:10.547 [info] fatal: not a git repository (or any of the parent directories): .git
2025-11-25 02:34:10.563 [info] > git for-each-ref --format=%(refname)%00%(upstream:short)%00%(objectname)%00%(upstream:track)%00%(upstream:remotename)%00%(upstream:remoteref) refs/heads/master refs/remotes/master [18ms]
2025-11-25 02:34:10.564 [info] > git reflog master --grep-reflog=branch: Created from *. [27ms]
2025-11-25 02:34:10.572 [info] > git rev-parse --show-toplevel [10ms]
2025-11-25 02:34:10.573 [info] > git for-each-ref --format=%(refname)%00%(upstream:short)%00%(objectname)%00%(upstream:track)%00%(upstream:remotename)%00%(upstream:remoteref) refs/heads/master refs/remotes/master [18ms]
2025-11-25 02:34:10.597 [info] > git status -z -uall [16ms]
2025-11-25 02:34:10.598 [info] > git symbolic-ref --short refs/remotes/origin/HEAD [27ms]
2025-11-25 02:34:10.598 [info] fatal: ref refs/remotes/origin/HEAD is not a symbolic ref
2025-11-25 02:34:10.599 [warning] [Repository][getDefaultBranch] Failed to get default branch details: Failed to execute git.
2025-11-25 02:34:10.605 [info] > git rev-parse --git-dir --git-common-dir --show-superproject-working-tree [10ms]
2025-11-25 02:34:10.613 [info] [Model][openRepository] Opened repository (path): /home/seanos1a/global-news-ai
2025-11-25 02:34:10.614 [info] [Model][openRepository] Opened repository (real path): /home/seanos1a/global-news-ai
2025-11-25 02:34:10.614 [info] [Model][openRepository] Opened repository (kind): repository
2025-11-25 02:34:10.616 [info] > git for-each-ref --sort -committerdate --format %(refname)%00%(objectname)%00%(*objectname) [29ms]
2025-11-25 02:34:10.662 [info] > git status -z -uall [34ms]
2025-11-25 02:34:10.670 [info] > git config --get commit.template [21ms]
2025-11-25 02:34:10.670 [info] > git for-each-ref --sort -committerdate --format %(refname)%00%(objectname)%00%(*objectname) [35ms]
2025-11-25 02:34:10.699 [info] > git for-each-ref --format=%(refname)%00%(upstream:short)%00%(objectname)%00%(upstream:track)%00%(upstream:remotename)%00%(upstream:remoteref) refs/heads/master refs/remotes/master [11ms]
2025-11-25 02:34:10.707 [info] > git rev-parse --show-toplevel [47ms]
2025-11-25 02:34:10.843 [info] > git config --get commit.template [145ms]
2025-11-25 02:34:10.849 [info] > git rev-parse --git-dir --git-common-dir --show-superproject-working-tree [7ms]
2025-11-25 02:34:10.856 [info] [Model][openRepository] Opened repository (path): /home/seanos1a/h2h
2025-11-25 02:34:10.856 [info] [Model][openRepository] Opened repository (real path): /home/seanos1a/h2h
2025-11-25 02:34:10.857 [info] [Model][openRepository] Opened repository (kind): repository
2025-11-25 02:34:10.858 [info] > git for-each-ref --format=%(refname)%00%(upstream:short)%00%(objectname)%00%(upstream:track)%00%(upstream:remotename)%00%(upstream:remoteref) refs/heads/main refs/remotes/main [144ms]
2025-11-25 02:34:10.859 [info] > git config --get --local branch.master.vscode-merge-base [152ms]
2025-11-25 02:34:10.859 [warning] [Git][config] git config failed: Failed to execute git
2025-11-25 02:34:10.886 [info] > git config --get commit.template [7ms]
2025-11-25 02:34:10.887 [info] > git for-each-ref --format=%(refname)%00%(upstream:short)%00%(objectname)%00%(upstream:track)%00%(upstream:remotename)%00%(upstream:remoteref) refs/heads/master refs/remotes/master [15ms]
2025-11-25 02:34:10.887 [info] > git reflog master --grep-reflog=branch: Created from *. [21ms]
2025-11-25 02:34:10.893 [info] > git rev-parse --show-toplevel [9ms]
2025-11-25 02:34:10.926 [info] > git status -z -uall [19ms]
2025-11-25 02:34:10.927 [info] > git for-each-ref --format=%(refname)%00%(upstream:short)%00%(objectname)%00%(upstream:track)%00%(upstream:remotename)%00%(upstream:remoteref) refs/heads/main refs/remotes/main [27ms]
2025-11-25 02:34:10.928 [info] > git symbolic-ref --short refs/remotes/origin/HEAD [35ms]
2025-11-25 02:34:10.928 [info] fatal: ref refs/remotes/origin/HEAD is not a symbolic ref
2025-11-25 02:34:10.928 [warning] [Repository][getDefaultBranch] Failed to get default branch details: Failed to execute git.
2025-11-25 02:34:10.949 [info] > git status -z -uall [8ms]
2025-11-25 02:34:10.950 [info] > git rev-parse --git-dir --git-common-dir --show-superproject-working-tree [26ms]
2025-11-25 02:34:10.956 [info] [Model][openRepository] Opened repository (path): /home/seanos1a/hyperspeed
2025-11-25 02:34:10.956 [info] [Model][openRepository] Opened repository (real path): /home/seanos1a/hyperspeed
2025-11-25 02:34:10.956 [info] [Model][openRepository] Opened repository (kind): repository
2025-11-25 02:34:10.957 [info] > git for-each-ref --sort -committerdate --format %(refname)%00%(objectname)%00%(*objectname) [41ms]
2025-11-25 02:34:11.001 [info] > git for-each-ref --format=%(refname)%00%(upstream:short)%00%(objectname)%00%(upstream:track)%00%(upstream:remotename)%00%(upstream:remoteref) refs/heads/main refs/remotes/main [33ms]
2025-11-25 02:34:11.009 [info] > git for-each-ref --sort -committerdate --format %(refname)%00%(objectname)%00%(*objectname) [61ms]
2025-11-25 02:34:11.020 [info] > git merge-base refs/heads/master refs/remotes/origin/master [86ms]
2025-11-25 02:34:11.032 [info] > git merge-base refs/heads/master refs/remotes/origin/master [13ms]
2025-11-25 02:34:11.040 [info] > git config --get --local branch.main.vscode-merge-base [31ms]
2025-11-25 02:34:11.040 [warning] [Git][config] git config failed: Failed to execute git
2025-11-25 02:34:11.047 [info] > git config --get commit.template [57ms]
2025-11-25 02:34:11.047 [info] > git rev-parse --show-toplevel [63ms]
2025-11-25 02:34:11.047 [info] fatal: not a git repository (or any of the parent directories): .git
2025-11-25 02:34:11.048 [info] > git config --get commit.template [71ms]
2025-11-25 02:34:11.081 [info] > git status -z -uall [24ms]
2025-11-25 02:34:11.081 [info] > git diff --name-status -z --diff-filter=ADMR --find-renames=50% 4a574ee18c7cb85a34ff5f3667cc817648dae83b...refs/remotes/origin/master -- [42ms]
2025-11-25 02:34:11.082 [info] > git diff --name-status -z --diff-filter=ADMR --find-renames=50% 4a574ee18c7cb85a34ff5f3667cc817648dae83b...refs/remotes/origin/master -- [54ms]
2025-11-25 02:34:11.089 [info] [Git][getRemotes] No remotes found in the git config file
2025-11-25 02:34:11.098 [info] > git rev-parse --show-toplevel [27ms]
2025-11-25 02:34:11.098 [info] fatal: not a git repository (or any of the parent directories): .git
2025-11-25 02:34:11.099 [info] > git for-each-ref --sort -committerdate --format %(refname)%00%(objectname)%00%(*objectname) [34ms]
2025-11-25 02:34:11.112 [info] > git reflog main --grep-reflog=branch: Created from *. [66ms]
2025-11-25 02:34:11.156 [info] > git for-each-ref --format=%(refname)%00%(upstream:short)%00%(objectname)%00%(upstream:track)%00%(upstream:remotename)%00%(upstream:remoteref) refs/heads/main refs/remotes/main [46ms]
2025-11-25 02:34:11.163 [info] > git for-each-ref --format=%(refname)%00%(upstream:short)%00%(objectname)%00%(upstream:track)%00%(upstream:remotename)%00%(upstream:remoteref) refs/heads/main refs/remotes/main [67ms]
2025-11-25 02:34:11.163 [info] > git for-each-ref --format=%(refname)%00%(upstream:short)%00%(objectname)%00%(upstream:track)%00%(upstream:remotename)%00%(upstream:remoteref) refs/heads/main refs/remotes/main [74ms]
2025-11-25 02:34:11.178 [info] > git status -z -uall [10ms]
2025-11-25 02:34:11.179 [info] > git config --get --local branch.main.vscode-merge-base [17ms]
2025-11-25 02:34:11.185 [info] > git config --get commit.template [29ms]
2025-11-25 02:34:11.185 [info] > git rev-parse --show-toplevel [37ms]
2025-11-25 02:34:11.185 [info] fatal: not a git repository (or any of the parent directories): .git
2025-11-25 02:34:11.185 [info] > git symbolic-ref --short refs/remotes/origin/HEAD [67ms]
2025-11-25 02:34:11.186 [info] fatal: ref refs/remotes/origin/HEAD is not a symbolic ref
2025-11-25 02:34:11.186 [warning] [Repository][getDefaultBranch] Failed to get default branch details: Failed to execute git.
2025-11-25 02:34:11.199 [info] > git for-each-ref --format=%(refname)%00%(upstream:short)%00%(objectname)%00%(upstream:track)%00%(upstream:remotename)%00%(upstream:remoteref) refs/heads/origin/main refs/remotes/origin/main [15ms]
2025-11-25 02:34:11.206 [info] > git for-each-ref --sort -committerdate --format %(refname)%00%(objectname)%00%(*objectname) [31ms]
2025-11-25 02:34:11.264 [info] > git for-each-ref --format=%(refname)%00%(upstream:short)%00%(objectname)%00%(upstream:track)%00%(upstream:remotename)%00%(upstream:remoteref) refs/heads/main refs/remotes/main [48ms]
2025-11-25 02:34:11.272 [info] > git merge-base refs/heads/main refs/remotes/origin/main [67ms]
2025-11-25 02:34:11.283 [info] > git rev-parse --show-toplevel [85ms]
2025-11-25 02:34:11.284 [info] fatal: not a git repository (or any of the parent directories): .git
2025-11-25 02:34:11.286 [info] > git merge-base refs/heads/main refs/remotes/origin/main [93ms]
2025-11-25 02:34:11.331 [info] > git status -z -uall [24ms]
2025-11-25 02:34:11.332 [info] > git diff --name-status -z --diff-filter=ADMR --find-renames=50% 18aa206a9aa4d0533e4132115d59c7c550acdc11...refs/remotes/origin/main -- [48ms]
2025-11-25 02:34:11.333 [info] > git config --get --local branch.main.vscode-merge-base [62ms]
2025-11-25 02:34:11.333 [warning] [Git][config] git config failed: Failed to execute git
2025-11-25 02:34:11.343 [info] > git config --get commit.template [107ms]
2025-11-25 02:34:11.343 [info] > git for-each-ref --format=%(refname)%00%(upstream:short)%00%(objectname)%00%(upstream:track)%00%(upstream:remotename)%00%(upstream:remoteref) refs/heads/main refs/remotes/main [115ms]
2025-11-25 02:34:11.346 [info] > git rev-parse --show-toplevel [18ms]
2025-11-25 02:34:11.347 [info] > git for-each-ref --sort -committerdate --format %(refname)%00%(objectname)%00%(*objectname) [28ms]
2025-11-25 02:34:11.358 [info] > git diff --name-status -z --diff-filter=ADMR --find-renames=50% b7c18827961630bcceac977966b4df2e2c5a5e93...refs/remotes/origin/main -- [63ms]
2025-11-25 02:34:11.368 [info] [Git][getRemotes] No remotes found in the git config file
2025-11-25 02:34:11.377 [info] > git reflog main --grep-reflog=branch: Created from *. [35ms]
2025-11-25 02:34:11.380 [info] > git for-each-ref --format=%(refname)%00%(upstream:short)%00%(objectname)%00%(upstream:track)%00%(upstream:remotename)%00%(upstream:remoteref) refs/heads/main refs/remotes/main [11ms]
2025-11-25 02:34:11.394 [info] > git merge-base refs/heads/main refs/remotes/origin/main [38ms]
2025-11-25 02:34:11.425 [info] > git status -z -uall [38ms]
2025-11-25 02:34:11.426 [info] > git status -z -uall [11ms]
2025-11-25 02:34:11.427 [info] > git for-each-ref --sort -committerdate --format %(refname)%00%(objectname)%00%(*objectname) [34ms]
2025-11-25 02:34:11.431 [info] > git rev-parse --git-dir --git-common-dir --show-superproject-working-tree [55ms]
2025-11-25 02:34:11.438 [info] [Model][openRepository] Opened repository (path): /home/seanos1a/nebula-ui
2025-11-25 02:34:11.438 [info] [Model][openRepository] Opened repository (real path): /home/seanos1a/nebula-ui
2025-11-25 02:34:11.438 [info] [Model][openRepository] Opened repository (kind): repository
2025-11-25 02:34:11.467 [info] > git for-each-ref --sort -committerdate --format %(refname)%00%(objectname)%00%(*objectname) [43ms]
2025-11-25 02:34:11.472 [info] > git diff --name-status -z --diff-filter=ADMR --find-renames=50% b7c18827961630bcceac977966b4df2e2c5a5e93...refs/remotes/origin/main -- [69ms]
2025-11-25 02:34:11.477 [info] > git rev-parse --show-toplevel [12ms]
2025-11-25 02:34:11.477 [info] fatal: not a git repository (or any of the parent directories): .git
2025-11-25 02:34:11.478 [info] > git config --get commit.template [25ms]
2025-11-25 02:34:11.508 [info] > git rev-parse --show-toplevel [15ms]
2025-11-25 02:34:11.520 [info] > git for-each-ref --format=%(refname)%00%(upstream:short)%00%(objectname)%00%(upstream:track)%00%(upstream:remotename)%00%(upstream:remoteref) refs/heads/master refs/remotes/master [14ms]
2025-11-25 02:34:11.545 [info] > git status -z -uall [11ms]
2025-11-25 02:34:11.546 [info] > git rev-parse --git-dir --git-common-dir --show-superproject-working-tree [27ms]
2025-11-25 02:34:11.553 [info] [Model][openRepository] Opened repository (path): /home/seanos1a/portfolio-hub
2025-11-25 02:34:11.553 [info] [Model][openRepository] Opened repository (real path): /home/seanos1a/portfolio-hub
2025-11-25 02:34:11.554 [info] [Model][openRepository] Opened repository (kind): repository
2025-11-25 02:34:11.577 [info] > git for-each-ref --sort -committerdate --format %(refname)%00%(objectname)%00%(*objectname) [34ms]
2025-11-25 02:34:11.602 [info] > git rev-parse --show-toplevel [25ms]
2025-11-25 02:34:11.602 [info] fatal: not a git repository (or any of the parent directories): .git
2025-11-25 02:34:11.602 [info] > git config --get commit.template [34ms]
2025-11-25 02:34:11.613 [info] > git config --get commit.template [12ms]
2025-11-25 02:34:11.613 [info] > git for-each-ref --format=%(refname)%00%(upstream:short)%00%(objectname)%00%(upstream:track)%00%(upstream:remotename)%00%(upstream:remoteref) refs/heads/master refs/remotes/master [25ms]
2025-11-25 02:34:11.626 [info] [Git][getRemotes] No remotes found in the git config file
2025-11-25 02:34:11.627 [info] > git rev-parse --show-toplevel [15ms]
2025-11-25 02:34:11.628 [info] fatal: not a git repository (or any of the parent directories): .git
2025-11-25 02:34:11.645 [info] > git config --get --local branch.master.vscode-merge-base [26ms]
2025-11-25 02:34:11.645 [warning] [Git][config] git config failed: Failed to execute git
2025-11-25 02:34:11.654 [info] > git rev-parse --show-toplevel [10ms]
2025-11-25 02:34:11.655 [info] > git for-each-ref --format=%(refname)%00%(upstream:short)%00%(objectname)%00%(upstream:track)%00%(upstream:remotename)%00%(upstream:remoteref) refs/heads/master refs/remotes/master [19ms]
2025-11-25 02:34:11.656 [info] > git for-each-ref --format=%(refname)%00%(upstream:short)%00%(objectname)%00%(upstream:track)%00%(upstream:remotename)%00%(upstream:remoteref) refs/heads/master refs/remotes/master [30ms]
2025-11-25 02:34:11.686 [info] > git status -z -uall [22ms]
2025-11-25 02:34:11.688 [info] > git reflog master --grep-reflog=branch: Created from *. [36ms]
2025-11-25 02:34:11.698 [info] > git rev-parse --git-dir --git-common-dir --show-superproject-working-tree [18ms]
2025-11-25 02:34:11.706 [info] [Model][openRepository] Opened repository (path): /home/seanos1a/sean-s-landing-page
2025-11-25 02:34:11.706 [info] [Model][openRepository] Opened repository (real path): /home/seanos1a/sean-s-landing-page
2025-11-25 02:34:11.706 [info] [Model][openRepository] Opened repository (kind): repository
2025-11-25 02:34:11.707 [info] > git for-each-ref --sort -committerdate --format %(refname)%00%(objectname)%00%(*objectname) [36ms]
2025-11-25 02:34:11.742 [info] > git for-each-ref --format=%(refname)%00%(upstream:short)%00%(objectname)%00%(upstream:track)%00%(upstream:remotename)%00%(upstream:remoteref) refs/heads/master refs/remotes/master [26ms]
2025-11-25 02:34:11.750 [info] > git symbolic-ref --short refs/remotes/origin/HEAD [53ms]
2025-11-25 02:34:11.750 [info] fatal: ref refs/remotes/origin/HEAD is not a symbolic ref
2025-11-25 02:34:11.750 [warning] [Repository][getDefaultBranch] Failed to get default branch details: Failed to execute git.
2025-11-25 02:34:11.775 [info] > git status -z -uall [9ms]
2025-11-25 02:34:11.775 [info] > git config --get --local branch.master.vscode-merge-base [26ms]
2025-11-25 02:34:11.775 [warning] [Git][config] git config failed: Failed to execute git
2025-11-25 02:34:11.783 [info] > git config --get commit.template [43ms]
2025-11-25 02:34:11.783 [info] > git rev-parse --show-toplevel [50ms]
2025-11-25 02:34:11.783 [info] fatal: not a git repository (or any of the parent directories): .git
2025-11-25 02:34:11.784 [info] > git config --get commit.template [56ms]
2025-11-25 02:34:11.798 [info] > git for-each-ref --sort -committerdate --format %(refname)%00%(objectname)%00%(*objectname) [25ms]
2025-11-25 02:34:11.814 [info] > git merge-base refs/heads/master refs/remotes/origin/master [57ms]
2025-11-25 02:34:11.841 [info] [Git][getRemotes] No remotes found in the git config file
2025-11-25 02:34:11.852 [info] > git merge-base refs/heads/master refs/remotes/origin/master [43ms]
2025-11-25 02:34:11.860 [info] > git rev-parse --show-toplevel [67ms]
2025-11-25 02:34:11.860 [info] fatal: not a git repository (or any of the parent directories): .git
2025-11-25 02:34:11.861 [info] > git reflog master --grep-reflog=branch: Created from *. [79ms]
2025-11-25 02:34:11.874 [info] > git for-each-ref --format=%(refname)%00%(upstream:short)%00%(objectname)%00%(upstream:track)%00%(upstream:remotename)%00%(upstream:remoteref) refs/heads/master refs/remotes/master [33ms]
2025-11-25 02:34:11.889 [info] > git for-each-ref --format=%(refname)%00%(upstream:short)%00%(objectname)%00%(upstream:track)%00%(upstream:remotename)%00%(upstream:remoteref) refs/heads/main refs/remotes/main [55ms]
2025-11-25 02:34:11.890 [info] > git diff --name-status -z --diff-filter=ADMR --find-renames=50% aba97bb16aa67935f756feaf00c52cca28099aa5...refs/remotes/origin/master -- [62ms]
2025-11-25 02:34:11.892 [info] > git status -z -uall [11ms]
2025-11-25 02:34:11.893 [info] > git rev-parse --show-toplevel [20ms]
2025-11-25 02:34:11.894 [info] fatal: not a git repository (or any of the parent directories): .git
2025-11-25 02:34:11.894 [info] > git diff --name-status -z --diff-filter=ADMR --find-renames=50% aba97bb16aa67935f756feaf00c52cca28099aa5...refs/remotes/origin/master -- [35ms]
2025-11-25 02:34:11.903 [info] > git for-each-ref --sort -committerdate --format %(refname)%00%(objectname)%00%(*objectname) [15ms]
2025-11-25 02:34:11.908 [info] > git rev-parse --show-toplevel [5ms]
2025-11-25 02:34:11.934 [info] > git status -z -uall [17ms]
2025-11-25 02:34:11.934 [info] > git for-each-ref --sort -committerdate --format %(refname)%00%(objectname)%00%(*objectname) [11ms]
2025-11-25 02:34:11.954 [info] > git for-each-ref --format=%(refname)%00%(upstream:short)%00%(objectname)%00%(upstream:track)%00%(upstream:remotename)%00%(upstream:remoteref) refs/heads/main refs/remotes/main [12ms]
2025-11-25 02:34:11.962 [info] > git rev-parse --git-dir --git-common-dir --show-superproject-working-tree [31ms]
2025-11-25 02:34:11.972 [info] [Model][openRepository] Opened repository (path): /home/seanos1a/yahtzee
2025-11-25 02:34:11.972 [info] [Model][openRepository] Opened repository (real path): /home/seanos1a/yahtzee
2025-11-25 02:34:11.972 [info] [Model][openRepository] Opened repository (kind): repository
2025-11-25 02:34:11.981 [info] [Model][doInitialScan] Initial repository scan completed - repositories (9), closed repositories (0), parent repositories (0), unsafe repositories (0)
2025-11-25 02:34:11.998 [info] > git config --get --local branch.main.vscode-merge-base [36ms]
2025-11-25 02:34:12.006 [info] > git config --get commit.template [54ms]
2025-11-25 02:34:12.008 [info] > git rev-parse --show-toplevel [11ms]
2025-11-25 02:34:12.008 [info] fatal: not a git repository (or any of the parent directories): .git
2025-11-25 02:34:12.008 [info] > git config --get commit.template [18ms]
2025-11-25 02:34:12.016 [info] > git for-each-ref --format=%(refname)%00%(upstream:short)%00%(objectname)%00%(upstream:track)%00%(upstream:remotename)%00%(upstream:remoteref) refs/heads/origin/main refs/remotes/origin/main [10ms]
2025-11-25 02:34:12.039 [info] > git for-each-ref --format=%(refname)%00%(upstream:short)%00%(objectname)%00%(upstream:track)%00%(upstream:remotename)%00%(upstream:remoteref) refs/heads/main refs/remotes/main [24ms]
2025-11-25 02:34:12.041 [info] > git for-each-ref --format=%(refname)%00%(upstream:short)%00%(objectname)%00%(upstream:track)%00%(upstream:remotename)%00%(upstream:remoteref) refs/heads/main refs/remotes/main [8ms]
2025-11-25 02:34:12.041 [info] > git merge-base refs/heads/main refs/remotes/origin/main [16ms]
2025-11-25 02:34:12.057 [warning] [Git][revParse] Unable to read file: ENOENT: no such file or directory, open '/home/seanos1a/yahtzee/.git/refs/remotes/origin/main'
2025-11-25 02:34:12.061 [info] > git diff --name-status -z --diff-filter=ADMR --find-renames=50% 25dd56946ebbdb0b4e2ade11948795965bb18cec...refs/remotes/origin/main -- [13ms]
2025-11-25 02:34:12.086 [info] > git status -z -uall [14ms]
2025-11-25 02:34:12.086 [info] > git rev-parse refs/remotes/origin/main [29ms]
2025-11-25 02:34:12.108 [info] > git status -z -uall [11ms]
2025-11-25 02:34:12.108 [info] > git for-each-ref --sort -committerdate --format %(refname)%00%(objectname)%00%(*objectname) [27ms]
2025-11-25 02:34:12.113 [info] > git for-each-ref --sort -committerdate --format %(refname)%00%(objectname)%00%(*objectname) [8ms]
2025-11-25 02:34:12.138 [info] > git for-each-ref --format=%(refname)%00%(upstream:short)%00%(objectname)%00%(upstream:track)%00%(upstream:remotename)%00%(upstream:remoteref) refs/heads/main refs/remotes/main [14ms]
2025-11-25 02:34:12.149 [info] > git config --get commit.template [13ms]
2025-11-25 02:34:12.158 [info] > git config --get --local branch.main.vscode-merge-base [11ms]
2025-11-25 02:34:12.171 [info] > git for-each-ref --format=%(refname)%00%(upstream:short)%00%(objectname)%00%(upstream:track)%00%(upstream:remotename)%00%(upstream:remoteref) refs/heads/main refs/remotes/main [15ms]
2025-11-25 02:34:12.179 [warning] [Git][revParse] Unable to read file: ENOENT: no such file or directory, open '/home/seanos1a/yahtzee/.git/refs/remotes/origin/main'
2025-11-25 02:34:12.180 [info] > git for-each-ref --format=%(refname)%00%(upstream:short)%00%(objectname)%00%(upstream:track)%00%(upstream:remotename)%00%(upstream:remoteref) refs/heads/origin/main refs/remotes/origin/main [14ms]
2025-11-25 02:34:12.189 [info] > git rev-parse refs/remotes/origin/main [10ms]
2025-11-25 02:34:12.203 [info] > git status -z -uall [8ms]
2025-11-25 02:34:12.204 [info] > git merge-base refs/heads/main refs/remotes/origin/main [16ms]
2025-11-25 02:34:12.212 [info] > git for-each-ref --sort -committerdate --format %(refname)%00%(objectname)%00%(*objectname) [11ms]
2025-11-25 02:34:12.222 [info] > git diff --name-status -z --diff-filter=ADMR --find-renames=50% 0be2243cbbf266187297093da44471024eb9a029...refs/remotes/origin/main -- [12ms]
2025-11-25 02:34:12.224 [info] > git merge-base refs/heads/main refs/remotes/origin/main [4ms]
2025-11-25 02:34:12.238 [info] > git diff --name-status -z --diff-filter=ADMR --find-renames=50% 0be2243cbbf266187297093da44471024eb9a029...refs/remotes/origin/main -- [6ms]
2025-11-25 02:43:16.838 [info] > git check-ignore -v -z --stdin [2ms]
2025-11-25 02:43:17.552 [info] > git check-ignore -v -z --stdin [7ms]
2025-11-25 02:43:17.554 [info] > git check-ignore -v -z --stdin [2ms]
2025-11-25 02:43:18.232 [info] > git check-ignore -v -z --stdin [24ms]
2025-11-25 02:43:18.233 [info] > git check-ignore -v -z --stdin [12ms]
2025-11-25 02:43:18.234 [info] > git check-ignore -v -z --stdin [6ms]
2025-11-25 02:43:18.234 [info] > git check-ignore -v -z --stdin [19ms]
2025-11-25 02:43:18.511 [info] > git rev-parse --show-toplevel [3ms]
2025-11-25 02:43:18.511 [info] fatal: not a git repository (or any of the parent directories): .git
2025-11-25 02:43:26.237 [info] > git check-ignore -v -z --stdin [8ms]
2025-11-25 02:43:26.238 [info] > git check-ignore -v -z --stdin [3ms]
2025-11-25 02:43:47.138 [info] > git rev-parse --show-toplevel [15ms]
2025-11-25 02:43:47.138 [info] fatal: not a git repository (or any of the parent directories): .git
2025-11-25 02:49:00.571 [info] > git rev-parse --show-toplevel [21ms]
2025-11-25 02:49:00.572 [info] fatal: not a git repository (or any of the parent directories): .git
