2025-11-23 12:08:28.284 [info] Reading sessions from keychain...
2025-11-23 12:08:28.284 [info] Getting sessions for all scopes...
2025-11-23 12:08:28.284 [info] Got 0 sessions for ...
2025-11-23 12:08:28.284 [info] Getting sessions for all scopes...
2025-11-23 12:08:28.284 [info] Got 0 sessions for ...
2025-11-23 12:08:28.284 [info] Getting sessions for all scopes...
2025-11-23 12:08:28.284 [info] Got 0 sessions for ...
2025-11-23 12:08:28.284 [info] Getting sessions for all scopes...
2025-11-23 12:08:28.284 [info] Got 0 sessions for ...
2025-11-23 12:08:28.478 [info] Getting sessions for all scopes...
2025-11-23 12:08:28.478 [info] Got 0 sessions for ...
2025-11-23 12:08:28.879 [info] Getting sessions for all scopes...
2025-11-23 12:08:28.879 [info] Got 0 sessions for ...
2025-11-23 12:08:30.375 [info] Getting sessions for read:user,repo,user:email,workflow...
2025-11-23 12:08:30.376 [info] Got 0 sessions for read:user,repo,user:email,workflow...
2025-11-23 12:08:31.048 [info] Getting sessions for read:user,repo,user:email,workflow...
2025-11-23 12:08:31.048 [info] Got 0 sessions for read:user,repo,user:email,workflow...
2025-11-23 12:08:31.688 [info] Getting sessions for read:user,repo,user:email,workflow...
2025-11-23 12:08:31.688 [info] Got 0 sessions for read:user,repo,user:email,workflow...
2025-11-23 12:08:32.335 [info] Getting sessions for read:user,repo,user:email,workflow...
2025-11-23 12:08:32.335 [info] Got 0 sessions for read:user,repo,user:email,workflow...
2025-11-23 12:08:32.967 [info] Getting sessions for read:user,repo,user:email,workflow...
2025-11-23 12:08:32.967 [info] Got 0 sessions for read:user,repo,user:email,workflow...
