2025-11-23 08:49:11.471 [info] Reading sessions from keychain...
2025-11-23 08:49:11.471 [info] Getting sessions for all scopes...
2025-11-23 08:49:11.471 [info] Got 0 sessions for ...
2025-11-23 08:49:11.471 [info] Getting sessions for all scopes...
2025-11-23 08:49:11.471 [info] Got 0 sessions for ...
2025-11-23 08:49:11.471 [info] Getting sessions for all scopes...
2025-11-23 08:49:11.471 [info] Got 0 sessions for ...
2025-11-23 08:49:11.471 [info] Getting sessions for all scopes...
2025-11-23 08:49:11.471 [info] Got 0 sessions for ...
2025-11-23 08:49:11.664 [info] Getting sessions for all scopes...
2025-11-23 08:49:11.664 [info] Got 0 sessions for ...
2025-11-23 08:49:13.167 [info] Getting sessions for read:user,repo,user:email,workflow...
2025-11-23 08:49:13.167 [info] Got 0 sessions for read:user,repo,user:email,workflow...
2025-11-23 08:49:13.785 [info] Getting sessions for read:user,repo,user:email,workflow...
2025-11-23 08:49:13.785 [info] Got 0 sessions for read:user,repo,user:email,workflow...
2025-11-23 08:49:14.391 [info] Getting sessions for read:user,repo,user:email,workflow...
2025-11-23 08:49:14.391 [info] Got 0 sessions for read:user,repo,user:email,workflow...
2025-11-23 08:49:15.004 [info] Getting sessions for read:user,repo,user:email,workflow...
2025-11-23 08:49:15.004 [info] Got 0 sessions for read:user,repo,user:email,workflow...
2025-11-23 08:49:15.625 [info] Getting sessions for read:user,repo,user:email,workflow...
2025-11-23 08:49:15.625 [info] Got 0 sessions for read:user,repo,user:email,workflow...
