2025-11-23 22:21:17.124 [info] Extension host with pid 924947 started
2025-11-23 22:21:17.124 [error] Error: EEXIST: file already exists, open '/home/seanos1a/.local/share/code-server-mobile/User/workspaceStorage/-52b5bf8b/vscode.lock'
2025-11-23 22:21:17.125 [info] Lock '/home/seanos1a/.local/share/code-server-mobile/User/workspaceStorage/-52b5bf8b/vscode.lock': Could not acquire lock, checking if the file is stale.
2025-11-23 22:21:17.126 [info] Lock '/home/seanos1a/.local/share/code-server-mobile/User/workspaceStorage/-52b5bf8b/vscode.lock': The lock does not look stale, elapsed: 25 ms, giving up.
2025-11-23 22:21:17.132 [info] Lock '/home/seanos1a/.local/share/code-server-mobile/User/workspaceStorage/-52b5bf8b-1/vscode.lock': Lock acquired.
2025-11-23 22:21:18.117 [info] ExtensionService#_doActivateExtension vscode.github-authentication, startup: false, activationEvent: 'onAuthenticationRequest:github'
2025-11-23 22:21:18.118 [info] ExtensionService#_doActivateExtension vscode.emmet, startup: false, activationEvent: 'onLanguage'
2025-11-23 22:21:18.764 [info] ExtensionService#_doActivateExtension vscode.git-base, startup: true, activationEvent: '*', root cause: vscode.git
2025-11-23 22:21:18.770 [info] ExtensionService#_doActivateExtension vscode.npm, startup: true, activationEvent: 'workspaceContains:package.json'
2025-11-23 22:21:19.110 [info] ExtensionService#_doActivateExtension vscode.git, startup: true, activationEvent: '*'
2025-11-23 22:21:19.111 [info] ExtensionService#_doActivateExtension vscode.github, startup: true, activationEvent: '*'
2025-11-23 22:21:19.725 [info] Eager extensions activated
2025-11-23 22:21:19.725 [info] ExtensionService#_doActivateExtension vscode.debug-auto-launch, startup: false, activationEvent: 'onStartupFinished'
2025-11-23 22:21:19.726 [info] ExtensionService#_doActivateExtension vscode.merge-conflict, startup: false, activationEvent: 'onStartupFinished'
2025-11-23 22:21:26.787 [info] ExtensionService#_doActivateExtension vscode.configuration-editing, startup: false, activationEvent: 'onLanguage:json'
2025-11-23 22:21:26.788 [info] ExtensionService#_doActivateExtension vscode.extension-editing, startup: false, activationEvent: 'onLanguage:json'
2025-11-23 22:21:26.788 [info] ExtensionService#_doActivateExtension vscode.json-language-features, startup: false, activationEvent: 'onLanguage:json'
2025-11-23 22:21:58.358 [info] ExtensionService#_doActivateExtension vscode.terminal-suggest, startup: false, activationEvent: 'onTerminalShellIntegration:*'
2025-11-23 22:34:43.934 [info] Extension host terminating: renderer disconnected for too long (2)
2025-11-23 22:34:43.935 [info] Lock '/home/seanos1a/.local/share/code-server-mobile/User/workspaceStorage/-52b5bf8b-1/vscode.lock': Marking the lockfile as scheduled to be released in 6000 ms.
2025-11-23 22:34:43.994 [info] Extension host with pid 924947 exiting with code 0
