2025-11-25 02:16:29.461 [info] Extension host with pid 650627 started
2025-11-25 02:16:29.471 [info] Lock '/home/seanos1a/.local/share/code-server-mobile/User/workspaceStorage/-52b5bf8b/vscode.lock': Lock acquired.
2025-11-25 02:16:33.236 [info] ExtensionService#_doActivateExtension vscode.github-authentication, startup: false, activationEvent: 'onAuthenticationRequest:github'
2025-11-25 02:16:33.238 [info] ExtensionService#_doActivateExtension vscode.extension-editing, startup: false, activationEvent: 'onLanguage:markdown'
2025-11-25 02:16:33.238 [info] ExtensionService#_doActivateExtension vscode.markdown-language-features, startup: false, activationEvent: 'onLanguage:markdown'
2025-11-25 02:16:33.239 [info] ExtensionService#_doActivateExtension vscode.emmet, startup: false, activationEvent: 'onLanguage'
2025-11-25 02:16:34.241 [info] ExtensionService#_doActivateExtension vscode.git-base, startup: true, activationEvent: '*', root cause: vscode.git
2025-11-25 02:16:34.247 [info] ExtensionService#_doActivateExtension vscode.npm, startup: true, activationEvent: 'workspaceContains:package.json'
2025-11-25 02:16:35.826 [info] ExtensionService#_doActivateExtension vscode.git, startup: true, activationEvent: '*'
2025-11-25 02:16:35.826 [info] ExtensionService#_doActivateExtension vscode.github, startup: true, activationEvent: '*'
2025-11-25 02:16:44.245 [info] ExtensionService#_doActivateExtension vscode.debug-auto-launch, startup: false, activationEvent: 'onStartupFinished'
2025-11-25 02:16:44.246 [info] ExtensionService#_doActivateExtension vscode.merge-conflict, startup: false, activationEvent: 'onStartupFinished'
2025-11-25 02:16:45.036 [info] ExtensionService#_doActivateExtension vscode.markdown-math, startup: false, activationEvent: 'api', root cause: vscode.markdown-language-features
2025-11-25 02:16:45.518 [info] Eager extensions activated
2025-11-25 02:30:13.985 [info] Extension host terminating: renderer disconnected for too long (2)
2025-11-25 02:30:13.986 [info] Lock '/home/seanos1a/.local/share/code-server-mobile/User/workspaceStorage/-52b5bf8b/vscode.lock': Marking the lockfile as scheduled to be released in 6000 ms.
2025-11-25 02:30:14.039 [error] ProxyResolver#resolveProxy undefined Canceled: Canceled
	at ql (file:///usr/lib/code-server/lib/vscode/out/vs/workbench/api/node/extensionHostProcess.js:7:1394)
	at file:///usr/lib/code-server/lib/vscode/out/vs/workbench/api/node/extensionHostProcess.js:29:127460
	at Array.forEach (<anonymous>)
	at JS.dispose (file:///usr/lib/code-server/lib/vscode/out/vs/workbench/api/node/extensionHostProcess.js:29:127400)
	at $X.terminate (file:///usr/lib/code-server/lib/vscode/out/vs/workbench/api/node/extensionHostProcess.js:118:10208)
	at nN.terminate (file:///usr/lib/code-server/lib/vscode/out/vs/workbench/api/node/extensionHostProcess.js:120:914)
	at Us (file:///usr/lib/code-server/lib/vscode/out/vs/workbench/api/node/extensionHostProcess.js:402:10412)
	at Y5.a (file:///usr/lib/code-server/lib/vscode/out/vs/workbench/api/node/extensionHostProcess.js:402:7314)
	at Y5.h (file:///usr/lib/code-server/lib/vscode/out/vs/workbench/api/node/extensionHostProcess.js:28:76723)
	at listOnTimeout (node:internal/timers:588:17)
	at process.processTimers (node:internal/timers:523:7) 
2025-11-25 02:30:14.059 [info] Extension host with pid 650627 exiting with code 0
