2025-11-24 01:00:53.337 [info] Extension host with pid 1018718 started
2025-11-24 01:00:53.337 [error] Error: EEXIST: file already exists, open '/home/seanos1a/.local/share/code-server-mobile/User/workspaceStorage/-52b5bf8b/vscode.lock'
2025-11-24 01:00:53.338 [info] Lock '/home/seanos1a/.local/share/code-server-mobile/User/workspaceStorage/-52b5bf8b/vscode.lock': Could not acquire lock, checking if the file is stale.
2025-11-24 01:00:53.339 [info] Lock '/home/seanos1a/.local/share/code-server-mobile/User/workspaceStorage/-52b5bf8b/vscode.lock': The lock does not look stale, elapsed: 296 ms, giving up.
2025-11-24 01:00:53.345 [info] Lock '/home/seanos1a/.local/share/code-server-mobile/User/workspaceStorage/-52b5bf8b-1/vscode.lock': Lock acquired.
2025-11-24 01:00:53.818 [info] ExtensionService#_doActivateExtension vscode.github-authentication, startup: false, activationEvent: 'onAuthenticationRequest:github'
2025-11-24 01:00:53.820 [info] ExtensionService#_doActivateExtension vscode.emmet, startup: false, activationEvent: 'onLanguage'
2025-11-24 01:00:54.221 [info] ExtensionService#_doActivateExtension vscode.git-base, startup: true, activationEvent: '*', root cause: vscode.git
2025-11-24 01:00:54.228 [info] ExtensionService#_doActivateExtension vscode.npm, startup: true, activationEvent: 'workspaceContains:package.json'
2025-11-24 01:00:54.526 [info] ExtensionService#_doActivateExtension vscode.git, startup: true, activationEvent: '*'
2025-11-24 01:00:54.526 [info] ExtensionService#_doActivateExtension vscode.github, startup: true, activationEvent: '*'
2025-11-24 01:00:54.965 [info] Eager extensions activated
2025-11-24 01:00:54.966 [info] ExtensionService#_doActivateExtension vscode.debug-auto-launch, startup: false, activationEvent: 'onStartupFinished'
2025-11-24 01:00:54.966 [info] ExtensionService#_doActivateExtension vscode.merge-conflict, startup: false, activationEvent: 'onStartupFinished'
2025-11-24 01:01:00.173 [info] ExtensionService#_doActivateExtension vscode.terminal-suggest, startup: false, activationEvent: 'onTerminalShellIntegration:*'
2025-11-24 01:01:01.571 [info] ExtensionService#_doActivateExtension vscode.configuration-editing, startup: false, activationEvent: 'onLanguage:json'
2025-11-24 01:01:01.572 [info] ExtensionService#_doActivateExtension vscode.extension-editing, startup: false, activationEvent: 'onLanguage:json'
2025-11-24 01:01:01.573 [info] ExtensionService#_doActivateExtension vscode.json-language-features, startup: false, activationEvent: 'onLanguage:json'
2025-11-24 01:07:48.634 [info] Extension host terminating: received terminate message from renderer
2025-11-24 01:07:48.635 [info] Lock '/home/seanos1a/.local/share/code-server-mobile/User/workspaceStorage/-52b5bf8b-1/vscode.lock': Marking the lockfile as scheduled to be released in 6000 ms.
2025-11-24 01:07:48.706 [info] Extension host with pid 1018718 exiting with code 0
