2025-11-24 01:00:54.650 [info] Reading sessions from keychain...
2025-11-24 01:00:54.650 [info] Getting sessions for all scopes...
2025-11-24 01:00:54.650 [info] Got 0 sessions for ...
2025-11-24 01:00:54.650 [info] Getting sessions for all scopes...
2025-11-24 01:00:54.650 [info] Got 0 sessions for ...
2025-11-24 01:00:54.650 [info] Getting sessions for all scopes...
2025-11-24 01:00:54.650 [info] Got 0 sessions for ...
2025-11-24 01:00:54.650 [info] Getting sessions for all scopes...
2025-11-24 01:00:54.650 [info] Got 0 sessions for ...
2025-11-24 01:00:54.853 [info] Getting sessions for all scopes...
2025-11-24 01:00:54.854 [info] Got 0 sessions for ...
2025-11-24 01:00:55.169 [info] Getting sessions for all scopes...
2025-11-24 01:00:55.169 [info] Got 0 sessions for ...
2025-11-24 01:00:58.793 [info] Getting sessions for read:user,repo,user:email,workflow...
2025-11-24 01:00:58.793 [info] Got 0 sessions for read:user,repo,user:email,workflow...
2025-11-24 01:00:59.551 [info] Getting sessions for read:user,repo,user:email,workflow...
2025-11-24 01:00:59.551 [info] Got 0 sessions for read:user,repo,user:email,workflow...
2025-11-24 01:01:00.361 [info] Getting sessions for read:user,repo,user:email,workflow...
2025-11-24 01:01:00.362 [info] Got 0 sessions for read:user,repo,user:email,workflow...
2025-11-24 01:01:01.305 [info] Getting sessions for read:user,repo,user:email,workflow...
2025-11-24 01:01:01.305 [info] Got 0 sessions for read:user,repo,user:email,workflow...
2025-11-24 01:01:02.633 [info] Getting sessions for read:user,repo,user:email,workflow...
2025-11-24 01:01:02.633 [info] Got 0 sessions for read:user,repo,user:email,workflow...
