2025-11-23 04:19:46.748 [info] Reading sessions from keychain...
2025-11-23 04:19:46.748 [info] Getting sessions for all scopes...
2025-11-23 04:19:46.748 [info] Got 0 sessions for ...
2025-11-23 04:19:46.748 [info] Getting sessions for all scopes...
2025-11-23 04:19:46.748 [info] Got 0 sessions for ...
2025-11-23 04:19:46.748 [info] Getting sessions for all scopes...
2025-11-23 04:19:46.748 [info] Got 0 sessions for ...
2025-11-23 04:19:46.748 [info] Getting sessions for all scopes...
2025-11-23 04:19:46.748 [info] Got 0 sessions for ...
2025-11-23 04:19:46.974 [info] Getting sessions for all scopes...
2025-11-23 04:19:46.974 [info] Got 0 sessions for ...
2025-11-23 04:19:48.575 [info] Getting sessions for read:user,repo,user:email,workflow...
2025-11-23 04:19:48.576 [info] Got 0 sessions for read:user,repo,user:email,workflow...
2025-11-23 04:19:49.249 [info] Getting sessions for read:user,repo,user:email,workflow...
2025-11-23 04:19:49.249 [info] Got 0 sessions for read:user,repo,user:email,workflow...
2025-11-23 04:19:49.904 [info] Getting sessions for read:user,repo,user:email,workflow...
2025-11-23 04:19:49.907 [info] Got 0 sessions for read:user,repo,user:email,workflow...
2025-11-23 04:19:50.554 [info] Getting sessions for read:user,repo,user:email,workflow...
2025-11-23 04:19:50.554 [info] Got 0 sessions for read:user,repo,user:email,workflow...
2025-11-23 04:19:51.206 [info] Getting sessions for read:user,repo,user:email,workflow...
2025-11-23 04:19:51.206 [info] Got 0 sessions for read:user,repo,user:email,workflow...
