2025-11-25 02:16:46.328 [info] [main] Log level: Info
2025-11-25 02:16:46.328 [info] [main] Validating found git in: "git"
2025-11-25 02:16:46.328 [info] [main] Using git "2.47.3" from "git"
2025-11-25 02:16:46.328 [info] [Model][doInitialScan] Initial repository scan started
2025-11-25 02:16:46.328 [info] > git rev-parse --show-toplevel [3ms]
2025-11-25 02:16:46.328 [info] fatal: not a git repository (or any of the parent directories): .git
2025-11-25 02:16:46.328 [info] > git rev-parse --show-toplevel [2ms]
2025-11-25 02:16:46.328 [info] fatal: not a git repository (or any of the parent directories): .git
2025-11-25 02:16:46.328 [info] > git rev-parse --show-toplevel [2ms]
2025-11-25 02:16:46.328 [info] fatal: not a git repository (or any of the parent directories): .git
2025-11-25 02:16:46.328 [info] > git rev-parse --show-toplevel [2ms]
2025-11-25 02:16:46.328 [info] fatal: not a git repository (or any of the parent directories): .git
2025-11-25 02:16:46.328 [info] > git rev-parse --show-toplevel [1ms]
2025-11-25 02:16:46.328 [info] fatal: not a git repository (or any of the parent directories): .git
2025-11-25 02:16:46.328 [info] > git rev-parse --show-toplevel [1ms]
2025-11-25 02:16:46.328 [info] fatal: not a git repository (or any of the parent directories): .git
2025-11-25 02:16:46.328 [info] > git rev-parse --show-toplevel [2ms]
2025-11-25 02:16:46.329 [info] fatal: not a git repository (or any of the parent directories): .git
2025-11-25 02:16:46.329 [info] > git rev-parse --show-toplevel [2ms]
2025-11-25 02:16:46.329 [info] fatal: not a git repository (or any of the parent directories): .git
2025-11-25 02:16:46.329 [info] > git rev-parse --show-toplevel [2ms]
2025-11-25 02:16:46.329 [info] fatal: not a git repository (or any of the parent directories): .git
2025-11-25 02:16:46.329 [info] > git rev-parse --show-toplevel [2ms]
2025-11-25 02:16:46.329 [info] fatal: not a git repository (or any of the parent directories): .git
2025-11-25 02:16:46.329 [info] > git rev-parse --show-toplevel [2ms]
2025-11-25 02:16:46.329 [info] fatal: not a git repository (or any of the parent directories): .git
2025-11-25 02:16:46.329 [info] > git rev-parse --show-toplevel [2ms]
2025-11-25 02:16:46.329 [info] fatal: not a git repository (or any of the parent directories): .git
2025-11-25 02:16:46.329 [info] > git rev-parse --show-toplevel [2ms]
2025-11-25 02:16:46.329 [info] fatal: not a git repository (or any of the parent directories): .git
2025-11-25 02:16:46.329 [info] > git rev-parse --show-toplevel [2ms]
2025-11-25 02:16:46.329 [info] fatal: not a git repository (or any of the parent directories): .git
2025-11-25 02:16:46.329 [info] > git rev-parse --show-toplevel [2ms]
2025-11-25 02:16:46.329 [info] fatal: not a git repository (or any of the parent directories): .git
2025-11-25 02:16:46.329 [info] > git rev-parse --show-toplevel [1ms]
2025-11-25 02:16:46.329 [info] fatal: not a git repository (or any of the parent directories): .git
2025-11-25 02:16:46.329 [info] > git rev-parse --show-toplevel [2ms]
2025-11-25 02:16:46.329 [info] fatal: not a git repository (or any of the parent directories): .git
2025-11-25 02:16:46.329 [info] > git rev-parse --show-toplevel [2ms]
2025-11-25 02:16:46.329 [info] fatal: not a git repository (or any of the parent directories): .git
2025-11-25 02:16:46.329 [info] > git rev-parse --show-toplevel [2ms]
2025-11-25 02:16:46.329 [info] fatal: not a git repository (or any of the parent directories): .git
2025-11-25 02:16:46.329 [info] > git rev-parse --show-toplevel [1ms]
2025-11-25 02:16:46.329 [info] fatal: not a git repository (or any of the parent directories): .git
2025-11-25 02:16:46.329 [info] > git rev-parse --show-toplevel [2ms]
2025-11-25 02:16:46.329 [info] fatal: not a git repository (or any of the parent directories): .git
2025-11-25 02:16:46.329 [info] > git rev-parse --show-toplevel [2ms]
2025-11-25 02:16:46.329 [info] fatal: not a git repository (or any of the parent directories): .git
2025-11-25 02:16:46.329 [info] > git rev-parse --show-toplevel [1ms]
2025-11-25 02:16:46.329 [info] fatal: not a git repository (or any of the parent directories): .git
2025-11-25 02:16:46.329 [info] > git rev-parse --show-toplevel [2ms]
2025-11-25 02:16:46.329 [info] fatal: not a git repository (or any of the parent directories): .git
2025-11-25 02:16:46.329 [info] > git rev-parse --show-toplevel [1ms]
2025-11-25 02:16:46.329 [info] fatal: not a git repository (or any of the parent directories): .git
2025-11-25 02:16:46.329 [info] > git rev-parse --show-toplevel [1ms]
2025-11-25 02:16:46.329 [info] > git rev-parse --git-dir --git-common-dir --show-superproject-working-tree [4ms]
2025-11-25 02:16:46.329 [info] [Model][openRepository] Opened repository (path): /home/seanos1a/ecommerce-dash
2025-11-25 02:16:46.329 [info] [Model][openRepository] Opened repository (real path): /home/seanos1a/ecommerce-dash
2025-11-25 02:16:46.329 [info] [Model][openRepository] Opened repository (kind): repository
2025-11-25 02:16:46.329 [info] > git config --get commit.template [5ms]
2025-11-25 02:16:46.329 [info] > git rev-parse --show-toplevel [2ms]
2025-11-25 02:16:46.329 [info] > git for-each-ref --format=%(refname)%00%(upstream:short)%00%(objectname)%00%(upstream:track)%00%(upstream:remotename)%00%(upstream:remoteref) refs/heads/master refs/remotes/master [11ms]
2025-11-25 02:16:46.329 [info] > git status -z -uall [8ms]
2025-11-25 02:16:46.329 [info] > git rev-parse --git-dir --git-common-dir --show-superproject-working-tree [22ms]
2025-11-25 02:16:46.329 [info] [Model][openRepository] Opened repository (path): /home/seanos1a/ecotracker-app
2025-11-25 02:16:46.329 [info] [Model][openRepository] Opened repository (real path): /home/seanos1a/ecotracker-app
2025-11-25 02:16:46.329 [info] [Model][openRepository] Opened repository (kind): repository
2025-11-25 02:16:46.329 [info] > git for-each-ref --sort -committerdate --format %(refname)%00%(objectname)%00%(*objectname) [20ms]
2025-11-25 02:16:46.329 [info] > git for-each-ref --format=%(refname)%00%(upstream:short)%00%(objectname)%00%(upstream:track)%00%(upstream:remotename)%00%(upstream:remoteref) refs/heads/master refs/remotes/master [22ms]
2025-11-25 02:16:46.329 [info] > git rev-parse --show-toplevel [60ms]
2025-11-25 02:16:46.329 [info] fatal: not a git repository (or any of the parent directories): .git
2025-11-25 02:16:46.329 [info] > git config --get commit.template [65ms]
2025-11-25 02:16:46.329 [info] > git config --get commit.template [21ms]
2025-11-25 02:16:46.329 [info] > git config --get --local branch.master.vscode-merge-base [13ms]
2025-11-25 02:16:46.329 [warning] [Git][config] git config failed: Failed to execute git
2025-11-25 02:16:46.329 [info] > git for-each-ref --format=%(refname)%00%(upstream:short)%00%(objectname)%00%(upstream:track)%00%(upstream:remotename)%00%(upstream:remoteref) refs/heads/master refs/remotes/master [13ms]
2025-11-25 02:16:46.329 [info] > git rev-parse --show-toplevel [18ms]
2025-11-25 02:16:46.329 [info] fatal: not a git repository (or any of the parent directories): .git
2025-11-25 02:16:46.329 [info] > git for-each-ref --format=%(refname)%00%(upstream:short)%00%(objectname)%00%(upstream:track)%00%(upstream:remotename)%00%(upstream:remoteref) refs/heads/master refs/remotes/master [2ms]
2025-11-25 02:16:46.329 [info] > git reflog master --grep-reflog=branch: Created from *. [17ms]
2025-11-25 02:16:46.329 [info] > git status -z -uall [14ms]
2025-11-25 02:16:46.329 [info] > git for-each-ref --sort -committerdate --format %(refname)%00%(objectname)%00%(*objectname) [10ms]
2025-11-25 02:16:46.329 [info] > git rev-parse --show-toplevel [33ms]
2025-11-25 02:16:46.329 [info] > git symbolic-ref --short refs/remotes/origin/HEAD [38ms]
2025-11-25 02:16:46.329 [info] fatal: ref refs/remotes/origin/HEAD is not a symbolic ref
2025-11-25 02:16:46.329 [warning] [Repository][getDefaultBranch] Failed to get default branch details: Failed to execute git.
2025-11-25 02:16:46.329 [info] > git status -z -uall [11ms]
2025-11-25 02:16:46.329 [info] > git for-each-ref --sort -committerdate --format %(refname)%00%(objectname)%00%(*objectname) [6ms]
2025-11-25 02:16:46.329 [info] > git rev-parse --git-dir --git-common-dir --show-superproject-working-tree [19ms]
2025-11-25 02:16:46.329 [info] [Model][openRepository] Opened repository (path): /home/seanos1a/global-news-ai
2025-11-25 02:16:46.329 [info] [Model][openRepository] Opened repository (real path): /home/seanos1a/global-news-ai
2025-11-25 02:16:46.329 [info] [Model][openRepository] Opened repository (kind): repository
2025-11-25 02:16:46.329 [info] > git config --get commit.template [17ms]
2025-11-25 02:16:46.329 [info] > git for-each-ref --format=%(refname)%00%(upstream:short)%00%(objectname)%00%(upstream:track)%00%(upstream:remotename)%00%(upstream:remoteref) refs/heads/master refs/remotes/master [25ms]
2025-11-25 02:16:46.329 [info] > git rev-parse --show-toplevel [7ms]
2025-11-25 02:16:46.329 [info] > git config --get commit.template [12ms]
2025-11-25 02:16:46.329 [info] > git config --get --local branch.master.vscode-merge-base [20ms]
2025-11-25 02:16:46.329 [warning] [Git][config] git config failed: Failed to execute git
2025-11-25 02:16:46.329 [info] > git for-each-ref --format=%(refname)%00%(upstream:short)%00%(objectname)%00%(upstream:track)%00%(upstream:remotename)%00%(upstream:remoteref) refs/heads/master refs/remotes/master [19ms]
2025-11-25 02:16:46.329 [info] > git for-each-ref --format=%(refname)%00%(upstream:short)%00%(objectname)%00%(upstream:track)%00%(upstream:remotename)%00%(upstream:remoteref) refs/heads/main refs/remotes/main [7ms]
2025-11-25 02:16:46.329 [info] > git rev-parse --git-dir --git-common-dir --show-superproject-working-tree [15ms]
2025-11-25 02:16:46.329 [info] [Model][openRepository] Opened repository (path): /home/seanos1a/h2h
2025-11-25 02:16:46.329 [info] [Model][openRepository] Opened repository (real path): /home/seanos1a/h2h
2025-11-25 02:16:46.329 [info] [Model][openRepository] Opened repository (kind): repository
2025-11-25 02:16:46.329 [info] > git reflog master --grep-reflog=branch: Created from *. [20ms]
2025-11-25 02:16:46.329 [info] > git rev-parse --show-toplevel [7ms]
2025-11-25 02:16:46.329 [info] > git config --get commit.template [12ms]
2025-11-25 02:16:46.329 [info] > git status -z -uall [46ms]
2025-11-25 02:16:46.329 [info] > git symbolic-ref --short refs/remotes/origin/HEAD [53ms]
2025-11-25 02:16:46.329 [info] fatal: ref refs/remotes/origin/HEAD is not a symbolic ref
2025-11-25 02:16:46.329 [warning] [Repository][getDefaultBranch] Failed to get default branch details: Failed to execute git.
2025-11-25 02:16:46.329 [info] > git status -z -uall [12ms]
2025-11-25 02:16:46.329 [info] > git rev-parse --git-dir --git-common-dir --show-superproject-working-tree [26ms]
2025-11-25 02:16:46.329 [info] [Model][openRepository] Opened repository (path): /home/seanos1a/hyperspeed
2025-11-25 02:16:46.329 [info] [Model][openRepository] Opened repository (real path): /home/seanos1a/hyperspeed
2025-11-25 02:16:46.329 [info] [Model][openRepository] Opened repository (kind): repository
2025-11-25 02:16:46.329 [info] > git for-each-ref --sort -committerdate --format %(refname)%00%(objectname)%00%(*objectname) [73ms]
2025-11-25 02:16:46.329 [info] > git merge-base refs/heads/master refs/remotes/origin/master [16ms]
2025-11-25 02:16:46.329 [info] > git for-each-ref --format=%(refname)%00%(upstream:short)%00%(objectname)%00%(upstream:track)%00%(upstream:remotename)%00%(upstream:remoteref) refs/heads/main refs/remotes/main [41ms]
2025-11-25 02:16:46.329 [info] > git for-each-ref --sort -committerdate --format %(refname)%00%(objectname)%00%(*objectname) [46ms]
2025-11-25 02:16:46.329 [info] > git merge-base refs/heads/master refs/remotes/origin/master [68ms]
2025-11-25 02:16:46.329 [info] > git for-each-ref --format=%(refname)%00%(upstream:short)%00%(objectname)%00%(upstream:track)%00%(upstream:remotename)%00%(upstream:remoteref) refs/heads/main refs/remotes/main [25ms]
2025-11-25 02:16:46.329 [info] > git diff --name-status -z --diff-filter=ADMR --find-renames=50% 4a574ee18c7cb85a34ff5f3667cc817648dae83b...refs/remotes/origin/master -- [41ms]
2025-11-25 02:16:46.329 [info] > git rev-parse --show-toplevel [51ms]
2025-11-25 02:16:46.329 [info] fatal: not a git repository (or any of the parent directories): .git
2025-11-25 02:16:46.329 [info] > git config --get commit.template [57ms]
2025-11-25 02:16:46.329 [info] > git config --get --local branch.main.vscode-merge-base [7ms]
2025-11-25 02:16:46.329 [warning] [Git][config] git config failed: Failed to execute git
2025-11-25 02:16:46.329 [info] > git config --get commit.template [32ms]
2025-11-25 02:16:46.329 [info] > git diff --name-status -z --diff-filter=ADMR --find-renames=50% 4a574ee18c7cb85a34ff5f3667cc817648dae83b...refs/remotes/origin/master -- [37ms]
2025-11-25 02:16:46.329 [info] [Git][getRemotes] No remotes found in the git config file
2025-11-25 02:16:46.329 [info] > git rev-parse --show-toplevel [12ms]
2025-11-25 02:16:46.329 [info] fatal: not a git repository (or any of the parent directories): .git
2025-11-25 02:16:46.329 [info] > git reflog main --grep-reflog=branch: Created from *. [22ms]
2025-11-25 02:16:46.329 [info] > git status -z -uall [21ms]
2025-11-25 02:16:46.329 [info] > git for-each-ref --format=%(refname)%00%(upstream:short)%00%(objectname)%00%(upstream:track)%00%(upstream:remotename)%00%(upstream:remoteref) refs/heads/main refs/remotes/main [11ms]
2025-11-25 02:16:46.329 [info] > git for-each-ref --sort -committerdate --format %(refname)%00%(objectname)%00%(*objectname) [16ms]
2025-11-25 02:16:46.329 [info] > git for-each-ref --format=%(refname)%00%(upstream:short)%00%(objectname)%00%(upstream:track)%00%(upstream:remotename)%00%(upstream:remoteref) refs/heads/main refs/remotes/main [38ms]
2025-11-25 02:16:46.329 [info] > git status -z -uall [17ms]
2025-11-25 02:16:46.329 [info] > git for-each-ref --format=%(refname)%00%(upstream:short)%00%(objectname)%00%(upstream:track)%00%(upstream:remotename)%00%(upstream:remoteref) refs/heads/main refs/remotes/main [23ms]
2025-11-25 02:16:46.329 [info] > git rev-parse --show-toplevel [39ms]
2025-11-25 02:16:46.329 [info] fatal: not a git repository (or any of the parent directories): .git
2025-11-25 02:16:46.329 [info] > git symbolic-ref --short refs/remotes/origin/HEAD [43ms]
2025-11-25 02:16:46.329 [info] fatal: ref refs/remotes/origin/HEAD is not a symbolic ref
2025-11-25 02:16:46.329 [warning] [Repository][getDefaultBranch] Failed to get default branch details: Failed to execute git.
2025-11-25 02:16:46.329 [info] > git config --get --local branch.main.vscode-merge-base [11ms]
2025-11-25 02:16:46.329 [info] > git config --get commit.template [23ms]
2025-11-25 02:16:46.329 [info] > git for-each-ref --sort -committerdate --format %(refname)%00%(objectname)%00%(*objectname) [33ms]
2025-11-25 02:16:46.329 [info] > git for-each-ref --format=%(refname)%00%(upstream:short)%00%(objectname)%00%(upstream:track)%00%(upstream:remotename)%00%(upstream:remoteref) refs/heads/main refs/remotes/main [8ms]
2025-11-25 02:16:46.329 [info] > git for-each-ref --format=%(refname)%00%(upstream:short)%00%(objectname)%00%(upstream:track)%00%(upstream:remotename)%00%(upstream:remoteref) refs/heads/origin/main refs/remotes/origin/main [19ms]
2025-11-25 02:16:46.329 [info] > git rev-parse --show-toplevel [30ms]
2025-11-25 02:16:46.329 [info] fatal: not a git repository (or any of the parent directories): .git
2025-11-25 02:16:46.329 [info] > git merge-base refs/heads/main refs/remotes/origin/main [35ms]
2025-11-25 02:16:46.335 [info] > git status -z -uall [16ms]
2025-11-25 02:16:46.335 [info] > git merge-base refs/heads/main refs/remotes/origin/main [26ms]
2025-11-25 02:16:46.341 [info] > git config --get --local branch.main.vscode-merge-base [35ms]
2025-11-25 02:16:46.341 [warning] [Git][config] git config failed: Failed to execute git
2025-11-25 02:16:46.345 [info] > git config --get commit.template [46ms]
2025-11-25 02:16:46.347 [info] > git diff --name-status -z --diff-filter=ADMR --find-renames=50% 18aa206a9aa4d0533e4132115d59c7c550acdc11...refs/remotes/origin/main -- [7ms]
2025-11-25 02:16:46.348 [info] > git rev-parse --show-toplevel [14ms]
2025-11-25 02:16:46.348 [info] > git for-each-ref --format=%(refname)%00%(upstream:short)%00%(objectname)%00%(upstream:track)%00%(upstream:remotename)%00%(upstream:remoteref) refs/heads/main refs/remotes/main [20ms]
2025-11-25 02:16:46.348 [info] > git for-each-ref --sort -committerdate --format %(refname)%00%(objectname)%00%(*objectname) [25ms]
2025-11-25 02:16:46.355 [info] > git diff --name-status -z --diff-filter=ADMR --find-renames=50% b7c18827961630bcceac977966b4df2e2c5a5e93...refs/remotes/origin/main -- [40ms]
2025-11-25 02:16:46.360 [info] [Git][getRemotes] No remotes found in the git config file
2025-11-25 02:16:46.366 [info] > git reflog main --grep-reflog=branch: Created from *. [21ms]
2025-11-25 02:16:46.368 [info] > git for-each-ref --format=%(refname)%00%(upstream:short)%00%(objectname)%00%(upstream:track)%00%(upstream:remotename)%00%(upstream:remoteref) refs/heads/main refs/remotes/main [8ms]
2025-11-25 02:16:46.377 [info] > git merge-base refs/heads/main refs/remotes/origin/main [23ms]
2025-11-25 02:16:46.383 [info] > git status -z -uall [11ms]
2025-11-25 02:16:46.383 [info] > git for-each-ref --sort -committerdate --format %(refname)%00%(objectname)%00%(*objectname) [6ms]
2025-11-25 02:16:46.386 [info] > git rev-parse --git-dir --git-common-dir --show-superproject-working-tree [21ms]
2025-11-25 02:16:46.390 [info] [Model][openRepository] Opened repository (path): /home/seanos1a/nebula-ui
2025-11-25 02:16:46.390 [info] [Model][openRepository] Opened repository (real path): /home/seanos1a/nebula-ui
2025-11-25 02:16:46.390 [info] [Model][openRepository] Opened repository (kind): repository
2025-11-25 02:16:46.409 [info] > git status -z -uall [14ms]
2025-11-25 02:16:46.409 [info] > git diff --name-status -z --diff-filter=ADMR --find-renames=50% b7c18827961630bcceac977966b4df2e2c5a5e93...refs/remotes/origin/main -- [27ms]
2025-11-25 02:16:46.412 [info] > git rev-parse --show-toplevel [4ms]
2025-11-25 02:16:46.412 [info] fatal: not a git repository (or any of the parent directories): .git
2025-11-25 02:16:46.413 [info] > git config --get commit.template [8ms]
2025-11-25 02:16:46.413 [info] > git for-each-ref --sort -committerdate --format %(refname)%00%(objectname)%00%(*objectname) [14ms]
2025-11-25 02:16:46.429 [info] > git rev-parse --show-toplevel [9ms]
2025-11-25 02:16:46.430 [info] > git for-each-ref --format=%(refname)%00%(upstream:short)%00%(objectname)%00%(upstream:track)%00%(upstream:remotename)%00%(upstream:remoteref) refs/heads/master refs/remotes/master [6ms]
2025-11-25 02:16:46.447 [info] > git status -z -uall [5ms]
2025-11-25 02:16:46.447 [info] > git rev-parse --git-dir --git-common-dir --show-superproject-working-tree [12ms]
2025-11-25 02:16:46.451 [info] [Model][openRepository] Opened repository (path): /home/seanos1a/portfolio-hub
2025-11-25 02:16:46.451 [info] [Model][openRepository] Opened repository (real path): /home/seanos1a/portfolio-hub
2025-11-25 02:16:46.451 [info] [Model][openRepository] Opened repository (kind): repository
2025-11-25 02:16:46.462 [info] > git for-each-ref --sort -committerdate --format %(refname)%00%(objectname)%00%(*objectname) [16ms]
2025-11-25 02:16:46.478 [info] > git rev-parse --show-toplevel [16ms]
2025-11-25 02:16:46.478 [info] fatal: not a git repository (or any of the parent directories): .git
2025-11-25 02:16:46.478 [info] > git config --get commit.template [21ms]
2025-11-25 02:16:46.484 [info] > git config --get commit.template [7ms]
2025-11-25 02:16:46.484 [info] > git for-each-ref --format=%(refname)%00%(upstream:short)%00%(objectname)%00%(upstream:track)%00%(upstream:remotename)%00%(upstream:remoteref) refs/heads/master refs/remotes/master [13ms]
2025-11-25 02:16:46.494 [info] [Git][getRemotes] No remotes found in the git config file
2025-11-25 02:16:46.495 [info] > git rev-parse --show-toplevel [11ms]
2025-11-25 02:16:46.495 [info] fatal: not a git repository (or any of the parent directories): .git
2025-11-25 02:16:46.500 [info] > git for-each-ref --format=%(refname)%00%(upstream:short)%00%(objectname)%00%(upstream:track)%00%(upstream:remotename)%00%(upstream:remoteref) refs/heads/master refs/remotes/master [7ms]
2025-11-25 02:16:46.509 [info] > git config --get --local branch.master.vscode-merge-base [20ms]
2025-11-25 02:16:46.509 [warning] [Git][config] git config failed: Failed to execute git
2025-11-25 02:16:46.519 [info] > git status -z -uall [15ms]
2025-11-25 02:16:46.519 [info] > git for-each-ref --sort -committerdate --format %(refname)%00%(objectname)%00%(*objectname) [10ms]
2025-11-25 02:16:46.527 [info] > git for-each-ref --format=%(refname)%00%(upstream:short)%00%(objectname)%00%(upstream:track)%00%(upstream:remotename)%00%(upstream:remoteref) refs/heads/master refs/remotes/master [28ms]
2025-11-25 02:16:46.533 [info] > git for-each-ref --format=%(refname)%00%(upstream:short)%00%(objectname)%00%(upstream:track)%00%(upstream:remotename)%00%(upstream:remoteref) refs/heads/master refs/remotes/master [8ms]
2025-11-25 02:16:46.538 [info] > git rev-parse --show-toplevel [20ms]
2025-11-25 02:16:46.539 [info] > git reflog master --grep-reflog=branch: Created from *. [26ms]
2025-11-25 02:16:46.548 [info] > git config --get --local branch.master.vscode-merge-base [10ms]
2025-11-25 02:16:46.548 [warning] [Git][config] git config failed: Failed to execute git
2025-11-25 02:16:46.553 [info] > git config --get commit.template [20ms]
2025-11-25 02:16:46.554 [info] > git rev-parse --git-dir --git-common-dir --show-superproject-working-tree [7ms]
2025-11-25 02:16:46.559 [info] [Model][openRepository] Opened repository (path): /home/seanos1a/sean-s-landing-page
2025-11-25 02:16:46.559 [info] [Model][openRepository] Opened repository (real path): /home/seanos1a/sean-s-landing-page
2025-11-25 02:16:46.559 [info] [Model][openRepository] Opened repository (kind): repository
2025-11-25 02:16:46.560 [info] > git symbolic-ref --short refs/remotes/origin/HEAD [17ms]
2025-11-25 02:16:46.561 [info] fatal: ref refs/remotes/origin/HEAD is not a symbolic ref
2025-11-25 02:16:46.561 [warning] [Repository][getDefaultBranch] Failed to get default branch details: Failed to execute git.
2025-11-25 02:16:46.567 [info] [Git][getRemotes] No remotes found in the git config file
2025-11-25 02:16:46.589 [info] > git status -z -uall [17ms]
2025-11-25 02:16:46.589 [info] > git reflog master --grep-reflog=branch: Created from *. [37ms]
2025-11-25 02:16:46.592 [info] > git rev-parse --show-toplevel [4ms]
2025-11-25 02:16:46.592 [info] fatal: not a git repository (or any of the parent directories): .git
2025-11-25 02:16:46.592 [info] > git config --get commit.template [8ms]
2025-11-25 02:16:46.592 [info] > git for-each-ref --format=%(refname)%00%(upstream:short)%00%(objectname)%00%(upstream:track)%00%(upstream:remotename)%00%(upstream:remoteref) refs/heads/master refs/remotes/master [12ms]
2025-11-25 02:16:46.602 [info] > git for-each-ref --sort -committerdate --format %(refname)%00%(objectname)%00%(*objectname) [26ms]
2025-11-25 02:16:46.609 [info] > git merge-base refs/heads/master refs/remotes/origin/master [44ms]
2025-11-25 02:16:46.619 [info] > git status -z -uall [22ms]
2025-11-25 02:16:46.619 [info] > git merge-base refs/heads/master refs/remotes/origin/master [11ms]
2025-11-25 02:16:46.624 [info] > git for-each-ref --sort -committerdate --format %(refname)%00%(objectname)%00%(*objectname) [22ms]
2025-11-25 02:16:46.634 [info] > git diff --name-status -z --diff-filter=ADMR --find-renames=50% aba97bb16aa67935f756feaf00c52cca28099aa5...refs/remotes/origin/master -- [10ms]
2025-11-25 02:16:46.635 [info] > git rev-parse --show-toplevel [17ms]
2025-11-25 02:16:46.635 [info] fatal: not a git repository (or any of the parent directories): .git
2025-11-25 02:16:46.635 [info] > git diff --name-status -z --diff-filter=ADMR --find-renames=50% aba97bb16aa67935f756feaf00c52cca28099aa5...refs/remotes/origin/master -- [22ms]
2025-11-25 02:16:46.641 [info] > git for-each-ref --format=%(refname)%00%(upstream:short)%00%(objectname)%00%(upstream:track)%00%(upstream:remotename)%00%(upstream:remoteref) refs/heads/main refs/remotes/main [11ms]
2025-11-25 02:16:46.643 [info] > git rev-parse --show-toplevel [2ms]
2025-11-25 02:16:46.643 [info] fatal: not a git repository (or any of the parent directories): .git
2025-11-25 02:16:46.663 [info] > git status -z -uall [6ms]
2025-11-25 02:16:46.664 [info] > git rev-parse --show-toplevel [13ms]
2025-11-25 02:16:46.665 [info] > git for-each-ref --sort -committerdate --format %(refname)%00%(objectname)%00%(*objectname) [3ms]
2025-11-25 02:16:46.684 [info] > git rev-parse --git-dir --git-common-dir --show-superproject-working-tree [6ms]
2025-11-25 02:16:46.690 [info] [Model][openRepository] Opened repository (path): /home/seanos1a/yahtzee
2025-11-25 02:16:46.690 [info] [Model][openRepository] Opened repository (real path): /home/seanos1a/yahtzee
2025-11-25 02:16:46.690 [info] [Model][openRepository] Opened repository (kind): repository
2025-11-25 02:16:46.696 [info] [Model][doInitialScan] Initial repository scan completed - repositories (9), closed repositories (0), parent repositories (0), unsafe repositories (0)
2025-11-25 02:16:46.696 [info] > git for-each-ref --format=%(refname)%00%(upstream:short)%00%(objectname)%00%(upstream:track)%00%(upstream:remotename)%00%(upstream:remoteref) refs/heads/main refs/remotes/main [24ms]
2025-11-25 02:16:46.707 [info] > git config --get commit.template [24ms]
2025-11-25 02:16:46.712 [info] > git config --get --local branch.main.vscode-merge-base [11ms]
2025-11-25 02:16:46.718 [info] > git for-each-ref --format=%(refname)%00%(upstream:short)%00%(objectname)%00%(upstream:track)%00%(upstream:remotename)%00%(upstream:remoteref) refs/heads/main refs/remotes/main [7ms]
2025-11-25 02:16:46.718 [info] > git config --get commit.template [12ms]
2025-11-25 02:16:46.722 [info] > git for-each-ref --format=%(refname)%00%(upstream:short)%00%(objectname)%00%(upstream:track)%00%(upstream:remotename)%00%(upstream:remoteref) refs/heads/origin/main refs/remotes/origin/main [6ms]
2025-11-25 02:16:46.728 [info] > git for-each-ref --format=%(refname)%00%(upstream:short)%00%(objectname)%00%(upstream:track)%00%(upstream:remotename)%00%(upstream:remoteref) refs/heads/main refs/remotes/main [6ms]
2025-11-25 02:16:46.732 [warning] [Git][revParse] Unable to read file: ENOENT: no such file or directory, open '/home/seanos1a/yahtzee/.git/refs/remotes/origin/main'
2025-11-25 02:16:46.741 [info] > git status -z -uall [5ms]
2025-11-25 02:16:46.742 [info] > git merge-base refs/heads/main refs/remotes/origin/main [14ms]
2025-11-25 02:16:46.747 [info] > git for-each-ref --sort -committerdate --format %(refname)%00%(objectname)%00%(*objectname) [7ms]
2025-11-25 02:16:46.755 [info] > git rev-parse refs/remotes/origin/main [23ms]
2025-11-25 02:16:46.765 [info] > git status -z -uall [6ms]
2025-11-25 02:16:46.766 [info] > git merge-base refs/heads/main refs/remotes/origin/main [12ms]
2025-11-25 02:16:46.770 [info] > git diff --name-status -z --diff-filter=ADMR --find-renames=50% 25dd56946ebbdb0b4e2ade11948795965bb18cec...refs/remotes/origin/main -- [24ms]
2025-11-25 02:16:46.771 [info] > git for-each-ref --sort -committerdate --format %(refname)%00%(objectname)%00%(*objectname) [7ms]
2025-11-25 02:16:46.785 [info] > git diff --name-status -z --diff-filter=ADMR --find-renames=50% 25dd56946ebbdb0b4e2ade11948795965bb18cec...refs/remotes/origin/main -- [15ms]
2025-11-25 02:16:46.787 [info] > git config --get commit.template [2ms]
2025-11-25 02:16:46.787 [info] > git for-each-ref --format=%(refname)%00%(upstream:short)%00%(objectname)%00%(upstream:track)%00%(upstream:remotename)%00%(upstream:remoteref) refs/heads/main refs/remotes/main [8ms]
2025-11-25 02:16:46.800 [info] > git config --get --local branch.main.vscode-merge-base [7ms]
2025-11-25 02:16:46.813 [info] > git for-each-ref --format=%(refname)%00%(upstream:short)%00%(objectname)%00%(upstream:track)%00%(upstream:remotename)%00%(upstream:remoteref) refs/heads/main refs/remotes/main [14ms]
2025-11-25 02:16:46.818 [warning] [Git][revParse] Unable to read file: ENOENT: no such file or directory, open '/home/seanos1a/yahtzee/.git/refs/remotes/origin/main'
2025-11-25 02:16:46.818 [info] > git for-each-ref --format=%(refname)%00%(upstream:short)%00%(objectname)%00%(upstream:track)%00%(upstream:remotename)%00%(upstream:remoteref) refs/heads/origin/main refs/remotes/origin/main [6ms]
2025-11-25 02:16:46.824 [info] > git rev-parse refs/remotes/origin/main [7ms]
2025-11-25 02:16:46.834 [info] > git status -z -uall [5ms]
2025-11-25 02:16:46.835 [info] > git merge-base refs/heads/main refs/remotes/origin/main [12ms]
2025-11-25 02:16:46.841 [info] > git for-each-ref --sort -committerdate --format %(refname)%00%(objectname)%00%(*objectname) [8ms]
2025-11-25 02:16:46.849 [info] > git diff --name-status -z --diff-filter=ADMR --find-renames=50% 0be2243cbbf266187297093da44471024eb9a029...refs/remotes/origin/main -- [9ms]
2025-11-25 02:16:46.850 [info] > git merge-base refs/heads/main refs/remotes/origin/main [3ms]
2025-11-25 02:16:46.857 [info] > git diff --name-status -z --diff-filter=ADMR --find-renames=50% 0be2243cbbf266187297093da44471024eb9a029...refs/remotes/origin/main -- [3ms]
