2025-11-23 08:49:10.374 [info] Extension host with pid 519411 started
2025-11-23 08:49:10.386 [info] Lock '/home/seanos1a/.local/share/code-server-mobile/User/workspaceStorage/-52b5bf8b/vscode.lock': Lock acquired.
2025-11-23 08:49:10.781 [info] ExtensionService#_doActivateExtension vscode.github-authentication, startup: false, activationEvent: 'onAuthenticationRequest:github'
2025-11-23 08:49:11.095 [info] ExtensionService#_doActivateExtension vscode.git-base, startup: true, activationEvent: '*', root cause: vscode.git
2025-11-23 08:49:11.103 [info] ExtensionService#_doActivateExtension vscode.npm, startup: true, activationEvent: 'workspaceContains:package.json'
2025-11-23 08:49:11.253 [info] ExtensionService#_doActivateExtension vscode.terminal-suggest, startup: false, activationEvent: 'onTerminalShellIntegration:*'
2025-11-23 08:49:11.365 [info] ExtensionService#_doActivateExtension vscode.git, startup: true, activationEvent: '*'
2025-11-23 08:49:11.366 [info] ExtensionService#_doActivateExtension vscode.github, startup: true, activationEvent: '*'
2025-11-23 08:49:11.762 [info] Eager extensions activated
2025-11-23 08:49:11.762 [info] ExtensionService#_doActivateExtension vscode.debug-auto-launch, startup: false, activationEvent: 'onStartupFinished'
2025-11-23 08:49:11.763 [info] ExtensionService#_doActivateExtension vscode.merge-conflict, startup: false, activationEvent: 'onStartupFinished'
2025-11-23 08:49:12.698 [info] ExtensionService#_doActivateExtension vscode.emmet, startup: false, activationEvent: 'onLanguage'
2025-11-23 08:49:17.870 [info] ExtensionService#_doActivateExtension vscode.configuration-editing, startup: false, activationEvent: 'onLanguage:json'
2025-11-23 08:49:17.871 [info] ExtensionService#_doActivateExtension vscode.extension-editing, startup: false, activationEvent: 'onLanguage:json'
2025-11-23 08:49:17.871 [info] ExtensionService#_doActivateExtension vscode.json-language-features, startup: false, activationEvent: 'onLanguage:json'
2025-11-23 08:49:30.482 [error] Error: Npm task detection: failed to parse the file /home/seanos1a/global-news-ai/.next/package.json
	at R (/usr/lib/code-server/lib/vscode/extensions/npm/dist/npmMain.js:2:248316)
	at async F (/usr/lib/code-server/lib/vscode/extensions/npm/dist/npmMain.js:2:245949)
	at async b (/usr/lib/code-server/lib/vscode/extensions/npm/dist/npmMain.js:2:245478)
	at async t.NpmTaskProvider.provideTasks (/usr/lib/code-server/lib/vscode/extensions/npm/dist/npmMain.js:2:243276)
2025-11-23 09:02:03.616 [info] Extension host terminating: renderer disconnected
2025-11-23 09:02:03.617 [info] Lock '/home/seanos1a/.local/share/code-server-mobile/User/workspaceStorage/-52b5bf8b/vscode.lock': Marking the lockfile as scheduled to be released in 6000 ms.
2025-11-23 09:02:03.689 [info] Extension host with pid 519411 exiting with code 0
