2025-11-23 21:32:36.078 [info] Reading sessions from keychain...
2025-11-23 21:32:36.078 [info] Getting sessions for all scopes...
2025-11-23 21:32:36.078 [info] Got 0 sessions for ...
2025-11-23 21:32:36.078 [info] Getting sessions for all scopes...
2025-11-23 21:32:36.078 [info] Got 0 sessions for ...
2025-11-23 21:32:36.078 [info] Getting sessions for all scopes...
2025-11-23 21:32:36.078 [info] Got 0 sessions for ...
2025-11-23 21:32:36.078 [info] Getting sessions for all scopes...
2025-11-23 21:32:36.078 [info] Got 0 sessions for ...
2025-11-23 21:32:36.278 [info] Getting sessions for all scopes...
2025-11-23 21:32:36.278 [info] Got 0 sessions for ...
2025-11-23 21:32:36.689 [info] Getting sessions for all scopes...
2025-11-23 21:32:36.690 [info] Got 0 sessions for ...
2025-11-23 21:32:38.327 [info] Getting sessions for read:user,repo,user:email,workflow...
2025-11-23 21:32:38.327 [info] Got 0 sessions for read:user,repo,user:email,workflow...
2025-11-23 21:32:39.024 [info] Getting sessions for read:user,repo,user:email,workflow...
2025-11-23 21:32:39.024 [info] Got 0 sessions for read:user,repo,user:email,workflow...
2025-11-23 21:32:39.656 [info] Getting sessions for read:user,repo,user:email,workflow...
2025-11-23 21:32:39.656 [info] Got 0 sessions for read:user,repo,user:email,workflow...
2025-11-23 21:32:40.361 [info] Getting sessions for read:user,repo,user:email,workflow...
2025-11-23 21:32:40.362 [info] Got 0 sessions for read:user,repo,user:email,workflow...
2025-11-23 21:32:41.028 [info] Getting sessions for read:user,repo,user:email,workflow...
2025-11-23 21:32:41.028 [info] Got 0 sessions for read:user,repo,user:email,workflow...
