2025-11-23 12:07:46.530 [info] Reading sessions from keychain...
2025-11-23 12:07:46.530 [info] Getting sessions for all scopes...
2025-11-23 12:07:46.530 [info] Got 0 sessions for ...
2025-11-23 12:07:46.530 [info] Getting sessions for all scopes...
2025-11-23 12:07:46.530 [info] Got 0 sessions for ...
2025-11-23 12:07:46.530 [info] Getting sessions for all scopes...
2025-11-23 12:07:46.530 [info] Got 0 sessions for ...
2025-11-23 12:07:46.530 [info] Getting sessions for all scopes...
2025-11-23 12:07:46.530 [info] Got 0 sessions for ...
2025-11-23 12:07:46.719 [info] Getting sessions for all scopes...
2025-11-23 12:07:46.719 [info] Got 0 sessions for ...
2025-11-23 12:07:47.002 [info] Getting sessions for all scopes...
2025-11-23 12:07:47.003 [info] Got 0 sessions for ...
2025-11-23 12:07:48.723 [info] Getting sessions for read:user,repo,user:email,workflow...
2025-11-23 12:07:48.723 [info] Got 0 sessions for read:user,repo,user:email,workflow...
2025-11-23 12:07:53.198 [info] Getting sessions for read:user,repo,user:email,workflow...
2025-11-23 12:07:53.198 [info] Got 0 sessions for read:user,repo,user:email,workflow...
2025-11-23 12:07:53.884 [info] Getting sessions for read:user,repo,user:email,workflow...
2025-11-23 12:07:53.884 [info] Got 0 sessions for read:user,repo,user:email,workflow...
2025-11-23 12:07:54.582 [info] Getting sessions for read:user,repo,user:email,workflow...
2025-11-23 12:07:54.582 [info] Got 0 sessions for read:user,repo,user:email,workflow...
2025-11-23 12:07:55.363 [info] Getting sessions for read:user,repo,user:email,workflow...
2025-11-23 12:07:55.363 [info] Got 0 sessions for read:user,repo,user:email,workflow...
