2025-11-23 04:19:47.884 [info] [main] Log level: Info
2025-11-23 04:19:47.884 [info] [main] Validating found git in: "git"
2025-11-23 04:19:47.884 [info] [main] Using git "2.47.3" from "git"
2025-11-23 04:19:47.884 [info] [Model][doInitialScan] Initial repository scan started
2025-11-23 04:19:47.884 [info] > git rev-parse --show-toplevel [4ms]
2025-11-23 04:19:47.884 [info] fatal: not a git repository (or any of the parent directories): .git
2025-11-23 04:19:47.884 [info] > git rev-parse --show-toplevel [2ms]
2025-11-23 04:19:47.884 [info] fatal: not a git repository (or any of the parent directories): .git
2025-11-23 04:19:47.884 [info] > git rev-parse --show-toplevel [1ms]
2025-11-23 04:19:47.884 [info] fatal: not a git repository (or any of the parent directories): .git
2025-11-23 04:19:47.884 [info] > git rev-parse --show-toplevel [2ms]
2025-11-23 04:19:47.884 [info] fatal: not a git repository (or any of the parent directories): .git
2025-11-23 04:19:47.884 [info] > git rev-parse --show-toplevel [2ms]
2025-11-23 04:19:47.884 [info] fatal: not a git repository (or any of the parent directories): .git
2025-11-23 04:19:47.884 [info] > git rev-parse --show-toplevel [2ms]
2025-11-23 04:19:47.884 [info] fatal: not a git repository (or any of the parent directories): .git
2025-11-23 04:19:47.884 [info] > git rev-parse --show-toplevel [2ms]
2025-11-23 04:19:47.884 [info] fatal: not a git repository (or any of the parent directories): .git
2025-11-23 04:19:47.884 [info] > git rev-parse --show-toplevel [3ms]
2025-11-23 04:19:47.884 [info] fatal: not a git repository (or any of the parent directories): .git
2025-11-23 04:19:47.884 [info] > git rev-parse --show-toplevel [3ms]
2025-11-23 04:19:47.884 [info] fatal: not a git repository (or any of the parent directories): .git
2025-11-23 04:19:47.884 [info] > git rev-parse --show-toplevel [2ms]
2025-11-23 04:19:47.884 [info] fatal: not a git repository (or any of the parent directories): .git
2025-11-23 04:19:47.884 [info] > git rev-parse --show-toplevel [3ms]
2025-11-23 04:19:47.884 [info] fatal: not a git repository (or any of the parent directories): .git
2025-11-23 04:19:47.884 [info] > git rev-parse --show-toplevel [2ms]
2025-11-23 04:19:47.884 [info] fatal: not a git repository (or any of the parent directories): .git
2025-11-23 04:19:47.885 [info] > git rev-parse --show-toplevel [1ms]
2025-11-23 04:19:47.885 [info] fatal: not a git repository (or any of the parent directories): .git
2025-11-23 04:19:47.885 [info] > git rev-parse --show-toplevel [1ms]
2025-11-23 04:19:47.885 [info] fatal: not a git repository (or any of the parent directories): .git
2025-11-23 04:19:47.885 [info] > git rev-parse --show-toplevel [1ms]
2025-11-23 04:19:47.885 [info] fatal: not a git repository (or any of the parent directories): .git
2025-11-23 04:19:47.885 [info] > git rev-parse --show-toplevel [1ms]
2025-11-23 04:19:47.885 [info] fatal: not a git repository (or any of the parent directories): .git
2025-11-23 04:19:47.885 [info] > git rev-parse --show-toplevel [1ms]
2025-11-23 04:19:47.885 [info] fatal: not a git repository (or any of the parent directories): .git
2025-11-23 04:19:47.885 [info] > git rev-parse --show-toplevel [1ms]
2025-11-23 04:19:47.885 [info] fatal: not a git repository (or any of the parent directories): .git
2025-11-23 04:19:47.885 [info] > git rev-parse --show-toplevel [2ms]
2025-11-23 04:19:47.885 [info] > git rev-parse --git-dir --git-common-dir --show-superproject-working-tree [5ms]
2025-11-23 04:19:47.885 [info] [Model][openRepository] Opened repository (path): /home/seanos1a/ecotracker-app
2025-11-23 04:19:47.885 [info] [Model][openRepository] Opened repository (real path): /home/seanos1a/ecotracker-app
2025-11-23 04:19:47.885 [info] [Model][openRepository] Opened repository (kind): repository
2025-11-23 04:19:47.885 [info] > git config --get commit.template [5ms]
2025-11-23 04:19:47.885 [info] > git rev-parse --show-toplevel [9ms]
2025-11-23 04:19:47.885 [info] fatal: not a git repository (or any of the parent directories): .git
2025-11-23 04:19:47.885 [info] > git for-each-ref --format=%(refname)%00%(upstream:short)%00%(objectname)%00%(upstream:track)%00%(upstream:remotename)%00%(upstream:remoteref) refs/heads/master refs/remotes/master [4ms]
2025-11-23 04:19:47.885 [info] > git status -z -uall [6ms]
2025-11-23 04:19:47.885 [info] > git rev-parse --show-toplevel [14ms]
2025-11-23 04:19:47.885 [info] > git for-each-ref --sort -committerdate --format %(refname)%00%(objectname)%00%(*objectname) [3ms]
2025-11-23 04:19:47.885 [info] > git for-each-ref --format=%(refname)%00%(upstream:short)%00%(objectname)%00%(upstream:track)%00%(upstream:remotename)%00%(upstream:remoteref) refs/heads/master refs/remotes/master [13ms]
2025-11-23 04:19:47.885 [info] > git config --get commit.template [7ms]
2025-11-23 04:19:47.885 [info] > git rev-parse --git-dir --git-common-dir --show-superproject-working-tree [12ms]
2025-11-23 04:19:47.885 [info] [Model][openRepository] Opened repository (path): /home/seanos1a/global-news-ai
2025-11-23 04:19:47.885 [info] [Model][openRepository] Opened repository (real path): /home/seanos1a/global-news-ai
2025-11-23 04:19:47.885 [info] [Model][openRepository] Opened repository (kind): repository
2025-11-23 04:19:47.885 [info] > git config --get --local branch.master.vscode-merge-base [19ms]
2025-11-23 04:19:47.885 [warning] [Git][config] git config failed: Failed to execute git
2025-11-23 04:19:47.885 [info] > git rev-parse --show-toplevel [11ms]
2025-11-23 04:19:47.885 [info] > git config --get commit.template [15ms]
2025-11-23 04:19:47.885 [info] > git for-each-ref --format=%(refname)%00%(upstream:short)%00%(objectname)%00%(upstream:track)%00%(upstream:remotename)%00%(upstream:remoteref) refs/heads/master refs/remotes/master [7ms]
2025-11-23 04:19:47.885 [info] > git reflog master --grep-reflog=branch: Created from *. [12ms]
2025-11-23 04:19:47.885 [info] > git rev-parse --git-dir --git-common-dir --show-superproject-working-tree [11ms]
2025-11-23 04:19:47.885 [info] [Model][openRepository] Opened repository (path): /home/seanos1a/h2h
2025-11-23 04:19:47.885 [info] [Model][openRepository] Opened repository (real path): /home/seanos1a/h2h
2025-11-23 04:19:47.885 [info] [Model][openRepository] Opened repository (kind): repository
2025-11-23 04:19:47.885 [info] > git for-each-ref --format=%(refname)%00%(upstream:short)%00%(objectname)%00%(upstream:track)%00%(upstream:remotename)%00%(upstream:remoteref) refs/heads/main refs/remotes/main [27ms]
2025-11-23 04:19:47.885 [info] > git symbolic-ref --short refs/remotes/origin/HEAD [32ms]
2025-11-23 04:19:47.885 [info] fatal: ref refs/remotes/origin/HEAD is not a symbolic ref
2025-11-23 04:19:47.885 [warning] [Repository][getDefaultBranch] Failed to get default branch details: Failed to execute git.
2025-11-23 04:19:47.885 [info] > git rev-parse --show-toplevel [15ms]
2025-11-23 04:19:47.885 [info] fatal: not a git repository (or any of the parent directories): .git
2025-11-23 04:19:47.885 [info] > git config --get commit.template [20ms]
2025-11-23 04:19:47.885 [info] > git status -z -uall [10ms]
2025-11-23 04:19:47.885 [info] > git merge-base refs/heads/master refs/remotes/origin/master [17ms]
2025-11-23 04:19:47.885 [info] > git rev-parse --show-toplevel [12ms]
2025-11-23 04:19:47.885 [info] fatal: not a git repository (or any of the parent directories): .git
2025-11-23 04:19:47.885 [info] > git for-each-ref --sort -committerdate --format %(refname)%00%(objectname)%00%(*objectname) [18ms]
2025-11-23 04:19:47.885 [info] > git status -z -uall [11ms]
2025-11-23 04:19:47.885 [info] > git merge-base refs/heads/master refs/remotes/origin/master [18ms]
2025-11-23 04:19:47.885 [info] > git for-each-ref --format=%(refname)%00%(upstream:short)%00%(objectname)%00%(upstream:track)%00%(upstream:remotename)%00%(upstream:remoteref) refs/heads/main refs/remotes/main [32ms]
2025-11-23 04:19:47.885 [info] > git diff --name-status -z --diff-filter=ADMR --find-renames=50% b70d66f88d399a264d2d1a07e85dce708f400e9a...refs/remotes/origin/master -- [38ms]
2025-11-23 04:19:47.887 [info] > git rev-parse --show-toplevel [12ms]
2025-11-23 04:19:47.887 [info] fatal: not a git repository (or any of the parent directories): .git
2025-11-23 04:19:47.887 [info] > git for-each-ref --sort -committerdate --format %(refname)%00%(objectname)%00%(*objectname) [16ms]
2025-11-23 04:19:47.910 [info] > git for-each-ref --format=%(refname)%00%(upstream:short)%00%(objectname)%00%(upstream:track)%00%(upstream:remotename)%00%(upstream:remoteref) refs/heads/main refs/remotes/main [15ms]
2025-11-23 04:19:47.915 [info] > git diff --name-status -z --diff-filter=ADMR --find-renames=50% b70d66f88d399a264d2d1a07e85dce708f400e9a...refs/remotes/origin/master -- [33ms]
2025-11-23 04:19:47.917 [info] > git config --get commit.template [7ms]
2025-11-23 04:19:47.917 [info] > git rev-parse --show-toplevel [12ms]
2025-11-23 04:19:47.926 [info] > git config --get --local branch.main.vscode-merge-base [11ms]
2025-11-23 04:19:47.927 [warning] [Git][config] git config failed: Failed to execute git
2025-11-23 04:19:47.942 [info] > git status -z -uall [21ms]
2025-11-23 04:19:47.942 [info] > git for-each-ref --sort -committerdate --format %(refname)%00%(objectname)%00%(*objectname) [17ms]
2025-11-23 04:19:47.961 [info] > git for-each-ref --format=%(refname)%00%(upstream:short)%00%(objectname)%00%(upstream:track)%00%(upstream:remotename)%00%(upstream:remoteref) refs/heads/main refs/remotes/main [10ms]
2025-11-23 04:19:47.965 [info] > git for-each-ref --format=%(refname)%00%(upstream:short)%00%(objectname)%00%(upstream:track)%00%(upstream:remotename)%00%(upstream:remoteref) refs/heads/main refs/remotes/main [24ms]
2025-11-23 04:19:47.966 [info] > git rev-parse --git-dir --git-common-dir --show-superproject-working-tree [30ms]
2025-11-23 04:19:47.971 [info] [Model][openRepository] Opened repository (path): /home/seanos1a/sean-s-landing-page
2025-11-23 04:19:47.971 [info] [Model][openRepository] Opened repository (real path): /home/seanos1a/sean-s-landing-page
2025-11-23 04:19:47.971 [info] [Model][openRepository] Opened repository (kind): repository
2025-11-23 04:19:47.972 [info] > git reflog main --grep-reflog=branch: Created from *. [42ms]
2025-11-23 04:19:47.990 [info] > git config --get --local branch.main.vscode-merge-base [25ms]
2025-11-23 04:19:47.995 [info] > git config --get commit.template [35ms]
2025-11-23 04:19:48.000 [info] > git rev-parse --show-toplevel [12ms]
2025-11-23 04:19:48.001 [info] > git config --get commit.template [17ms]
2025-11-23 04:19:48.001 [info] > git symbolic-ref --short refs/remotes/origin/HEAD [24ms]
2025-11-23 04:19:48.001 [info] fatal: ref refs/remotes/origin/HEAD is not a symbolic ref
2025-11-23 04:19:48.001 [warning] [Repository][getDefaultBranch] Failed to get default branch details: Failed to execute git.
2025-11-23 04:19:48.018 [info] > git for-each-ref --format=%(refname)%00%(upstream:short)%00%(objectname)%00%(upstream:track)%00%(upstream:remotename)%00%(upstream:remoteref) refs/heads/origin/main refs/remotes/origin/main [24ms]
2025-11-23 04:19:48.038 [info] > git status -z -uall [10ms]
2025-11-23 04:19:48.038 [info] > git rev-parse --git-dir --git-common-dir --show-superproject-working-tree [21ms]
2025-11-23 04:19:48.043 [info] [Model][openRepository] Opened repository (path): /home/seanos1a/yahtzee
2025-11-23 04:19:48.043 [info] [Model][openRepository] Opened repository (real path): /home/seanos1a/yahtzee
2025-11-23 04:19:48.043 [info] [Model][openRepository] Opened repository (kind): repository
2025-11-23 04:19:48.047 [info] [Model][doInitialScan] Initial repository scan completed - repositories (5), closed repositories (0), parent repositories (0), unsafe repositories (0)
2025-11-23 04:19:48.048 [info] > git for-each-ref --format=%(refname)%00%(upstream:short)%00%(objectname)%00%(upstream:track)%00%(upstream:remotename)%00%(upstream:remoteref) refs/heads/main refs/remotes/main [36ms]
2025-11-23 04:19:48.048 [info] > git merge-base refs/heads/main refs/remotes/origin/main [43ms]
2025-11-23 04:19:48.059 [info] > git for-each-ref --format=%(refname)%00%(upstream:short)%00%(objectname)%00%(upstream:track)%00%(upstream:remotename)%00%(upstream:remoteref) refs/heads/main refs/remotes/main [22ms]
2025-11-23 04:19:48.059 [info] > git for-each-ref --sort -committerdate --format %(refname)%00%(objectname)%00%(*objectname) [26ms]
2025-11-23 04:19:48.068 [info] > git merge-base refs/heads/main refs/remotes/origin/main [45ms]
2025-11-23 04:19:48.080 [warning] [Git][revParse] Unable to read file: ENOENT: no such file or directory, open '/home/seanos1a/sean-s-landing-page/.git/refs/remotes/origin/main'
2025-11-23 04:19:48.081 [info] > git merge-base refs/heads/main refs/remotes/origin/main [14ms]
2025-11-23 04:19:48.086 [info] > git config --get commit.template [28ms]
2025-11-23 04:19:48.086 [info] > git diff --name-status -z --diff-filter=ADMR --find-renames=50% be33f1fb4df22e63f783f09e382ea71fe37d5da7...refs/remotes/origin/main -- [33ms]
2025-11-23 04:19:48.088 [info] > git rev-parse refs/remotes/origin/main [8ms]
2025-11-23 04:19:48.097 [info] > git diff --name-status -z --diff-filter=ADMR --find-renames=50% 18aa206a9aa4d0533e4132115d59c7c550acdc11...refs/remotes/origin/main -- [25ms]
2025-11-23 04:19:48.113 [info] > git status -z -uall [20ms]
2025-11-23 04:19:48.113 [info] > git status -z -uall [7ms]
2025-11-23 04:19:48.114 [info] > git diff --name-status -z --diff-filter=ADMR --find-renames=50% be33f1fb4df22e63f783f09e382ea71fe37d5da7...refs/remotes/origin/main -- [28ms]
2025-11-23 04:19:48.115 [info] > git for-each-ref --sort -committerdate --format %(refname)%00%(objectname)%00%(*objectname) [4ms]
2025-11-23 04:19:48.119 [info] > git for-each-ref --format=%(refname)%00%(upstream:short)%00%(objectname)%00%(upstream:track)%00%(upstream:remotename)%00%(upstream:remoteref) refs/heads/main refs/remotes/main [16ms]
2025-11-23 04:19:48.119 [info] > git for-each-ref --sort -committerdate --format %(refname)%00%(objectname)%00%(*objectname) [22ms]
2025-11-23 04:19:48.134 [warning] [Git][revParse] Unable to read file: ENOENT: no such file or directory, open '/home/seanos1a/yahtzee/.git/refs/remotes/origin/main'
2025-11-23 04:19:48.139 [info] > git for-each-ref --format=%(refname)%00%(upstream:short)%00%(objectname)%00%(upstream:track)%00%(upstream:remotename)%00%(upstream:remoteref) refs/heads/main refs/remotes/main [13ms]
2025-11-23 04:19:48.146 [info] > git config --get commit.template [8ms]
2025-11-23 04:19:48.146 [info] > git rev-parse refs/remotes/origin/main [12ms]
2025-11-23 04:19:48.155 [info] > git status -z -uall [5ms]
2025-11-23 04:19:48.156 [info] > git config --get --local branch.main.vscode-merge-base [12ms]
2025-11-23 04:19:48.166 [info] > git for-each-ref --sort -committerdate --format %(refname)%00%(objectname)%00%(*objectname) [12ms]
2025-11-23 04:19:48.186 [info] > git for-each-ref --format=%(refname)%00%(upstream:short)%00%(objectname)%00%(upstream:track)%00%(upstream:remotename)%00%(upstream:remoteref) refs/heads/main refs/remotes/main [8ms]
2025-11-23 04:19:48.190 [info] > git for-each-ref --format=%(refname)%00%(upstream:short)%00%(objectname)%00%(upstream:track)%00%(upstream:remotename)%00%(upstream:remoteref) refs/heads/main refs/remotes/main [25ms]
2025-11-23 04:19:48.191 [info] > git for-each-ref --format=%(refname)%00%(upstream:short)%00%(objectname)%00%(upstream:track)%00%(upstream:remotename)%00%(upstream:remoteref) refs/heads/origin/main refs/remotes/origin/main [30ms]
2025-11-23 04:19:48.199 [warning] [Git][revParse] Unable to read file: ENOENT: no such file or directory, open '/home/seanos1a/sean-s-landing-page/.git/refs/remotes/origin/main'
2025-11-23 04:19:48.200 [info] > git config --get --local branch.main.vscode-merge-base [10ms]
2025-11-23 04:19:48.205 [info] > git config --get commit.template [20ms]
2025-11-23 04:19:48.206 [info] > git rev-parse refs/remotes/origin/main [7ms]
2025-11-23 04:19:48.217 [info] > git merge-base refs/heads/main refs/remotes/origin/main [22ms]
2025-11-23 04:19:48.237 [info] > git status -z -uall [26ms]
2025-11-23 04:19:48.238 [info] > git diff --name-status -z --diff-filter=ADMR --find-renames=50% a20cf3b3e3daacb5602c2e11271afab430711ea7...refs/remotes/origin/main -- [16ms]
2025-11-23 04:19:48.238 [info] > git for-each-ref --sort -committerdate --format %(refname)%00%(objectname)%00%(*objectname) [22ms]
2025-11-23 04:19:48.241 [info] > git for-each-ref --format=%(refname)%00%(upstream:short)%00%(objectname)%00%(upstream:track)%00%(upstream:remotename)%00%(upstream:remoteref) refs/heads/origin/main refs/remotes/origin/main [37ms]
2025-11-23 04:19:48.249 [info] > git for-each-ref --format=%(refname)%00%(upstream:short)%00%(objectname)%00%(upstream:track)%00%(upstream:remotename)%00%(upstream:remoteref) refs/heads/main refs/remotes/main [18ms]
2025-11-23 04:19:48.255 [warning] [Git][revParse] Unable to read file: ENOENT: no such file or directory, open '/home/seanos1a/yahtzee/.git/refs/remotes/origin/main'
2025-11-23 04:19:48.255 [info] > git merge-base refs/heads/main refs/remotes/origin/main [8ms]
2025-11-23 04:19:48.261 [info] > git rev-parse refs/remotes/origin/main [6ms]
2025-11-23 04:19:48.271 [info] > git status -z -uall [6ms]
2025-11-23 04:19:48.271 [info] > git diff --name-status -z --diff-filter=ADMR --find-renames=50% 0be2243cbbf266187297093da44471024eb9a029...refs/remotes/origin/main -- [11ms]
2025-11-23 04:19:48.272 [info] > git for-each-ref --sort -committerdate --format %(refname)%00%(objectname)%00%(*objectname) [2ms]
2025-11-23 04:19:48.363 [info] > git check-ignore -v -z --stdin [12ms]
2025-11-23 04:19:48.364 [info] > git check-ignore -v -z --stdin [8ms]
2025-11-23 04:19:48.365 [info] > git check-ignore -v -z --stdin [4ms]
2025-11-23 04:19:49.493 [info] > git check-ignore -v -z --stdin [22ms]
2025-11-23 04:19:49.494 [info] > git check-ignore -v -z --stdin [19ms]
2025-11-23 04:19:49.495 [info] > git check-ignore -v -z --stdin [15ms]
2025-11-23 04:19:49.495 [info] > git check-ignore -v -z --stdin [9ms]
2025-11-23 04:19:49.495 [info] > git check-ignore -v -z --stdin [4ms]
2025-11-23 04:20:04.062 [info] > git rev-parse --show-toplevel [2ms]
2025-11-23 04:20:04.062 [info] fatal: not a git repository (or any of the parent directories): .git
2025-11-23 04:20:06.718 [info] > git rev-parse --show-toplevel [2ms]
2025-11-23 04:20:06.718 [info] fatal: not a git repository (or any of the parent directories): .git
