2025-11-23 22:21:19.211 [info] Reading sessions from keychain...
2025-11-23 22:21:19.211 [info] Getting sessions for all scopes...
2025-11-23 22:21:19.211 [info] Got 0 sessions for ...
2025-11-23 22:21:19.211 [info] Getting sessions for all scopes...
2025-11-23 22:21:19.211 [info] Got 0 sessions for ...
2025-11-23 22:21:19.211 [info] Getting sessions for all scopes...
2025-11-23 22:21:19.211 [info] Got 0 sessions for ...
2025-11-23 22:21:19.638 [info] Getting sessions for all scopes...
2025-11-23 22:21:19.638 [info] Got 0 sessions for ...
2025-11-23 22:21:21.850 [info] Getting sessions for read:user,repo,user:email,workflow...
2025-11-23 22:21:21.850 [info] Got 0 sessions for read:user,repo,user:email,workflow...
2025-11-23 22:21:22.539 [info] Getting sessions for read:user,repo,user:email,workflow...
2025-11-23 22:21:22.540 [info] Got 0 sessions for read:user,repo,user:email,workflow...
2025-11-23 22:21:23.220 [info] Getting sessions for read:user,repo,user:email,workflow...
2025-11-23 22:21:23.221 [info] Got 0 sessions for read:user,repo,user:email,workflow...
2025-11-23 22:21:23.923 [info] Getting sessions for read:user,repo,user:email,workflow...
2025-11-23 22:21:23.923 [info] Got 0 sessions for read:user,repo,user:email,workflow...
2025-11-23 22:21:24.632 [info] Getting sessions for read:user,repo,user:email,workflow...
2025-11-23 22:21:24.632 [info] Got 0 sessions for read:user,repo,user:email,workflow...
2025-11-23 22:21:53.480 [info] Getting sessions for all scopes...
2025-11-23 22:21:53.480 [info] Got 0 sessions for ...
2025-11-23 22:21:53.883 [info] Getting sessions for all scopes...
2025-11-23 22:21:53.883 [info] Got 0 sessions for ...
