2025-11-23 22:53:27.481 [info] Reading sessions from keychain...
2025-11-23 22:53:27.481 [info] Getting sessions for all scopes...
2025-11-23 22:53:27.481 [info] Got 0 sessions for ...
2025-11-23 22:53:27.481 [info] Getting sessions for all scopes...
2025-11-23 22:53:27.481 [info] Got 0 sessions for ...
2025-11-23 22:53:27.481 [info] Getting sessions for all scopes...
2025-11-23 22:53:27.481 [info] Got 0 sessions for ...
2025-11-23 22:53:27.481 [info] Getting sessions for all scopes...
2025-11-23 22:53:27.481 [info] Got 0 sessions for ...
2025-11-23 22:53:27.732 [info] Getting sessions for all scopes...
2025-11-23 22:53:27.732 [info] Got 0 sessions for ...
2025-11-23 22:53:28.169 [info] Getting sessions for all scopes...
2025-11-23 22:53:28.169 [info] Got 0 sessions for ...
2025-11-23 22:53:30.578 [info] Getting sessions for read:user,repo,user:email,workflow...
2025-11-23 22:53:30.578 [info] Got 0 sessions for read:user,repo,user:email,workflow...
2025-11-23 22:53:31.292 [info] Getting sessions for read:user,repo,user:email,workflow...
2025-11-23 22:53:31.292 [info] Got 0 sessions for read:user,repo,user:email,workflow...
2025-11-23 22:53:32.073 [info] Getting sessions for read:user,repo,user:email,workflow...
2025-11-23 22:53:32.073 [info] Got 0 sessions for read:user,repo,user:email,workflow...
2025-11-23 22:53:32.799 [info] Getting sessions for read:user,repo,user:email,workflow...
2025-11-23 22:53:32.799 [info] Got 0 sessions for read:user,repo,user:email,workflow...
2025-11-23 22:53:33.511 [info] Getting sessions for read:user,repo,user:email,workflow...
2025-11-23 22:53:33.512 [info] Got 0 sessions for read:user,repo,user:email,workflow...
2025-11-24 00:28:40.133 [info] Getting sessions for read:user,repo,user:email,workflow...
2025-11-24 00:28:40.133 [info] Got 0 sessions for read:user,repo,user:email,workflow...
2025-11-24 01:01:06.027 [info] Logging in with 'any' account...
2025-11-24 01:01:06.027 [info] Logging in for the following scopes: read:user repo user:email workflow
2025-11-24 01:01:06.615 [info] Trying device code flow... (read:user repo user:email workflow)
2025-11-24 01:02:40.971 [info] Getting user info...
2025-11-24 01:02:45.126 [info] Got account info!
2025-11-24 01:02:45.127 [info] Storing 1 sessions...
2025-11-24 01:02:45.449 [info] Reading sessions from keychain...
2025-11-24 01:02:45.449 [info] Stored 1 sessions!
2025-11-24 01:02:45.451 [info] Login success!
2025-11-24 01:02:45.731 [info] Getting sessions for all scopes...
2025-11-24 01:02:45.732 [info] Got stored sessions!
2025-11-24 01:02:45.732 [info] Got 1 verified sessions.
2025-11-24 01:02:45.767 [info] Got 1 sessions for ...
2025-11-24 01:02:45.770 [info] Getting sessions for all scopes...
2025-11-24 01:02:45.770 [info] Got 1 sessions for ...
2025-11-24 01:02:46.003 [info] Getting sessions for all scopes...
2025-11-24 01:02:46.003 [info] Got 1 sessions for ...
2025-11-24 01:02:46.003 [info] Getting sessions for all scopes...
2025-11-24 01:02:46.003 [info] Got 1 sessions for ...
2025-11-24 01:02:46.309 [info] Getting sessions for read:user,repo,user:email,workflow...
2025-11-24 01:02:46.310 [info] Got 1 sessions for read:user,repo,user:email,workflow...
2025-11-24 01:03:13.742 [info] Getting sessions for read:user,repo,user:email,workflow...
2025-11-24 01:03:13.742 [info] Got 1 sessions for read:user,repo,user:email,workflow...
2025-11-24 01:03:32.801 [info] Getting sessions for read:user,repo,user:email,workflow...
2025-11-24 01:03:32.802 [info] Got 1 sessions for read:user,repo,user:email,workflow...
2025-11-24 01:08:10.452 [info] Getting sessions for read:user,repo,user:email,workflow...
2025-11-24 01:08:10.452 [info] Got 1 sessions for read:user,repo,user:email,workflow...
