2025-11-23 11:43:17.360 [info] Reading sessions from keychain...
2025-11-23 11:43:17.360 [info] Getting sessions for all scopes...
2025-11-23 11:43:17.360 [info] Got 0 sessions for ...
2025-11-23 11:43:17.360 [info] Getting sessions for all scopes...
2025-11-23 11:43:17.360 [info] Got 0 sessions for ...
2025-11-23 11:43:17.360 [info] Getting sessions for all scopes...
2025-11-23 11:43:17.360 [info] Got 0 sessions for ...
2025-11-23 11:43:17.360 [info] Getting sessions for all scopes...
2025-11-23 11:43:17.360 [info] Got 0 sessions for ...
2025-11-23 11:43:17.559 [info] Getting sessions for all scopes...
2025-11-23 11:43:17.559 [info] Got 0 sessions for ...
2025-11-23 11:43:17.892 [info] Getting sessions for all scopes...
2025-11-23 11:43:17.892 [info] Got 0 sessions for ...
2025-11-23 11:43:19.592 [info] Getting sessions for read:user,repo,user:email,workflow...
2025-11-23 11:43:19.592 [info] Got 0 sessions for read:user,repo,user:email,workflow...
2025-11-23 11:43:20.269 [info] Getting sessions for read:user,repo,user:email,workflow...
2025-11-23 11:43:20.269 [info] Got 0 sessions for read:user,repo,user:email,workflow...
2025-11-23 11:43:20.933 [info] Getting sessions for read:user,repo,user:email,workflow...
2025-11-23 11:43:20.933 [info] Got 0 sessions for read:user,repo,user:email,workflow...
2025-11-23 11:43:21.593 [info] Getting sessions for read:user,repo,user:email,workflow...
2025-11-23 11:43:21.593 [info] Got 0 sessions for read:user,repo,user:email,workflow...
2025-11-23 11:43:22.244 [info] Getting sessions for read:user,repo,user:email,workflow...
2025-11-23 11:43:22.244 [info] Got 0 sessions for read:user,repo,user:email,workflow...
