2025-11-23 08:49:12.232 [info] [main] Log level: Info
2025-11-23 08:49:12.232 [info] [main] Validating found git in: "git"
2025-11-23 08:49:12.232 [info] [main] Using git "2.47.3" from "git"
2025-11-23 08:49:12.232 [info] [Model][doInitialScan] Initial repository scan started
2025-11-23 08:49:12.232 [info] > git rev-parse --show-toplevel [3ms]
2025-11-23 08:49:12.232 [info] fatal: not a git repository (or any of the parent directories): .git
2025-11-23 08:49:12.232 [info] > git rev-parse --show-toplevel [2ms]
2025-11-23 08:49:12.232 [info] fatal: not a git repository (or any of the parent directories): .git
2025-11-23 08:49:12.232 [info] > git rev-parse --show-toplevel [1ms]
2025-11-23 08:49:12.232 [info] fatal: not a git repository (or any of the parent directories): .git
2025-11-23 08:49:12.232 [info] > git rev-parse --show-toplevel [2ms]
2025-11-23 08:49:12.232 [info] fatal: not a git repository (or any of the parent directories): .git
2025-11-23 08:49:12.232 [info] > git rev-parse --show-toplevel [1ms]
2025-11-23 08:49:12.232 [info] fatal: not a git repository (or any of the parent directories): .git
2025-11-23 08:49:12.232 [info] > git rev-parse --show-toplevel [1ms]
2025-11-23 08:49:12.232 [info] fatal: not a git repository (or any of the parent directories): .git
2025-11-23 08:49:12.232 [info] > git rev-parse --show-toplevel [2ms]
2025-11-23 08:49:12.232 [info] fatal: not a git repository (or any of the parent directories): .git
2025-11-23 08:49:12.232 [info] > git rev-parse --show-toplevel [2ms]
2025-11-23 08:49:12.232 [info] fatal: not a git repository (or any of the parent directories): .git
2025-11-23 08:49:12.232 [info] > git rev-parse --show-toplevel [2ms]
2025-11-23 08:49:12.232 [info] fatal: not a git repository (or any of the parent directories): .git
2025-11-23 08:49:12.232 [info] > git rev-parse --show-toplevel [1ms]
2025-11-23 08:49:12.232 [info] fatal: not a git repository (or any of the parent directories): .git
2025-11-23 08:49:12.232 [info] > git rev-parse --show-toplevel [2ms]
2025-11-23 08:49:12.232 [info] fatal: not a git repository (or any of the parent directories): .git
2025-11-23 08:49:12.232 [info] > git rev-parse --show-toplevel [2ms]
2025-11-23 08:49:12.232 [info] fatal: not a git repository (or any of the parent directories): .git
2025-11-23 08:49:12.232 [info] > git rev-parse --show-toplevel [2ms]
2025-11-23 08:49:12.232 [info] fatal: not a git repository (or any of the parent directories): .git
2025-11-23 08:49:12.232 [info] > git rev-parse --show-toplevel [2ms]
2025-11-23 08:49:12.232 [info] fatal: not a git repository (or any of the parent directories): .git
2025-11-23 08:49:12.232 [info] > git rev-parse --show-toplevel [1ms]
2025-11-23 08:49:12.232 [info] fatal: not a git repository (or any of the parent directories): .git
2025-11-23 08:49:12.232 [info] > git rev-parse --show-toplevel [2ms]
2025-11-23 08:49:12.232 [info] fatal: not a git repository (or any of the parent directories): .git
2025-11-23 08:49:12.232 [info] > git rev-parse --show-toplevel [1ms]
2025-11-23 08:49:12.232 [info] fatal: not a git repository (or any of the parent directories): .git
2025-11-23 08:49:12.232 [info] > git rev-parse --show-toplevel [2ms]
2025-11-23 08:49:12.232 [info] fatal: not a git repository (or any of the parent directories): .git
2025-11-23 08:49:12.232 [info] > git rev-parse --show-toplevel [2ms]
2025-11-23 08:49:12.232 [info] fatal: not a git repository (or any of the parent directories): .git
2025-11-23 08:49:12.232 [info] > git rev-parse --show-toplevel [1ms]
2025-11-23 08:49:12.232 [info] fatal: not a git repository (or any of the parent directories): .git
2025-11-23 08:49:12.232 [info] > git rev-parse --show-toplevel [2ms]
2025-11-23 08:49:12.232 [info] fatal: not a git repository (or any of the parent directories): .git
2025-11-23 08:49:12.232 [info] > git rev-parse --show-toplevel [2ms]
2025-11-23 08:49:12.232 [info] > git rev-parse --git-dir --git-common-dir --show-superproject-working-tree [5ms]
2025-11-23 08:49:12.232 [info] [Model][openRepository] Opened repository (path): /home/seanos1a/ecommerce-dash
2025-11-23 08:49:12.232 [info] [Model][openRepository] Opened repository (real path): /home/seanos1a/ecommerce-dash
2025-11-23 08:49:12.232 [info] [Model][openRepository] Opened repository (kind): repository
2025-11-23 08:49:12.232 [info] > git config --get commit.template [5ms]
2025-11-23 08:49:12.232 [info] > git rev-parse --show-toplevel [2ms]
2025-11-23 08:49:12.232 [info] [Git][getRemotes] No remotes found in the git config file
2025-11-23 08:49:12.232 [info] > git for-each-ref --format=%(refname)%00%(upstream:short)%00%(objectname)%00%(upstream:track)%00%(upstream:remotename)%00%(upstream:remoteref) refs/heads/master refs/remotes/master [6ms]
2025-11-23 08:49:12.232 [info] > git status -z -uall [9ms]
2025-11-23 08:49:12.232 [info] > git rev-parse --git-dir --git-common-dir --show-superproject-working-tree [18ms]
2025-11-23 08:49:12.232 [info] [Model][openRepository] Opened repository (path): /home/seanos1a/ecotracker-app
2025-11-23 08:49:12.232 [info] [Model][openRepository] Opened repository (real path): /home/seanos1a/ecotracker-app
2025-11-23 08:49:12.232 [info] [Model][openRepository] Opened repository (kind): repository
2025-11-23 08:49:12.232 [info] > git for-each-ref --sort -committerdate --format %(refname)%00%(objectname)%00%(*objectname) [25ms]
2025-11-23 08:49:12.232 [info] > git for-each-ref --format=%(refname)%00%(upstream:short)%00%(objectname)%00%(upstream:track)%00%(upstream:remotename)%00%(upstream:remoteref) refs/heads/master refs/remotes/master [12ms]
2025-11-23 08:49:12.232 [info] > git rev-parse --show-toplevel [39ms]
2025-11-23 08:49:12.232 [info] fatal: not a git repository (or any of the parent directories): .git
2025-11-23 08:49:12.232 [info] > git config --get commit.template [43ms]
2025-11-23 08:49:12.232 [info] > git config --get --local branch.master.vscode-merge-base [29ms]
2025-11-23 08:49:12.232 [warning] [Git][config] git config failed: Failed to execute git
2025-11-23 08:49:12.232 [info] > git config --get commit.template [41ms]
2025-11-23 08:49:12.232 [info] > git rev-parse --show-toplevel [12ms]
2025-11-23 08:49:12.232 [info] fatal: not a git repository (or any of the parent directories): .git
2025-11-23 08:49:12.232 [info] [Git][getRemotes] No remotes found in the git config file
2025-11-23 08:49:12.232 [info] > git for-each-ref --format=%(refname)%00%(upstream:short)%00%(objectname)%00%(upstream:track)%00%(upstream:remotename)%00%(upstream:remoteref) refs/heads/master refs/remotes/master [6ms]
2025-11-23 08:49:12.232 [info] > git reflog master --grep-reflog=branch: Created from *. [11ms]
2025-11-23 08:49:12.232 [info] > git for-each-ref --format=%(refname)%00%(upstream:short)%00%(objectname)%00%(upstream:track)%00%(upstream:remotename)%00%(upstream:remoteref) refs/heads/master refs/remotes/master [9ms]
2025-11-23 08:49:12.232 [info] > git status -z -uall [44ms]
2025-11-23 08:49:12.232 [info] > git rev-parse --show-toplevel [51ms]
2025-11-23 08:49:12.232 [info] > git for-each-ref --sort -committerdate --format %(refname)%00%(objectname)%00%(*objectname) [48ms]
2025-11-23 08:49:12.232 [info] > git status -z -uall [6ms]
2025-11-23 08:49:12.232 [info] > git rev-parse --git-dir --git-common-dir --show-superproject-working-tree [14ms]
2025-11-23 08:49:12.232 [info] [Model][openRepository] Opened repository (path): /home/seanos1a/global-news-ai
2025-11-23 08:49:12.232 [info] [Model][openRepository] Opened repository (real path): /home/seanos1a/global-news-ai
2025-11-23 08:49:12.232 [info] [Model][openRepository] Opened repository (kind): repository
2025-11-23 08:49:12.232 [info] > git for-each-ref --sort -committerdate --format %(refname)%00%(objectname)%00%(*objectname) [17ms]
2025-11-23 08:49:12.238 [info] > git for-each-ref --format=%(refname)%00%(upstream:short)%00%(objectname)%00%(upstream:track)%00%(upstream:remotename)%00%(upstream:remoteref) refs/heads/master refs/remotes/master [11ms]
2025-11-23 08:49:12.244 [info] > git rev-parse --show-toplevel [28ms]
2025-11-23 08:49:12.244 [info] > git config --get commit.template [33ms]
2025-11-23 08:49:12.250 [info] > git config --get --local branch.master.vscode-merge-base [7ms]
2025-11-23 08:49:12.250 [warning] [Git][config] git config failed: Failed to execute git
2025-11-23 08:49:12.256 [info] > git config --get commit.template [19ms]
2025-11-23 08:49:12.262 [info] > git rev-parse --git-dir --git-common-dir --show-superproject-working-tree [13ms]
2025-11-23 08:49:12.267 [info] [Model][openRepository] Opened repository (path): /home/seanos1a/h2h
2025-11-23 08:49:12.267 [info] [Model][openRepository] Opened repository (real path): /home/seanos1a/h2h
2025-11-23 08:49:12.267 [info] [Model][openRepository] Opened repository (kind): repository
2025-11-23 08:49:12.284 [info] > git for-each-ref --format=%(refname)%00%(upstream:short)%00%(objectname)%00%(upstream:track)%00%(upstream:remotename)%00%(upstream:remoteref) refs/heads/main refs/remotes/main [23ms]
2025-11-23 08:49:12.284 [info] > git reflog master --grep-reflog=branch: Created from *. [29ms]
2025-11-23 08:49:12.294 [info] > git symbolic-ref --short refs/remotes/origin/HEAD [5ms]
2025-11-23 08:49:12.294 [info] fatal: ref refs/remotes/origin/HEAD is not a symbolic ref
2025-11-23 08:49:12.294 [warning] [Repository][getDefaultBranch] Failed to get default branch details: Failed to execute git.
2025-11-23 08:49:12.299 [info] > git rev-parse --show-toplevel [16ms]
2025-11-23 08:49:12.300 [info] fatal: not a git repository (or any of the parent directories): .git
2025-11-23 08:49:12.300 [info] > git config --get commit.template [22ms]
2025-11-23 08:49:12.300 [info] > git for-each-ref --format=%(refname)%00%(upstream:short)%00%(objectname)%00%(upstream:track)%00%(upstream:remotename)%00%(upstream:remoteref) refs/heads/master refs/remotes/master [27ms]
2025-11-23 08:49:12.310 [info] > git merge-base refs/heads/master refs/remotes/origin/master [11ms]
2025-11-23 08:49:12.325 [info] > git status -z -uall [5ms]
2025-11-23 08:49:12.326 [info] > git for-each-ref --format=%(refname)%00%(upstream:short)%00%(objectname)%00%(upstream:track)%00%(upstream:remotename)%00%(upstream:remoteref) refs/heads/main refs/remotes/main [17ms]
2025-11-23 08:49:12.326 [info] > git rev-parse --show-toplevel [21ms]
2025-11-23 08:49:12.326 [info] fatal: not a git repository (or any of the parent directories): .git
2025-11-23 08:49:12.340 [info] > git status -z -uall [9ms]
2025-11-23 08:49:12.340 [info] > git for-each-ref --sort -committerdate --format %(refname)%00%(objectname)%00%(*objectname) [16ms]
2025-11-23 08:49:12.352 [info] > git diff --name-status -z --diff-filter=ADMR --find-renames=50% b70d66f88d399a264d2d1a07e85dce708f400e9a...refs/remotes/origin/master -- [36ms]
2025-11-23 08:49:12.360 [info] > git for-each-ref --format=%(refname)%00%(upstream:short)%00%(objectname)%00%(upstream:track)%00%(upstream:remotename)%00%(upstream:remoteref) refs/heads/main refs/remotes/main [11ms]
2025-11-23 08:49:12.367 [info] > git rev-parse --show-toplevel [28ms]
2025-11-23 08:49:12.367 [info] fatal: not a git repository (or any of the parent directories): .git
2025-11-23 08:49:12.367 [info] > git for-each-ref --sort -committerdate --format %(refname)%00%(objectname)%00%(*objectname) [32ms]
2025-11-23 08:49:12.377 [info] > git config --get --local branch.main.vscode-merge-base [10ms]
2025-11-23 08:49:12.378 [warning] [Git][config] git config failed: Failed to execute git
2025-11-23 08:49:12.383 [info] > git config --get commit.template [25ms]
2025-11-23 08:49:12.394 [info] > git status -z -uall [6ms]
2025-11-23 08:49:12.394 [info] > git rev-parse --show-toplevel [17ms]
2025-11-23 08:49:12.408 [info] > git reflog main --grep-reflog=branch: Created from *. [25ms]
2025-11-23 08:49:12.414 [info] > git rev-parse --git-dir --git-common-dir --show-superproject-working-tree [11ms]
2025-11-23 08:49:12.420 [info] [Model][openRepository] Opened repository (path): /home/seanos1a/portfolio-hub
2025-11-23 08:49:12.421 [info] [Model][openRepository] Opened repository (real path): /home/seanos1a/portfolio-hub
2025-11-23 08:49:12.421 [info] [Model][openRepository] Opened repository (kind): repository
2025-11-23 08:49:12.422 [info] > git for-each-ref --format=%(refname)%00%(upstream:short)%00%(objectname)%00%(upstream:track)%00%(upstream:remotename)%00%(upstream:remoteref) refs/heads/main refs/remotes/main [23ms]
2025-11-23 08:49:12.422 [info] > git for-each-ref --sort -committerdate --format %(refname)%00%(objectname)%00%(*objectname) [29ms]
2025-11-23 08:49:12.448 [info] > git for-each-ref --format=%(refname)%00%(upstream:short)%00%(objectname)%00%(upstream:track)%00%(upstream:remotename)%00%(upstream:remoteref) refs/heads/main refs/remotes/main [18ms]
2025-11-23 08:49:12.453 [info] > git symbolic-ref --short refs/remotes/origin/HEAD [41ms]
2025-11-23 08:49:12.453 [info] fatal: ref refs/remotes/origin/HEAD is not a symbolic ref
2025-11-23 08:49:12.453 [warning] [Repository][getDefaultBranch] Failed to get default branch details: Failed to execute git.
2025-11-23 08:49:12.477 [info] > git merge-base refs/heads/main refs/remotes/origin/main [19ms]
2025-11-23 08:49:12.483 [info] > git config --get --local branch.main.vscode-merge-base [30ms]
2025-11-23 08:49:12.488 [info] > git config --get commit.template [41ms]
2025-11-23 08:49:12.488 [info] > git rev-parse --show-toplevel [46ms]
2025-11-23 08:49:12.489 [info] > git config --get commit.template [52ms]
2025-11-23 08:49:12.494 [info] > git for-each-ref --format=%(refname)%00%(upstream:short)%00%(objectname)%00%(upstream:track)%00%(upstream:remotename)%00%(upstream:remoteref) refs/heads/origin/main refs/remotes/origin/main [6ms]
2025-11-23 08:49:12.499 [info] > git diff --name-status -z --diff-filter=ADMR --find-renames=50% be33f1fb4df22e63f783f09e382ea71fe37d5da7...refs/remotes/origin/main -- [16ms]
2025-11-23 08:49:12.512 [info] [Git][getRemotes] No remotes found in the git config file
2025-11-23 08:49:12.518 [info] > git status -z -uall [11ms]
2025-11-23 08:49:12.518 [info] > git rev-parse --git-dir --git-common-dir --show-superproject-working-tree [24ms]
2025-11-23 08:49:12.522 [info] [Model][openRepository] Opened repository (path): /home/seanos1a/sean-s-landing-page
2025-11-23 08:49:12.522 [info] [Model][openRepository] Opened repository (real path): /home/seanos1a/sean-s-landing-page
2025-11-23 08:49:12.522 [info] [Model][openRepository] Opened repository (kind): repository
2025-11-23 08:49:12.533 [info] > git for-each-ref --format=%(refname)%00%(upstream:short)%00%(objectname)%00%(upstream:track)%00%(upstream:remotename)%00%(upstream:remoteref) refs/heads/main refs/remotes/main [16ms]
2025-11-23 08:49:12.534 [info] > git for-each-ref --sort -committerdate --format %(refname)%00%(objectname)%00%(*objectname) [22ms]
2025-11-23 08:49:12.537 [info] > git for-each-ref --format=%(refname)%00%(upstream:short)%00%(objectname)%00%(upstream:track)%00%(upstream:remotename)%00%(upstream:remoteref) refs/heads/master refs/remotes/master [34ms]
2025-11-23 08:49:12.547 [info] > git merge-base refs/heads/main refs/remotes/origin/main [48ms]
2025-11-23 08:49:12.553 [info] > git status -z -uall [12ms]
2025-11-23 08:49:12.554 [info] > git for-each-ref --sort -committerdate --format %(refname)%00%(objectname)%00%(*objectname) [7ms]
2025-11-23 08:49:12.565 [info] > git rev-parse --show-toplevel [33ms]
2025-11-23 08:49:12.565 [info] > git config --get commit.template [37ms]
2025-11-23 08:49:12.576 [info] > git for-each-ref --format=%(refname)%00%(upstream:short)%00%(objectname)%00%(upstream:track)%00%(upstream:remotename)%00%(upstream:remoteref) refs/heads/master refs/remotes/master [13ms]
2025-11-23 08:49:12.581 [info] > git diff --name-status -z --diff-filter=ADMR --find-renames=50% 18aa206a9aa4d0533e4132115d59c7c550acdc11...refs/remotes/origin/main -- [28ms]
2025-11-23 08:49:12.589 [info] > git rev-parse --git-dir --git-common-dir --show-superproject-working-tree [13ms]
2025-11-23 08:49:12.593 [info] [Model][openRepository] Opened repository (path): /home/seanos1a/yahtzee
2025-11-23 08:49:12.593 [info] [Model][openRepository] Opened repository (real path): /home/seanos1a/yahtzee
2025-11-23 08:49:12.593 [info] [Model][openRepository] Opened repository (kind): repository
2025-11-23 08:49:12.598 [info] [Model][doInitialScan] Initial repository scan completed - repositories (7), closed repositories (0), parent repositories (0), unsafe repositories (0)
2025-11-23 08:49:12.598 [info] > git config --get commit.template [28ms]
2025-11-23 08:49:12.618 [info] > git status -z -uall [14ms]
2025-11-23 08:49:12.618 [info] > git for-each-ref --format=%(refname)%00%(upstream:short)%00%(objectname)%00%(upstream:track)%00%(upstream:remotename)%00%(upstream:remoteref) refs/heads/main refs/remotes/main [31ms]
2025-11-23 08:49:12.618 [info] > git config --get --local branch.master.vscode-merge-base [38ms]
2025-11-23 08:49:12.618 [warning] [Git][config] git config failed: Failed to execute git
2025-11-23 08:49:12.623 [info] [Git][getRemotes] No remotes found in the git config file
2025-11-23 08:49:12.632 [warning] [Git][revParse] Unable to read file: ENOENT: no such file or directory, open '/home/seanos1a/sean-s-landing-page/.git/refs/remotes/origin/main'
2025-11-23 08:49:12.633 [info] > git rev-parse --show-toplevel [16ms]
2025-11-23 08:49:12.633 [info] fatal: not a git repository (or any of the parent directories): .git
2025-11-23 08:49:12.633 [info] > git config --get commit.template [20ms]
2025-11-23 08:49:12.633 [info] > git for-each-ref --sort -committerdate --format %(refname)%00%(objectname)%00%(*objectname) [25ms]
2025-11-23 08:49:12.639 [info] > git rev-parse refs/remotes/origin/main [7ms]
2025-11-23 08:49:12.649 [info] > git for-each-ref --format=%(refname)%00%(upstream:short)%00%(objectname)%00%(upstream:track)%00%(upstream:remotename)%00%(upstream:remoteref) refs/heads/master refs/remotes/master [22ms]
2025-11-23 08:49:12.658 [info] > git reflog master --grep-reflog=branch: Created from *. [35ms]
2025-11-23 08:49:12.670 [info] > git status -z -uall [26ms]
2025-11-23 08:49:12.670 [info] > git status -z -uall [16ms]
2025-11-23 08:49:12.671 [info] > git for-each-ref --sort -committerdate --format %(refname)%00%(objectname)%00%(*objectname) [13ms]
2025-11-23 08:49:12.673 [info] > git for-each-ref --sort -committerdate --format %(refname)%00%(objectname)%00%(*objectname) [24ms]
2025-11-23 08:49:12.691 [info] > git for-each-ref --format=%(refname)%00%(upstream:short)%00%(objectname)%00%(upstream:track)%00%(upstream:remotename)%00%(upstream:remoteref) refs/heads/main refs/remotes/main [10ms]
2025-11-23 08:49:12.696 [info] > git for-each-ref --format=%(refname)%00%(upstream:short)%00%(objectname)%00%(upstream:track)%00%(upstream:remotename)%00%(upstream:remoteref) refs/heads/main refs/remotes/main [27ms]
2025-11-23 08:49:12.729 [warning] [Git][revParse] Unable to read file: ENOENT: no such file or directory, open '/home/seanos1a/yahtzee/.git/refs/remotes/origin/main'
2025-11-23 08:49:12.730 [info] > git config --get commit.template [43ms]
2025-11-23 08:49:12.731 [info] > git config --get --local branch.main.vscode-merge-base [35ms]
2025-11-23 08:49:12.749 [info] > git check-ignore -v -z --stdin [9ms]
2025-11-23 08:49:12.750 [info] > git check-ignore -v -z --stdin [6ms]
2025-11-23 08:49:12.751 [info] > git for-each-ref --format=%(refname)%00%(upstream:short)%00%(objectname)%00%(upstream:track)%00%(upstream:remotename)%00%(upstream:remoteref) refs/heads/origin/main refs/remotes/origin/main [16ms]
2025-11-23 08:49:12.755 [info] > git rev-parse refs/remotes/origin/main [26ms]
2025-11-23 08:49:12.766 [info] > git status -z -uall [7ms]
2025-11-23 08:49:12.767 [info] > git merge-base refs/heads/main refs/remotes/origin/main [12ms]
2025-11-23 08:49:12.772 [info] > git for-each-ref --format=%(refname)%00%(upstream:short)%00%(objectname)%00%(upstream:track)%00%(upstream:remotename)%00%(upstream:remoteref) refs/heads/main refs/remotes/main [24ms]
2025-11-23 08:49:12.782 [warning] [Git][revParse] Unable to read file: ENOENT: no such file or directory, open '/home/seanos1a/sean-s-landing-page/.git/refs/remotes/origin/main'
2025-11-23 08:49:12.783 [info] > git diff --name-status -z --diff-filter=ADMR --find-renames=50% a20cf3b3e3daacb5602c2e11271afab430711ea7...refs/remotes/origin/main -- [12ms]
2025-11-23 08:49:12.785 [info] > git for-each-ref --sort -committerdate --format %(refname)%00%(objectname)%00%(*objectname) [21ms]
2025-11-23 08:49:12.803 [info] > git for-each-ref --format=%(refname)%00%(upstream:short)%00%(objectname)%00%(upstream:track)%00%(upstream:remotename)%00%(upstream:remoteref) refs/heads/main refs/remotes/main [11ms]
2025-11-23 08:49:12.808 [info] > git rev-parse refs/remotes/origin/main [25ms]
2025-11-23 08:49:12.817 [info] > git status -z -uall [5ms]
2025-11-23 08:49:12.818 [info] > git config --get --local branch.main.vscode-merge-base [11ms]
2025-11-23 08:49:12.822 [info] > git config --get commit.template [20ms]
2025-11-23 08:49:12.823 [info] > git for-each-ref --sort -committerdate --format %(refname)%00%(objectname)%00%(*objectname) [7ms]
2025-11-23 08:49:12.830 [info] > git for-each-ref --format=%(refname)%00%(upstream:short)%00%(objectname)%00%(upstream:track)%00%(upstream:remotename)%00%(upstream:remoteref) refs/heads/origin/main refs/remotes/origin/main [8ms]
2025-11-23 08:49:12.836 [info] > git for-each-ref --format=%(refname)%00%(upstream:short)%00%(objectname)%00%(upstream:track)%00%(upstream:remotename)%00%(upstream:remoteref) refs/heads/main refs/remotes/main [7ms]
2025-11-23 08:49:12.841 [warning] [Git][revParse] Unable to read file: ENOENT: no such file or directory, open '/home/seanos1a/yahtzee/.git/refs/remotes/origin/main'
2025-11-23 08:49:12.842 [info] > git merge-base refs/heads/main refs/remotes/origin/main [7ms]
2025-11-23 08:49:12.847 [info] > git rev-parse refs/remotes/origin/main [7ms]
2025-11-23 08:49:12.858 [info] > git status -z -uall [6ms]
2025-11-23 08:49:12.858 [info] > git diff --name-status -z --diff-filter=ADMR --find-renames=50% 0be2243cbbf266187297093da44471024eb9a029...refs/remotes/origin/main -- [12ms]
2025-11-23 08:49:12.859 [info] > git for-each-ref --sort -committerdate --format %(refname)%00%(objectname)%00%(*objectname) [3ms]
2025-11-23 08:49:13.287 [info] > git check-ignore -v -z --stdin [5ms]
2025-11-23 08:49:13.288 [info] > git check-ignore -v -z --stdin [2ms]
2025-11-23 08:49:31.744 [info] > git config --get commit.template [9ms]
2025-11-23 08:49:31.745 [info] > git for-each-ref --format=%(refname)%00%(upstream:short)%00%(objectname)%00%(upstream:track)%00%(upstream:remotename)%00%(upstream:remoteref) refs/heads/main refs/remotes/main [2ms]
2025-11-23 08:49:31.757 [info] > git status -z -uall [6ms]
2025-11-23 08:49:31.759 [info] > git for-each-ref --sort -committerdate --format %(refname)%00%(objectname)%00%(*objectname) [3ms]
2025-11-23 08:49:36.773 [info] > git config --get commit.template [6ms]
2025-11-23 08:49:36.775 [info] > git for-each-ref --format=%(refname)%00%(upstream:short)%00%(objectname)%00%(upstream:track)%00%(upstream:remotename)%00%(upstream:remoteref) refs/heads/main refs/remotes/main [2ms]
2025-11-23 08:49:36.785 [info] > git status -z -uall [5ms]
2025-11-23 08:49:36.787 [info] > git for-each-ref --sort -committerdate --format %(refname)%00%(objectname)%00%(*objectname) [2ms]
2025-11-23 08:49:41.803 [info] > git config --get commit.template [7ms]
2025-11-23 08:49:41.805 [info] > git for-each-ref --format=%(refname)%00%(upstream:short)%00%(objectname)%00%(upstream:track)%00%(upstream:remotename)%00%(upstream:remoteref) refs/heads/main refs/remotes/main [3ms]
2025-11-23 08:49:41.819 [info] > git status -z -uall [9ms]
2025-11-23 08:49:41.819 [info] > git for-each-ref --sort -committerdate --format %(refname)%00%(objectname)%00%(*objectname) [4ms]
2025-11-23 08:49:46.834 [info] > git config --get commit.template [5ms]
2025-11-23 08:49:46.835 [info] > git for-each-ref --format=%(refname)%00%(upstream:short)%00%(objectname)%00%(upstream:track)%00%(upstream:remotename)%00%(upstream:remoteref) refs/heads/main refs/remotes/main [2ms]
2025-11-23 08:49:46.845 [info] > git status -z -uall [5ms]
2025-11-23 08:49:46.846 [info] > git for-each-ref --sort -committerdate --format %(refname)%00%(objectname)%00%(*objectname) [2ms]
2025-11-23 08:50:07.186 [info] > git config --get commit.template [6ms]
2025-11-23 08:50:07.187 [info] > git for-each-ref --format=%(refname)%00%(upstream:short)%00%(objectname)%00%(upstream:track)%00%(upstream:remotename)%00%(upstream:remoteref) refs/heads/main refs/remotes/main [2ms]
2025-11-23 08:50:07.197 [info] > git status -z -uall [5ms]
2025-11-23 08:50:07.199 [info] > git for-each-ref --sort -committerdate --format %(refname)%00%(objectname)%00%(*objectname) [3ms]
2025-11-23 08:50:41.989 [info] > git config --get commit.template [6ms]
2025-11-23 08:50:41.990 [info] > git for-each-ref --format=%(refname)%00%(upstream:short)%00%(objectname)%00%(upstream:track)%00%(upstream:remotename)%00%(upstream:remoteref) refs/heads/main refs/remotes/main [2ms]
2025-11-23 08:50:41.996 [warning] [Git][revParse] Unable to read file: ENOENT: no such file or directory, open '/home/seanos1a/sean-s-landing-page/.git/refs/remotes/origin/main'
2025-11-23 08:50:41.998 [info] > git rev-parse refs/remotes/origin/main [2ms]
2025-11-23 08:50:42.010 [info] > git status -z -uall [7ms]
2025-11-23 08:50:42.012 [info] > git for-each-ref --sort -committerdate --format %(refname)%00%(objectname)%00%(*objectname) [4ms]
2025-11-23 08:51:01.489 [info] [Git][getRemotes] No remotes found in the git config file
2025-11-23 08:51:01.490 [info] > git config --get commit.template [7ms]
2025-11-23 08:51:01.491 [info] > git for-each-ref --format=%(refname)%00%(upstream:short)%00%(objectname)%00%(upstream:track)%00%(upstream:remotename)%00%(upstream:remoteref) refs/heads/master refs/remotes/master [3ms]
2025-11-23 08:51:01.503 [info] > git status -z -uall [6ms]
2025-11-23 08:51:01.504 [info] > git for-each-ref --sort -committerdate --format %(refname)%00%(objectname)%00%(*objectname) [3ms]
2025-11-23 08:51:12.765 [info] > git config --get commit.template [7ms]
2025-11-23 08:51:12.766 [info] > git for-each-ref --format=%(refname)%00%(upstream:short)%00%(objectname)%00%(upstream:track)%00%(upstream:remotename)%00%(upstream:remoteref) refs/heads/main refs/remotes/main [2ms]
2025-11-23 08:51:12.771 [warning] [Git][revParse] Unable to read file: ENOENT: no such file or directory, open '/home/seanos1a/sean-s-landing-page/.git/refs/remotes/origin/main'
2025-11-23 08:51:12.773 [info] > git rev-parse refs/remotes/origin/main [2ms]
2025-11-23 08:51:12.787 [info] > git status -z -uall [9ms]
2025-11-23 08:51:12.788 [info] > git for-each-ref --sort -committerdate --format %(refname)%00%(objectname)%00%(*objectname) [2ms]
