2025-11-24 23:18:26.830 [info] [main] Log level: Info
2025-11-24 23:18:26.830 [info] [main] Validating found git in: "git"
2025-11-24 23:18:26.830 [info] [main] Using git "2.47.3" from "git"
2025-11-24 23:18:26.830 [info] [Model][doInitialScan] Initial repository scan started
2025-11-24 23:18:26.830 [info] > git rev-parse --show-toplevel [3ms]
2025-11-24 23:18:26.830 [info] fatal: not a git repository (or any of the parent directories): .git
2025-11-24 23:18:26.830 [info] > git rev-parse --show-toplevel [2ms]
2025-11-24 23:18:26.830 [info] fatal: not a git repository (or any of the parent directories): .git
2025-11-24 23:18:26.830 [info] > git rev-parse --show-toplevel [1ms]
2025-11-24 23:18:26.830 [info] fatal: not a git repository (or any of the parent directories): .git
2025-11-24 23:18:26.830 [info] > git rev-parse --show-toplevel [2ms]
2025-11-24 23:18:26.830 [info] fatal: not a git repository (or any of the parent directories): .git
2025-11-24 23:18:26.830 [info] > git rev-parse --show-toplevel [1ms]
2025-11-24 23:18:26.830 [info] fatal: not a git repository (or any of the parent directories): .git
2025-11-24 23:18:26.830 [info] > git rev-parse --show-toplevel [1ms]
2025-11-24 23:18:26.830 [info] fatal: not a git repository (or any of the parent directories): .git
2025-11-24 23:18:26.830 [info] > git rev-parse --show-toplevel [2ms]
2025-11-24 23:18:26.830 [info] fatal: not a git repository (or any of the parent directories): .git
2025-11-24 23:18:26.830 [info] > git rev-parse --show-toplevel [2ms]
2025-11-24 23:18:26.830 [info] fatal: not a git repository (or any of the parent directories): .git
2025-11-24 23:18:26.830 [info] > git rev-parse --show-toplevel [2ms]
2025-11-24 23:18:26.830 [info] fatal: not a git repository (or any of the parent directories): .git
2025-11-24 23:18:26.830 [info] > git rev-parse --show-toplevel [1ms]
2025-11-24 23:18:26.830 [info] fatal: not a git repository (or any of the parent directories): .git
2025-11-24 23:18:26.830 [info] > git rev-parse --show-toplevel [2ms]
2025-11-24 23:18:26.830 [info] fatal: not a git repository (or any of the parent directories): .git
2025-11-24 23:18:26.830 [info] > git rev-parse --show-toplevel [2ms]
2025-11-24 23:18:26.830 [info] fatal: not a git repository (or any of the parent directories): .git
2025-11-24 23:18:26.830 [info] > git rev-parse --show-toplevel [2ms]
2025-11-24 23:18:26.830 [info] fatal: not a git repository (or any of the parent directories): .git
2025-11-24 23:18:26.830 [info] > git rev-parse --show-toplevel [2ms]
2025-11-24 23:18:26.830 [info] fatal: not a git repository (or any of the parent directories): .git
2025-11-24 23:18:26.830 [info] > git rev-parse --show-toplevel [2ms]
2025-11-24 23:18:26.830 [info] fatal: not a git repository (or any of the parent directories): .git
2025-11-24 23:18:26.830 [info] > git rev-parse --show-toplevel [2ms]
2025-11-24 23:18:26.830 [info] fatal: not a git repository (or any of the parent directories): .git
2025-11-24 23:18:26.830 [info] > git rev-parse --show-toplevel [1ms]
2025-11-24 23:18:26.830 [info] fatal: not a git repository (or any of the parent directories): .git
2025-11-24 23:18:26.830 [info] > git rev-parse --show-toplevel [3ms]
2025-11-24 23:18:26.830 [info] fatal: not a git repository (or any of the parent directories): .git
2025-11-24 23:18:26.830 [info] > git rev-parse --show-toplevel [2ms]
2025-11-24 23:18:26.830 [info] fatal: not a git repository (or any of the parent directories): .git
2025-11-24 23:18:26.830 [info] > git rev-parse --show-toplevel [2ms]
2025-11-24 23:18:26.830 [info] fatal: not a git repository (or any of the parent directories): .git
2025-11-24 23:18:26.830 [info] > git rev-parse --show-toplevel [2ms]
2025-11-24 23:18:26.830 [info] fatal: not a git repository (or any of the parent directories): .git
2025-11-24 23:18:26.830 [info] > git rev-parse --show-toplevel [2ms]
2025-11-24 23:18:26.830 [info] fatal: not a git repository (or any of the parent directories): .git
2025-11-24 23:18:26.830 [info] > git rev-parse --show-toplevel [1ms]
2025-11-24 23:18:26.830 [info] fatal: not a git repository (or any of the parent directories): .git
2025-11-24 23:18:26.830 [info] > git rev-parse --show-toplevel [1ms]
2025-11-24 23:18:26.830 [info] fatal: not a git repository (or any of the parent directories): .git
2025-11-24 23:18:26.830 [info] > git rev-parse --show-toplevel [1ms]
2025-11-24 23:18:26.830 [info] fatal: not a git repository (or any of the parent directories): .git
2025-11-24 23:18:26.830 [info] > git rev-parse --show-toplevel [2ms]
2025-11-24 23:18:26.830 [info] > git rev-parse --git-dir --git-common-dir --show-superproject-working-tree [127ms]
2025-11-24 23:18:26.830 [info] [Model][openRepository] Opened repository (path): /home/seanos1a/ecommerce-dash
2025-11-24 23:18:26.830 [info] [Model][openRepository] Opened repository (real path): /home/seanos1a/ecommerce-dash
2025-11-24 23:18:26.830 [info] [Model][openRepository] Opened repository (kind): repository
2025-11-24 23:18:26.830 [info] > git config --get commit.template [6ms]
2025-11-24 23:18:26.830 [info] > git rev-parse --show-toplevel [3ms]
2025-11-24 23:18:26.830 [info] > git for-each-ref --format=%(refname)%00%(upstream:short)%00%(objectname)%00%(upstream:track)%00%(upstream:remotename)%00%(upstream:remoteref) refs/heads/master refs/remotes/master [7ms]
2025-11-24 23:18:26.830 [info] > git status -z -uall [7ms]
2025-11-24 23:18:26.830 [info] > git rev-parse --git-dir --git-common-dir --show-superproject-working-tree [15ms]
2025-11-24 23:18:26.830 [info] [Model][openRepository] Opened repository (path): /home/seanos1a/ecotracker-app
2025-11-24 23:18:26.830 [info] [Model][openRepository] Opened repository (real path): /home/seanos1a/ecotracker-app
2025-11-24 23:18:26.830 [info] [Model][openRepository] Opened repository (kind): repository
2025-11-24 23:18:26.830 [info] > git for-each-ref --sort -committerdate --format %(refname)%00%(objectname)%00%(*objectname) [19ms]
2025-11-24 23:18:26.830 [info] > git for-each-ref --format=%(refname)%00%(upstream:short)%00%(objectname)%00%(upstream:track)%00%(upstream:remotename)%00%(upstream:remoteref) refs/heads/master refs/remotes/master [9ms]
2025-11-24 23:18:26.830 [info] > git rev-parse --show-toplevel [40ms]
2025-11-24 23:18:26.830 [info] fatal: not a git repository (or any of the parent directories): .git
2025-11-24 23:18:26.830 [info] > git config --get commit.template [44ms]
2025-11-24 23:18:26.830 [info] > git config --get --local branch.master.vscode-merge-base [7ms]
2025-11-24 23:18:26.831 [warning] [Git][config] git config failed: Failed to execute git
2025-11-24 23:18:26.831 [info] > git config --get commit.template [17ms]
2025-11-24 23:18:26.831 [info] > git rev-parse --show-toplevel [17ms]
2025-11-24 23:18:26.831 [info] fatal: not a git repository (or any of the parent directories): .git
2025-11-24 23:18:26.831 [info] > git for-each-ref --format=%(refname)%00%(upstream:short)%00%(objectname)%00%(upstream:track)%00%(upstream:remotename)%00%(upstream:remoteref) refs/heads/master refs/remotes/master [13ms]
2025-11-24 23:18:26.831 [info] > git reflog master --grep-reflog=branch: Created from *. [18ms]
2025-11-24 23:18:26.831 [info] > git for-each-ref --format=%(refname)%00%(upstream:short)%00%(objectname)%00%(upstream:track)%00%(upstream:remotename)%00%(upstream:remoteref) refs/heads/master refs/remotes/master [14ms]
2025-11-24 23:18:26.831 [info] > git status -z -uall [7ms]
2025-11-24 23:18:26.831 [info] > git rev-parse --show-toplevel [15ms]
2025-11-24 23:18:26.831 [info] > git symbolic-ref --short refs/remotes/origin/HEAD [19ms]
2025-11-24 23:18:26.831 [info] fatal: ref refs/remotes/origin/HEAD is not a symbolic ref
2025-11-24 23:18:26.831 [warning] [Repository][getDefaultBranch] Failed to get default branch details: Failed to execute git.
2025-11-24 23:18:26.831 [info] > git for-each-ref --sort -committerdate --format %(refname)%00%(objectname)%00%(*objectname) [9ms]
2025-11-24 23:18:26.832 [info] > git status -z -uall [6ms]
2025-11-24 23:18:26.832 [info] > git rev-parse --git-dir --git-common-dir --show-superproject-working-tree [16ms]
2025-11-24 23:18:26.836 [info] [Model][openRepository] Opened repository (path): /home/seanos1a/global-news-ai
2025-11-24 23:18:26.837 [info] [Model][openRepository] Opened repository (real path): /home/seanos1a/global-news-ai
2025-11-24 23:18:26.837 [info] [Model][openRepository] Opened repository (kind): repository
2025-11-24 23:18:26.847 [info] > git for-each-ref --sort -committerdate --format %(refname)%00%(objectname)%00%(*objectname) [17ms]
2025-11-24 23:18:26.866 [info] > git for-each-ref --format=%(refname)%00%(upstream:short)%00%(objectname)%00%(upstream:track)%00%(upstream:remotename)%00%(upstream:remoteref) refs/heads/master refs/remotes/master [8ms]
2025-11-24 23:18:26.871 [info] > git rev-parse --show-toplevel [24ms]
2025-11-24 23:18:26.871 [info] > git config --get commit.template [29ms]
2025-11-24 23:18:26.886 [info] > git config --get commit.template [22ms]
2025-11-24 23:18:26.891 [info] > git config --get --local branch.master.vscode-merge-base [21ms]
2025-11-24 23:18:26.892 [warning] [Git][config] git config failed: Failed to execute git
2025-11-24 23:18:26.902 [info] > git for-each-ref --format=%(refname)%00%(upstream:short)%00%(objectname)%00%(upstream:track)%00%(upstream:remotename)%00%(upstream:remoteref) refs/heads/main refs/remotes/main [12ms]
2025-11-24 23:18:26.902 [info] > git rev-parse --git-dir --git-common-dir --show-superproject-working-tree [17ms]
2025-11-24 23:18:26.907 [info] [Model][openRepository] Opened repository (path): /home/seanos1a/h2h
2025-11-24 23:18:26.907 [info] [Model][openRepository] Opened repository (real path): /home/seanos1a/h2h
2025-11-24 23:18:26.907 [info] [Model][openRepository] Opened repository (kind): repository
2025-11-24 23:18:26.918 [info] > git for-each-ref --format=%(refname)%00%(upstream:short)%00%(objectname)%00%(upstream:track)%00%(upstream:remotename)%00%(upstream:remoteref) refs/heads/master refs/remotes/master [18ms]
2025-11-24 23:18:26.918 [info] > git reflog master --grep-reflog=branch: Created from *. [22ms]
2025-11-24 23:18:26.924 [info] > git rev-parse --show-toplevel [7ms]
2025-11-24 23:18:26.924 [info] > git config --get commit.template [11ms]
2025-11-24 23:18:26.929 [info] > git symbolic-ref --short refs/remotes/origin/HEAD [7ms]
2025-11-24 23:18:26.929 [info] fatal: ref refs/remotes/origin/HEAD is not a symbolic ref
2025-11-24 23:18:26.929 [warning] [Repository][getDefaultBranch] Failed to get default branch details: Failed to execute git.
2025-11-24 23:18:26.951 [info] > git status -z -uall [11ms]
2025-11-24 23:18:26.951 [info] > git rev-parse --git-dir --git-common-dir --show-superproject-working-tree [23ms]
2025-11-24 23:18:26.955 [info] [Model][openRepository] Opened repository (path): /home/seanos1a/hyperspeed
2025-11-24 23:18:26.955 [info] [Model][openRepository] Opened repository (real path): /home/seanos1a/hyperspeed
2025-11-24 23:18:26.955 [info] [Model][openRepository] Opened repository (kind): repository
2025-11-24 23:18:27.008 [info] > git status -z -uall [16ms]
2025-11-24 23:18:27.008 [info] > git for-each-ref --format=%(refname)%00%(upstream:short)%00%(objectname)%00%(upstream:track)%00%(upstream:remotename)%00%(upstream:remoteref) refs/heads/main refs/remotes/main [59ms]
2025-11-24 23:18:27.009 [info] > git for-each-ref --sort -committerdate --format %(refname)%00%(objectname)%00%(*objectname) [64ms]
2025-11-24 23:18:27.019 [info] > git merge-base refs/heads/master refs/remotes/origin/master [84ms]
2025-11-24 23:18:27.031 [info] > git for-each-ref --format=%(refname)%00%(upstream:short)%00%(objectname)%00%(upstream:track)%00%(upstream:remotename)%00%(upstream:remoteref) refs/heads/main refs/remotes/main [14ms]
2025-11-24 23:18:27.037 [info] > git rev-parse --show-toplevel [31ms]
2025-11-24 23:18:27.037 [info] fatal: not a git repository (or any of the parent directories): .git
2025-11-24 23:18:27.037 [info] > git config --get commit.template [35ms]
2025-11-24 23:18:27.037 [info] > git for-each-ref --sort -committerdate --format %(refname)%00%(objectname)%00%(*objectname) [40ms]
2025-11-24 23:18:27.051 [info] > git config --get --local branch.main.vscode-merge-base [15ms]
2025-11-24 23:18:27.051 [warning] [Git][config] git config failed: Failed to execute git
2025-11-24 23:18:27.055 [info] > git config --get commit.template [25ms]
2025-11-24 23:18:27.055 [info] > git diff --name-status -z --diff-filter=ADMR --find-renames=50% 4a574ee18c7cb85a34ff5f3667cc817648dae83b...refs/remotes/origin/master -- [31ms]
2025-11-24 23:18:27.064 [info] [Git][getRemotes] No remotes found in the git config file
2025-11-24 23:18:27.065 [info] > git rev-parse --show-toplevel [15ms]
2025-11-24 23:18:27.065 [info] fatal: not a git repository (or any of the parent directories): .git
2025-11-24 23:18:27.065 [info] > git merge-base refs/heads/master refs/remotes/origin/master [21ms]
2025-11-24 23:18:27.088 [info] > git status -z -uall [13ms]
2025-11-24 23:18:27.088 [info] > git for-each-ref --format=%(refname)%00%(upstream:short)%00%(objectname)%00%(upstream:track)%00%(upstream:remotename)%00%(upstream:remoteref) refs/heads/main refs/remotes/main [25ms]
2025-11-24 23:18:27.097 [info] > git reflog main --grep-reflog=branch: Created from *. [42ms]
2025-11-24 23:18:27.108 [info] > git status -z -uall [16ms]
2025-11-24 23:18:27.108 [info] > git for-each-ref --sort -committerdate --format %(refname)%00%(objectname)%00%(*objectname) [11ms]
2025-11-24 23:18:27.117 [info] > git rev-parse --show-toplevel [30ms]
2025-11-24 23:18:27.117 [info] > git for-each-ref --format=%(refname)%00%(upstream:short)%00%(objectname)%00%(upstream:track)%00%(upstream:remotename)%00%(upstream:remoteref) refs/heads/main refs/remotes/main [34ms]
2025-11-24 23:18:27.117 [info] > git for-each-ref --sort -committerdate --format %(refname)%00%(objectname)%00%(*objectname) [38ms]
2025-11-24 23:18:27.127 [info] > git diff --name-status -z --diff-filter=ADMR --find-renames=50% 4a574ee18c7cb85a34ff5f3667cc817648dae83b...refs/remotes/origin/master -- [57ms]
2025-11-24 23:18:27.142 [info] > git for-each-ref --format=%(refname)%00%(upstream:short)%00%(objectname)%00%(upstream:track)%00%(upstream:remotename)%00%(upstream:remoteref) refs/heads/main refs/remotes/main [17ms]
2025-11-24 23:18:27.147 [info] > git for-each-ref --format=%(refname)%00%(upstream:short)%00%(objectname)%00%(upstream:track)%00%(upstream:remotename)%00%(upstream:remoteref) refs/heads/main refs/remotes/main [33ms]
2025-11-24 23:18:27.151 [info] > git symbolic-ref --short refs/remotes/origin/HEAD [50ms]
2025-11-24 23:18:27.152 [info] fatal: ref refs/remotes/origin/HEAD is not a symbolic ref
2025-11-24 23:18:27.152 [warning] [Repository][getDefaultBranch] Failed to get default branch details: Failed to execute git.
2025-11-24 23:18:27.158 [info] > git config --get --local branch.main.vscode-merge-base [7ms]
2025-11-24 23:18:27.158 [warning] [Git][config] git config failed: Failed to execute git
2025-11-24 23:18:27.163 [info] > git config --get --local branch.main.vscode-merge-base [17ms]
2025-11-24 23:18:27.168 [info] > git config --get commit.template [27ms]
2025-11-24 23:18:27.168 [info] > git rev-parse --git-dir --git-common-dir --show-superproject-working-tree [32ms]
2025-11-24 23:18:27.173 [info] [Model][openRepository] Opened repository (path): /home/seanos1a/nebula-ui
2025-11-24 23:18:27.173 [info] [Model][openRepository] Opened repository (real path): /home/seanos1a/nebula-ui
2025-11-24 23:18:27.173 [info] [Model][openRepository] Opened repository (kind): repository
2025-11-24 23:18:27.174 [info] > git config --get commit.template [41ms]
2025-11-24 23:18:27.185 [info] > git for-each-ref --format=%(refname)%00%(upstream:short)%00%(objectname)%00%(upstream:track)%00%(upstream:remotename)%00%(upstream:remoteref) refs/heads/origin/main refs/remotes/origin/main [17ms]
2025-11-24 23:18:27.190 [info] > git reflog main --grep-reflog=branch: Created from *. [27ms]
2025-11-24 23:18:27.191 [info] > git merge-base refs/heads/main refs/remotes/origin/main [35ms]
2025-11-24 23:18:27.201 [info] [Git][getRemotes] No remotes found in the git config file
2025-11-24 23:18:27.215 [info] > git status -z -uall [10ms]
2025-11-24 23:18:27.215 [info] > git merge-base refs/heads/main refs/remotes/origin/main [25ms]
2025-11-24 23:18:27.221 [info] > git rev-parse --show-toplevel [36ms]
2025-11-24 23:18:27.221 [info] fatal: not a git repository (or any of the parent directories): .git
2025-11-24 23:18:27.221 [info] > git config --get commit.template [42ms]
2025-11-24 23:18:27.227 [info] > git for-each-ref --format=%(refname)%00%(upstream:short)%00%(objectname)%00%(upstream:track)%00%(upstream:remotename)%00%(upstream:remoteref) refs/heads/main refs/remotes/main [14ms]
2025-11-24 23:18:27.228 [info] > git for-each-ref --sort -committerdate --format %(refname)%00%(objectname)%00%(*objectname) [19ms]
2025-11-24 23:18:27.235 [info] > git for-each-ref --format=%(refname)%00%(upstream:short)%00%(objectname)%00%(upstream:track)%00%(upstream:remotename)%00%(upstream:remoteref) refs/heads/main refs/remotes/main [35ms]
2025-11-24 23:18:27.246 [info] > git diff --name-status -z --diff-filter=ADMR --find-renames=50% b7c18827961630bcceac977966b4df2e2c5a5e93...refs/remotes/origin/main -- [51ms]
2025-11-24 23:18:27.252 [info] > git status -z -uall [12ms]
2025-11-24 23:18:27.254 [info] > git merge-base refs/heads/main refs/remotes/origin/main [19ms]
2025-11-24 23:18:27.259 [info] > git rev-parse --show-toplevel [33ms]
2025-11-24 23:18:27.259 [info] > git diff --name-status -z --diff-filter=ADMR --find-renames=50% 18aa206a9aa4d0533e4132115d59c7c550acdc11...refs/remotes/origin/main -- [39ms]
2025-11-24 23:18:27.268 [info] > git diff --name-status -z --diff-filter=ADMR --find-renames=50% b7c18827961630bcceac977966b4df2e2c5a5e93...refs/remotes/origin/main -- [10ms]
2025-11-24 23:18:27.269 [info] > git for-each-ref --format=%(refname)%00%(upstream:short)%00%(objectname)%00%(upstream:track)%00%(upstream:remotename)%00%(upstream:remoteref) refs/heads/master refs/remotes/master [18ms]
2025-11-24 23:18:27.269 [info] > git for-each-ref --sort -committerdate --format %(refname)%00%(objectname)%00%(*objectname) [24ms]
2025-11-24 23:18:27.273 [info] > git rev-parse --git-dir --git-common-dir --show-superproject-working-tree [6ms]
2025-11-24 23:18:27.281 [info] [Model][openRepository] Opened repository (path): /home/seanos1a/portfolio-hub
2025-11-24 23:18:27.281 [info] [Model][openRepository] Opened repository (real path): /home/seanos1a/portfolio-hub
2025-11-24 23:18:27.281 [info] [Model][openRepository] Opened repository (kind): repository
2025-11-24 23:18:27.302 [info] > git status -z -uall [16ms]
2025-11-24 23:18:27.302 [info] > git config --get commit.template [6ms]
2025-11-24 23:18:27.302 [info] > git for-each-ref --sort -committerdate --format %(refname)%00%(objectname)%00%(*objectname) [11ms]
2025-11-24 23:18:27.316 [info] > git rev-parse --show-toplevel [16ms]
2025-11-24 23:18:27.316 [info] fatal: not a git repository (or any of the parent directories): .git
2025-11-24 23:18:27.322 [info] [Git][getRemotes] No remotes found in the git config file
2025-11-24 23:18:27.326 [info] > git status -z -uall [16ms]
2025-11-24 23:18:27.328 [info] > git for-each-ref --format=%(refname)%00%(upstream:short)%00%(objectname)%00%(upstream:track)%00%(upstream:remotename)%00%(upstream:remoteref) refs/heads/master refs/remotes/master [7ms]
2025-11-24 23:18:27.337 [info] > git for-each-ref --sort -committerdate --format %(refname)%00%(objectname)%00%(*objectname) [22ms]
2025-11-24 23:18:27.351 [info] > git status -z -uall [19ms]
2025-11-24 23:18:27.351 [info] > git for-each-ref --sort -committerdate --format %(refname)%00%(objectname)%00%(*objectname) [14ms]
2025-11-24 23:18:27.359 [info] > git rev-parse --show-toplevel [32ms]
2025-11-24 23:18:27.359 [info] fatal: not a git repository (or any of the parent directories): .git
2025-11-24 23:18:27.369 [info] > git for-each-ref --format=%(refname)%00%(upstream:short)%00%(objectname)%00%(upstream:track)%00%(upstream:remotename)%00%(upstream:remoteref) refs/heads/master refs/remotes/master [13ms]
2025-11-24 23:18:27.374 [info] > git config --get commit.template [24ms]
2025-11-24 23:18:27.375 [info] > git for-each-ref --format=%(refname)%00%(upstream:short)%00%(objectname)%00%(upstream:track)%00%(upstream:remotename)%00%(upstream:remoteref) refs/heads/master refs/remotes/master [31ms]
2025-11-24 23:18:27.382 [info] > git config --get --local branch.master.vscode-merge-base [8ms]
2025-11-24 23:18:27.382 [warning] [Git][config] git config failed: Failed to execute git
2025-11-24 23:18:27.386 [info] > git rev-parse --show-toplevel [18ms]
2025-11-24 23:18:27.387 [info] > git config --get commit.template [23ms]
2025-11-24 23:18:27.396 [info] > git config --get --local branch.master.vscode-merge-base [17ms]
2025-11-24 23:18:27.396 [warning] [Git][config] git config failed: Failed to execute git
2025-11-24 23:18:27.404 [info] [Git][getRemotes] No remotes found in the git config file
2025-11-24 23:18:27.406 [info] > git rev-parse --git-dir --git-common-dir --show-superproject-working-tree [11ms]
2025-11-24 23:18:27.412 [info] [Model][openRepository] Opened repository (path): /home/seanos1a/sean-s-landing-page
2025-11-24 23:18:27.412 [info] [Model][openRepository] Opened repository (real path): /home/seanos1a/sean-s-landing-page
2025-11-24 23:18:27.413 [info] [Model][openRepository] Opened repository (kind): repository
2025-11-24 23:18:27.414 [info] > git for-each-ref --format=%(refname)%00%(upstream:short)%00%(objectname)%00%(upstream:track)%00%(upstream:remotename)%00%(upstream:remoteref) refs/heads/master refs/remotes/master [23ms]
2025-11-24 23:18:27.414 [info] > git reflog master --grep-reflog=branch: Created from *. [28ms]
2025-11-24 23:18:27.425 [info] > git for-each-ref --format=%(refname)%00%(upstream:short)%00%(objectname)%00%(upstream:track)%00%(upstream:remotename)%00%(upstream:remoteref) refs/heads/master refs/remotes/master [21ms]
2025-11-24 23:18:27.434 [info] > git reflog master --grep-reflog=branch: Created from *. [34ms]
2025-11-24 23:18:27.440 [info] > git status -z -uall [11ms]
2025-11-24 23:18:27.441 [info] > git for-each-ref --sort -committerdate --format %(refname)%00%(objectname)%00%(*objectname) [7ms]
2025-11-24 23:18:27.443 [info] > git rev-parse --show-toplevel [19ms]
2025-11-24 23:18:27.443 [info] fatal: not a git repository (or any of the parent directories): .git
2025-11-24 23:18:27.443 [info] > git config --get commit.template [23ms]
2025-11-24 23:18:27.450 [info] > git symbolic-ref --short refs/remotes/origin/HEAD [11ms]
2025-11-24 23:18:27.450 [info] fatal: ref refs/remotes/origin/HEAD is not a symbolic ref
2025-11-24 23:18:27.450 [warning] [Repository][getDefaultBranch] Failed to get default branch details: Failed to execute git.
2025-11-24 23:18:27.470 [info] > git status -z -uall [6ms]
2025-11-24 23:18:27.470 [info] > git rev-parse --show-toplevel [21ms]
2025-11-24 23:18:27.470 [info] fatal: not a git repository (or any of the parent directories): .git
2025-11-24 23:18:27.479 [info] > git for-each-ref --format=%(refname)%00%(upstream:short)%00%(objectname)%00%(upstream:track)%00%(upstream:remotename)%00%(upstream:remoteref) refs/heads/main refs/remotes/main [19ms]
2025-11-24 23:18:27.479 [info] > git merge-base refs/heads/master refs/remotes/origin/master [24ms]
2025-11-24 23:18:27.486 [info] > git rev-parse --show-toplevel [9ms]
2025-11-24 23:18:27.486 [info] fatal: not a git repository (or any of the parent directories): .git
2025-11-24 23:18:27.486 [info] > git for-each-ref --sort -committerdate --format %(refname)%00%(objectname)%00%(*objectname) [17ms]
2025-11-24 23:18:27.508 [info] > git diff --name-status -z --diff-filter=ADMR --find-renames=50% aba97bb16aa67935f756feaf00c52cca28099aa5...refs/remotes/origin/master -- [24ms]
2025-11-24 23:18:27.510 [info] > git rev-parse --show-toplevel [8ms]
2025-11-24 23:18:27.510 [info] > git merge-base refs/heads/master refs/remotes/origin/master [18ms]
2025-11-24 23:18:27.539 [info] > git status -z -uall [14ms]
2025-11-24 23:18:27.539 [info] > git for-each-ref --sort -committerdate --format %(refname)%00%(objectname)%00%(*objectname) [9ms]
2025-11-24 23:18:27.550 [info] > git diff --name-status -z --diff-filter=ADMR --find-renames=50% aba97bb16aa67935f756feaf00c52cca28099aa5...refs/remotes/origin/master -- [32ms]
2025-11-24 23:18:27.557 [info] > git for-each-ref --format=%(refname)%00%(upstream:short)%00%(objectname)%00%(upstream:track)%00%(upstream:remotename)%00%(upstream:remoteref) refs/heads/main refs/remotes/main [9ms]
2025-11-24 23:18:27.562 [info] > git rev-parse --git-dir --git-common-dir --show-superproject-working-tree [26ms]
2025-11-24 23:18:27.568 [info] [Model][openRepository] Opened repository (path): /home/seanos1a/yahtzee
2025-11-24 23:18:27.568 [info] [Model][openRepository] Opened repository (real path): /home/seanos1a/yahtzee
2025-11-24 23:18:27.568 [info] [Model][openRepository] Opened repository (kind): repository
2025-11-24 23:18:27.573 [info] [Model][doInitialScan] Initial repository scan completed - repositories (9), closed repositories (0), parent repositories (0), unsafe repositories (0)
2025-11-24 23:18:27.584 [info] > git config --get --local branch.main.vscode-merge-base [22ms]
2025-11-24 23:18:27.588 [info] > git config --get commit.template [32ms]
2025-11-24 23:18:27.591 [info] > git rev-parse --show-toplevel [8ms]
2025-11-24 23:18:27.591 [info] fatal: not a git repository (or any of the parent directories): .git
2025-11-24 23:18:27.591 [info] > git config --get commit.template [13ms]
2025-11-24 23:18:27.596 [info] > git for-each-ref --format=%(refname)%00%(upstream:short)%00%(objectname)%00%(upstream:track)%00%(upstream:remotename)%00%(upstream:remoteref) refs/heads/origin/main refs/remotes/origin/main [8ms]
2025-11-24 23:18:27.608 [info] > git for-each-ref --format=%(refname)%00%(upstream:short)%00%(objectname)%00%(upstream:track)%00%(upstream:remotename)%00%(upstream:remoteref) refs/heads/main refs/remotes/main [13ms]
2025-11-24 23:18:27.609 [info] > git merge-base refs/heads/main refs/remotes/origin/main [7ms]
2025-11-24 23:18:27.614 [info] > git for-each-ref --format=%(refname)%00%(upstream:short)%00%(objectname)%00%(upstream:track)%00%(upstream:remotename)%00%(upstream:remoteref) refs/heads/main refs/remotes/main [7ms]
2025-11-24 23:18:27.618 [warning] [Git][revParse] Unable to read file: ENOENT: no such file or directory, open '/home/seanos1a/yahtzee/.git/refs/remotes/origin/main'
2025-11-24 23:18:27.628 [info] > git status -z -uall [6ms]
2025-11-24 23:18:27.628 [info] > git rev-parse refs/remotes/origin/main [10ms]
2025-11-24 23:18:27.636 [info] > git diff --name-status -z --diff-filter=ADMR --find-renames=50% 25dd56946ebbdb0b4e2ade11948795965bb18cec...refs/remotes/origin/main -- [23ms]
2025-11-24 23:18:27.637 [info] > git status -z -uall [5ms]
2025-11-24 23:18:27.638 [info] > git for-each-ref --sort -committerdate --format %(refname)%00%(objectname)%00%(*objectname) [12ms]
2025-11-24 23:18:27.641 [info] > git for-each-ref --sort -committerdate --format %(refname)%00%(objectname)%00%(*objectname) [5ms]
2025-11-24 23:18:27.658 [info] > git for-each-ref --format=%(refname)%00%(upstream:short)%00%(objectname)%00%(upstream:track)%00%(upstream:remotename)%00%(upstream:remoteref) refs/heads/main refs/remotes/main [7ms]
2025-11-24 23:18:27.664 [info] > git config --get commit.template [6ms]
2025-11-24 23:18:27.665 [info] > git config --get --local branch.main.vscode-merge-base [2ms]
2025-11-24 23:18:27.675 [info] > git for-each-ref --format=%(refname)%00%(upstream:short)%00%(objectname)%00%(upstream:track)%00%(upstream:remotename)%00%(upstream:remoteref) refs/heads/origin/main refs/remotes/origin/main [6ms]
2025-11-24 23:18:27.681 [info] > git for-each-ref --format=%(refname)%00%(upstream:short)%00%(objectname)%00%(upstream:track)%00%(upstream:remotename)%00%(upstream:remoteref) refs/heads/main refs/remotes/main [7ms]
2025-11-24 23:18:27.686 [warning] [Git][revParse] Unable to read file: ENOENT: no such file or directory, open '/home/seanos1a/yahtzee/.git/refs/remotes/origin/main'
2025-11-24 23:18:27.686 [info] > git merge-base refs/heads/main refs/remotes/origin/main [7ms]
2025-11-24 23:18:27.692 [info] > git rev-parse refs/remotes/origin/main [6ms]
2025-11-24 23:18:27.701 [info] > git status -z -uall [5ms]
2025-11-24 23:18:27.702 [info] > git diff --name-status -z --diff-filter=ADMR --find-renames=50% 0be2243cbbf266187297093da44471024eb9a029...refs/remotes/origin/main -- [11ms]
2025-11-24 23:18:27.703 [info] > git for-each-ref --sort -committerdate --format %(refname)%00%(objectname)%00%(*objectname) [3ms]
2025-11-24 23:18:28.415 [info] > git rev-parse --show-toplevel [1ms]
2025-11-24 23:18:28.415 [info] fatal: not a git repository (or any of the parent directories): .git
