2025-11-25 06:09:23.724 [info] [main] Log level: Info
2025-11-25 06:09:23.724 [info] [main] Validating found git in: "git"
2025-11-25 06:09:23.724 [info] [main] Using git "2.47.3" from "git"
2025-11-25 06:09:23.724 [info] [Model][doInitialScan] Initial repository scan started
2025-11-25 06:09:23.724 [info] > git rev-parse --show-toplevel [5ms]
2025-11-25 06:09:23.724 [info] fatal: not a git repository (or any of the parent directories): .git
2025-11-25 06:09:23.724 [info] > git rev-parse --show-toplevel [6ms]
2025-11-25 06:09:23.724 [info] fatal: not a git repository (or any of the parent directories): .git
2025-11-25 06:09:23.724 [info] > git rev-parse --show-toplevel [2ms]
2025-11-25 06:09:23.724 [info] fatal: not a git repository (or any of the parent directories): .git
2025-11-25 06:09:23.724 [info] > git rev-parse --show-toplevel [2ms]
2025-11-25 06:09:23.724 [info] fatal: not a git repository (or any of the parent directories): .git
2025-11-25 06:09:23.724 [info] > git rev-parse --show-toplevel [1ms]
2025-11-25 06:09:23.724 [info] fatal: not a git repository (or any of the parent directories): .git
2025-11-25 06:09:23.724 [info] > git rev-parse --show-toplevel [1ms]
2025-11-25 06:09:23.724 [info] fatal: not a git repository (or any of the parent directories): .git
2025-11-25 06:09:23.724 [info] > git rev-parse --show-toplevel [2ms]
2025-11-25 06:09:23.724 [info] fatal: not a git repository (or any of the parent directories): .git
2025-11-25 06:09:23.724 [info] > git rev-parse --show-toplevel [2ms]
2025-11-25 06:09:23.724 [info] fatal: not a git repository (or any of the parent directories): .git
2025-11-25 06:09:23.724 [info] > git rev-parse --show-toplevel [3ms]
2025-11-25 06:09:23.724 [info] fatal: not a git repository (or any of the parent directories): .git
2025-11-25 06:09:23.724 [info] > git rev-parse --show-toplevel [2ms]
2025-11-25 06:09:23.724 [info] fatal: not a git repository (or any of the parent directories): .git
2025-11-25 06:09:23.724 [info] > git rev-parse --show-toplevel [1ms]
2025-11-25 06:09:23.724 [info] fatal: not a git repository (or any of the parent directories): .git
2025-11-25 06:09:23.724 [info] > git rev-parse --show-toplevel [2ms]
2025-11-25 06:09:23.724 [info] fatal: not a git repository (or any of the parent directories): .git
2025-11-25 06:09:23.724 [info] > git rev-parse --show-toplevel [2ms]
2025-11-25 06:09:23.724 [info] fatal: not a git repository (or any of the parent directories): .git
2025-11-25 06:09:23.724 [info] > git rev-parse --show-toplevel [2ms]
2025-11-25 06:09:23.724 [info] fatal: not a git repository (or any of the parent directories): .git
2025-11-25 06:09:23.724 [info] > git rev-parse --show-toplevel [2ms]
2025-11-25 06:09:23.724 [info] fatal: not a git repository (or any of the parent directories): .git
2025-11-25 06:09:23.724 [info] > git rev-parse --show-toplevel [2ms]
2025-11-25 06:09:23.724 [info] fatal: not a git repository (or any of the parent directories): .git
2025-11-25 06:09:23.724 [info] > git rev-parse --show-toplevel [2ms]
2025-11-25 06:09:23.724 [info] fatal: not a git repository (or any of the parent directories): .git
2025-11-25 06:09:23.724 [info] > git rev-parse --show-toplevel [3ms]
2025-11-25 06:09:23.724 [info] fatal: not a git repository (or any of the parent directories): .git
2025-11-25 06:09:23.724 [info] > git rev-parse --show-toplevel [2ms]
2025-11-25 06:09:23.724 [info] fatal: not a git repository (or any of the parent directories): .git
2025-11-25 06:09:23.724 [info] > git rev-parse --show-toplevel [2ms]
2025-11-25 06:09:23.724 [info] fatal: not a git repository (or any of the parent directories): .git
2025-11-25 06:09:23.724 [info] > git rev-parse --show-toplevel [3ms]
2025-11-25 06:09:23.724 [info] fatal: not a git repository (or any of the parent directories): .git
2025-11-25 06:09:23.724 [info] > git rev-parse --show-toplevel [5ms]
2025-11-25 06:09:23.724 [info] fatal: not a git repository (or any of the parent directories): .git
2025-11-25 06:09:23.724 [info] > git rev-parse --show-toplevel [3ms]
2025-11-25 06:09:23.724 [info] fatal: not a git repository (or any of the parent directories): .git
2025-11-25 06:09:23.733 [info] > git rev-parse --show-toplevel [2ms]
2025-11-25 06:09:23.733 [info] fatal: not a git repository (or any of the parent directories): .git
2025-11-25 06:09:23.742 [info] > git rev-parse --show-toplevel [2ms]
2025-11-25 06:09:23.742 [info] fatal: not a git repository (or any of the parent directories): .git
2025-11-25 06:09:23.751 [info] > git rev-parse --show-toplevel [2ms]
2025-11-25 06:09:23.820 [info] > git rev-parse --git-dir --git-common-dir --show-superproject-working-tree [59ms]
2025-11-25 06:09:23.851 [info] [Model][openRepository] Opened repository (path): /home/seanos1a/ecommerce-dash
2025-11-25 06:09:23.852 [info] [Model][openRepository] Opened repository (real path): /home/seanos1a/ecommerce-dash
2025-11-25 06:09:23.852 [info] [Model][openRepository] Opened repository (kind): repository
2025-11-25 06:09:23.873 [info] > git rev-parse --show-toplevel [2ms]
2025-11-25 06:09:23.875 [info] > git config --get commit.template [11ms]
2025-11-25 06:09:23.898 [info] > git for-each-ref --format=%(refname)%00%(upstream:short)%00%(objectname)%00%(upstream:track)%00%(upstream:remotename)%00%(upstream:remoteref) refs/heads/master refs/remotes/master [4ms]
2025-11-25 06:09:23.915 [info] > git rev-parse --git-dir --git-common-dir --show-superproject-working-tree [28ms]
2025-11-25 06:09:23.924 [info] [Model][openRepository] Opened repository (path): /home/seanos1a/ecotracker-app
2025-11-25 06:09:23.924 [info] [Model][openRepository] Opened repository (real path): /home/seanos1a/ecotracker-app
2025-11-25 06:09:23.924 [info] [Model][openRepository] Opened repository (kind): repository
2025-11-25 06:09:23.957 [info] > git status -z -uall [52ms]
2025-11-25 06:09:23.958 [info] > git for-each-ref --sort -committerdate --format %(refname)%00%(objectname)%00%(*objectname) [44ms]
2025-11-25 06:09:24.018 [info] > git for-each-ref --format=%(refname)%00%(upstream:short)%00%(objectname)%00%(upstream:track)%00%(upstream:remotename)%00%(upstream:remoteref) refs/heads/master refs/remotes/master [16ms]
2025-11-25 06:09:24.027 [info] > git rev-parse --show-toplevel [81ms]
2025-11-25 06:09:24.027 [info] fatal: not a git repository (or any of the parent directories): .git
2025-11-25 06:09:24.027 [info] > git config --get commit.template [88ms]
2025-11-25 06:09:24.037 [info] > git config --get --local branch.master.vscode-merge-base [11ms]
2025-11-25 06:09:24.038 [warning] [Git][config] git config failed: Failed to execute git
2025-11-25 06:09:24.045 [info] > git config --get commit.template [28ms]
2025-11-25 06:09:24.054 [info] > git rev-parse --show-toplevel [18ms]
2025-11-25 06:09:24.054 [info] fatal: not a git repository (or any of the parent directories): .git
2025-11-25 06:09:24.071 [info] > git for-each-ref --format=%(refname)%00%(upstream:short)%00%(objectname)%00%(upstream:track)%00%(upstream:remotename)%00%(upstream:remoteref) refs/heads/master refs/remotes/master [18ms]
2025-11-25 06:09:24.071 [info] > git reflog master --grep-reflog=branch: Created from *. [26ms]
2025-11-25 06:09:24.080 [info] > git rev-parse --show-toplevel [11ms]
2025-11-25 06:09:24.080 [info] > git for-each-ref --format=%(refname)%00%(upstream:short)%00%(objectname)%00%(upstream:track)%00%(upstream:remotename)%00%(upstream:remoteref) refs/heads/master refs/remotes/master [18ms]
2025-11-25 06:09:24.104 [info] > git status -z -uall [17ms]
2025-11-25 06:09:24.105 [info] > git symbolic-ref --short refs/remotes/origin/HEAD [27ms]
2025-11-25 06:09:24.105 [info] fatal: ref refs/remotes/origin/HEAD is not a symbolic ref
2025-11-25 06:09:24.106 [warning] [Repository][getDefaultBranch] Failed to get default branch details: Failed to execute git.
2025-11-25 06:09:24.109 [info] > git for-each-ref --sort -committerdate --format %(refname)%00%(objectname)%00%(*objectname) [15ms]
2025-11-25 06:09:24.131 [info] > git status -z -uall [8ms]
2025-11-25 06:09:24.132 [info] > git rev-parse --git-dir --git-common-dir --show-superproject-working-tree [29ms]
2025-11-25 06:09:24.139 [info] [Model][openRepository] Opened repository (path): /home/seanos1a/global-news-ai
2025-11-25 06:09:24.139 [info] [Model][openRepository] Opened repository (real path): /home/seanos1a/global-news-ai
2025-11-25 06:09:24.139 [info] [Model][openRepository] Opened repository (kind): repository
2025-11-25 06:09:24.156 [info] > git for-each-ref --sort -committerdate --format %(refname)%00%(objectname)%00%(*objectname) [26ms]
2025-11-25 06:09:24.183 [info] > git for-each-ref --format=%(refname)%00%(upstream:short)%00%(objectname)%00%(upstream:track)%00%(upstream:remotename)%00%(upstream:remoteref) refs/heads/master refs/remotes/master [14ms]
2025-11-25 06:09:24.193 [info] > git rev-parse --show-toplevel [37ms]
2025-11-25 06:09:24.193 [info] > git config --get commit.template [45ms]
2025-11-25 06:09:24.202 [info] > git config --get commit.template [21ms]
2025-11-25 06:09:24.212 [info] > git config --get --local branch.master.vscode-merge-base [20ms]
2025-11-25 06:09:24.212 [warning] [Git][config] git config failed: Failed to execute git
2025-11-25 06:09:24.231 [info] > git reflog master --grep-reflog=branch: Created from *. [12ms]
2025-11-25 06:09:24.238 [info] > git for-each-ref --format=%(refname)%00%(upstream:short)%00%(objectname)%00%(upstream:track)%00%(upstream:remotename)%00%(upstream:remoteref) refs/heads/main refs/remotes/main [29ms]
2025-11-25 06:09:24.239 [info] > git rev-parse --git-dir --git-common-dir --show-superproject-working-tree [38ms]
2025-11-25 06:09:24.247 [info] [Model][openRepository] Opened repository (path): /home/seanos1a/h2h
2025-11-25 06:09:24.247 [info] [Model][openRepository] Opened repository (real path): /home/seanos1a/h2h
2025-11-25 06:09:24.247 [info] [Model][openRepository] Opened repository (kind): repository
2025-11-25 06:09:24.262 [info] > git symbolic-ref --short refs/remotes/origin/HEAD [24ms]
2025-11-25 06:09:24.262 [info] fatal: ref refs/remotes/origin/HEAD is not a symbolic ref
2025-11-25 06:09:24.262 [warning] [Repository][getDefaultBranch] Failed to get default branch details: Failed to execute git.
2025-11-25 06:09:24.270 [info] > git for-each-ref --format=%(refname)%00%(upstream:short)%00%(objectname)%00%(upstream:track)%00%(upstream:remotename)%00%(upstream:remoteref) refs/heads/master refs/remotes/master [41ms]
2025-11-25 06:09:24.272 [info] > git rev-parse --show-toplevel [12ms]
2025-11-25 06:09:24.272 [info] > git config --get commit.template [18ms]
2025-11-25 06:09:24.281 [info] > git merge-base refs/heads/master refs/remotes/origin/master [11ms]
2025-11-25 06:09:24.312 [info] > git status -z -uall [14ms]
2025-11-25 06:09:24.312 [info] > git rev-parse --git-dir --git-common-dir --show-superproject-working-tree [32ms]
2025-11-25 06:09:24.316 [info] [Model][openRepository] Opened repository (path): /home/seanos1a/hyperspeed
2025-11-25 06:09:24.316 [info] [Model][openRepository] Opened repository (real path): /home/seanos1a/hyperspeed
2025-11-25 06:09:24.316 [info] [Model][openRepository] Opened repository (kind): repository
2025-11-25 06:09:24.348 [info] > git status -z -uall [23ms]
2025-11-25 06:09:24.349 [info] > git for-each-ref --format=%(refname)%00%(upstream:short)%00%(objectname)%00%(upstream:track)%00%(upstream:remotename)%00%(upstream:remoteref) refs/heads/main refs/remotes/main [37ms]
2025-11-25 06:09:24.349 [info] > git for-each-ref --sort -committerdate --format %(refname)%00%(objectname)%00%(*objectname) [45ms]
2025-11-25 06:09:24.365 [info] > git diff --name-status -z --diff-filter=ADMR --find-renames=50% 4a574ee18c7cb85a34ff5f3667cc817648dae83b...refs/remotes/origin/master -- [75ms]
2025-11-25 06:09:24.375 [info] > git for-each-ref --format=%(refname)%00%(upstream:short)%00%(objectname)%00%(upstream:track)%00%(upstream:remotename)%00%(upstream:remoteref) refs/heads/main refs/remotes/main [13ms]
2025-11-25 06:09:24.383 [info] > git rev-parse --show-toplevel [37ms]
2025-11-25 06:09:24.384 [info] fatal: not a git repository (or any of the parent directories): .git
2025-11-25 06:09:24.384 [info] > git config --get commit.template [45ms]
2025-11-25 06:09:24.384 [info] > git for-each-ref --sort -committerdate --format %(refname)%00%(objectname)%00%(*objectname) [52ms]
2025-11-25 06:09:24.396 [info] > git config --get --local branch.main.vscode-merge-base [13ms]
2025-11-25 06:09:24.397 [warning] [Git][config] git config failed: Failed to execute git
2025-11-25 06:09:24.402 [info] > git config --get commit.template [27ms]
2025-11-25 06:09:24.409 [info] [Git][getRemotes] No remotes found in the git config file
2025-11-25 06:09:24.411 [info] > git rev-parse --show-toplevel [16ms]
2025-11-25 06:09:24.411 [info] fatal: not a git repository (or any of the parent directories): .git
2025-11-25 06:09:24.432 [info] > git status -z -uall [16ms]
2025-11-25 06:09:24.432 [info] > git for-each-ref --format=%(refname)%00%(upstream:short)%00%(objectname)%00%(upstream:track)%00%(upstream:remotename)%00%(upstream:remoteref) refs/heads/main refs/remotes/main [23ms]
2025-11-25 06:09:24.444 [info] > git reflog main --grep-reflog=branch: Created from *. [43ms]
2025-11-25 06:09:24.451 [info] > git status -z -uall [13ms]
2025-11-25 06:09:24.452 [info] > git for-each-ref --sort -committerdate --format %(refname)%00%(objectname)%00%(*objectname) [9ms]
2025-11-25 06:09:24.464 [info] > git rev-parse --show-toplevel [33ms]
2025-11-25 06:09:24.464 [info] fatal: not a git repository (or any of the parent directories): .git
2025-11-25 06:09:24.464 [info] > git for-each-ref --format=%(refname)%00%(upstream:short)%00%(objectname)%00%(upstream:track)%00%(upstream:remotename)%00%(upstream:remoteref) refs/heads/main refs/remotes/main [38ms]
2025-11-25 06:09:24.465 [info] > git for-each-ref --sort -committerdate --format %(refname)%00%(objectname)%00%(*objectname) [43ms]
2025-11-25 06:09:24.505 [info] > git for-each-ref --format=%(refname)%00%(upstream:short)%00%(objectname)%00%(upstream:track)%00%(upstream:remotename)%00%(upstream:remoteref) refs/heads/main refs/remotes/main [28ms]
2025-11-25 06:09:24.513 [info] > git for-each-ref --format=%(refname)%00%(upstream:short)%00%(objectname)%00%(upstream:track)%00%(upstream:remotename)%00%(upstream:remoteref) refs/heads/main refs/remotes/main [52ms]
2025-11-25 06:09:24.521 [info] > git symbolic-ref --short refs/remotes/origin/HEAD [72ms]
2025-11-25 06:09:24.522 [info] fatal: ref refs/remotes/origin/HEAD is not a symbolic ref
2025-11-25 06:09:24.522 [warning] [Repository][getDefaultBranch] Failed to get default branch details: Failed to execute git.
2025-11-25 06:09:24.530 [info] > git config --get --local branch.main.vscode-merge-base [9ms]
2025-11-25 06:09:24.530 [warning] [Git][config] git config failed: Failed to execute git
2025-11-25 06:09:24.536 [info] > git config --get --local branch.main.vscode-merge-base [23ms]
2025-11-25 06:09:24.542 [info] > git config --get commit.template [38ms]
2025-11-25 06:09:24.543 [info] > git rev-parse --show-toplevel [47ms]
2025-11-25 06:09:24.543 [info] fatal: not a git repository (or any of the parent directories): .git
2025-11-25 06:09:24.544 [info] > git config --get commit.template [55ms]
2025-11-25 06:09:24.558 [info] > git for-each-ref --format=%(refname)%00%(upstream:short)%00%(objectname)%00%(upstream:track)%00%(upstream:remotename)%00%(upstream:remoteref) refs/heads/origin/main refs/remotes/origin/main [17ms]
2025-11-25 06:09:24.565 [info] > git reflog main --grep-reflog=branch: Created from *. [30ms]
2025-11-25 06:09:24.566 [info] > git merge-base refs/heads/main refs/remotes/origin/main [38ms]
2025-11-25 06:09:24.585 [info] [Git][getRemotes] No remotes found in the git config file
2025-11-25 06:09:24.608 [info] > git status -z -uall [15ms]
2025-11-25 06:09:24.609 [info] > git merge-base refs/heads/main refs/remotes/origin/main [45ms]
2025-11-25 06:09:24.617 [info] > git rev-parse --show-toplevel [67ms]
2025-11-25 06:09:24.626 [info] > git for-each-ref --format=%(refname)%00%(upstream:short)%00%(objectname)%00%(upstream:track)%00%(upstream:remotename)%00%(upstream:remoteref) refs/heads/main refs/remotes/main [19ms]
2025-11-25 06:09:24.627 [info] > git for-each-ref --sort -committerdate --format %(refname)%00%(objectname)%00%(*objectname) [27ms]
2025-11-25 06:09:24.638 [info] > git for-each-ref --format=%(refname)%00%(upstream:short)%00%(objectname)%00%(upstream:track)%00%(upstream:remotename)%00%(upstream:remoteref) refs/heads/main refs/remotes/main [53ms]
2025-11-25 06:09:24.652 [info] > git diff --name-status -z --diff-filter=ADMR --find-renames=50% b7c18827961630bcceac977966b4df2e2c5a5e93...refs/remotes/origin/main -- [78ms]
2025-11-25 06:09:24.655 [info] > git status -z -uall [11ms]
2025-11-25 06:09:24.657 [info] > git merge-base refs/heads/main refs/remotes/origin/main [21ms]
2025-11-25 06:09:24.665 [info] > git rev-parse --git-dir --git-common-dir --show-superproject-working-tree [41ms]
2025-11-25 06:09:24.672 [info] [Model][openRepository] Opened repository (path): /home/seanos1a/nebula-ui
2025-11-25 06:09:24.672 [info] [Model][openRepository] Opened repository (real path): /home/seanos1a/nebula-ui
2025-11-25 06:09:24.672 [info] [Model][openRepository] Opened repository (kind): repository
2025-11-25 06:09:24.674 [info] > git diff --name-status -z --diff-filter=ADMR --find-renames=50% 18aa206a9aa4d0533e4132115d59c7c550acdc11...refs/remotes/origin/main -- [58ms]
2025-11-25 06:09:24.689 [info] > git diff --name-status -z --diff-filter=ADMR --find-renames=50% b7c18827961630bcceac977966b4df2e2c5a5e93...refs/remotes/origin/main -- [25ms]
2025-11-25 06:09:24.690 [info] > git for-each-ref --sort -committerdate --format %(refname)%00%(objectname)%00%(*objectname) [38ms]
2025-11-25 06:09:24.694 [info] > git rev-parse --show-toplevel [6ms]
2025-11-25 06:09:24.694 [info] fatal: not a git repository (or any of the parent directories): .git
2025-11-25 06:09:24.694 [info] > git config --get commit.template [12ms]
2025-11-25 06:09:24.722 [info] > git status -z -uall [22ms]
2025-11-25 06:09:24.723 [info] > git for-each-ref --sort -committerdate --format %(refname)%00%(objectname)%00%(*objectname) [16ms]
2025-11-25 06:09:24.728 [info] > git for-each-ref --format=%(refname)%00%(upstream:short)%00%(objectname)%00%(upstream:track)%00%(upstream:remotename)%00%(upstream:remoteref) refs/heads/master refs/remotes/master [7ms]
2025-11-25 06:09:24.729 [info] > git rev-parse --show-toplevel [14ms]
2025-11-25 06:09:24.755 [info] > git status -z -uall [11ms]
2025-11-25 06:09:24.756 [info] > git rev-parse --git-dir --git-common-dir --show-superproject-working-tree [20ms]
2025-11-25 06:09:24.762 [info] [Model][openRepository] Opened repository (path): /home/seanos1a/portfolio-hub
2025-11-25 06:09:24.763 [info] [Model][openRepository] Opened repository (real path): /home/seanos1a/portfolio-hub
2025-11-25 06:09:24.763 [info] [Model][openRepository] Opened repository (kind): repository
2025-11-25 06:09:24.779 [info] > git for-each-ref --sort -committerdate --format %(refname)%00%(objectname)%00%(*objectname) [28ms]
2025-11-25 06:09:24.804 [info] > git for-each-ref --format=%(refname)%00%(upstream:short)%00%(objectname)%00%(upstream:track)%00%(upstream:remotename)%00%(upstream:remoteref) refs/heads/master refs/remotes/master [12ms]
2025-11-25 06:09:24.813 [info] > git rev-parse --show-toplevel [34ms]
2025-11-25 06:09:24.813 [info] fatal: not a git repository (or any of the parent directories): .git
2025-11-25 06:09:24.813 [info] > git config --get commit.template [41ms]
2025-11-25 06:09:24.814 [info] > git config --get commit.template [11ms]
2025-11-25 06:09:24.830 [info] [Git][getRemotes] No remotes found in the git config file
2025-11-25 06:09:24.832 [info] > git config --get --local branch.master.vscode-merge-base [20ms]
2025-11-25 06:09:24.832 [warning] [Git][config] git config failed: Failed to execute git
2025-11-25 06:09:24.851 [info] > git for-each-ref --format=%(refname)%00%(upstream:short)%00%(objectname)%00%(upstream:track)%00%(upstream:remotename)%00%(upstream:remoteref) refs/heads/master refs/remotes/master [22ms]
2025-11-25 06:09:24.864 [info] > git rev-parse --show-toplevel [42ms]
2025-11-25 06:09:24.865 [info] fatal: not a git repository (or any of the parent directories): .git
2025-11-25 06:09:24.867 [info] > git status -z -uall [11ms]
2025-11-25 06:09:24.868 [info] > git for-each-ref --format=%(refname)%00%(upstream:short)%00%(objectname)%00%(upstream:track)%00%(upstream:remotename)%00%(upstream:remoteref) refs/heads/master refs/remotes/master [19ms]
2025-11-25 06:09:24.868 [info] > git reflog master --grep-reflog=branch: Created from *. [29ms]
2025-11-25 06:09:24.883 [info] > git for-each-ref --sort -committerdate --format %(refname)%00%(objectname)%00%(*objectname) [19ms]
2025-11-25 06:09:24.909 [info] > git for-each-ref --format=%(refname)%00%(upstream:short)%00%(objectname)%00%(upstream:track)%00%(upstream:remotename)%00%(upstream:remoteref) refs/heads/master refs/remotes/master [16ms]
2025-11-25 06:09:24.916 [info] > git rev-parse --show-toplevel [34ms]
2025-11-25 06:09:24.917 [info] > git symbolic-ref --short refs/remotes/origin/HEAD [42ms]
2025-11-25 06:09:24.917 [info] fatal: ref refs/remotes/origin/HEAD is not a symbolic ref
2025-11-25 06:09:24.917 [warning] [Repository][getDefaultBranch] Failed to get default branch details: Failed to execute git.
2025-11-25 06:09:24.935 [info] > git config --get --local branch.master.vscode-merge-base [18ms]
2025-11-25 06:09:24.935 [warning] [Git][config] git config failed: Failed to execute git
2025-11-25 06:09:24.945 [info] > git config --get commit.template [36ms]
2025-11-25 06:09:24.961 [info] > git status -z -uall [9ms]
2025-11-25 06:09:24.962 [info] > git rev-parse --git-dir --git-common-dir --show-superproject-working-tree [29ms]
2025-11-25 06:09:24.969 [info] [Model][openRepository] Opened repository (path): /home/seanos1a/sean-s-landing-page
2025-11-25 06:09:24.969 [info] [Model][openRepository] Opened repository (real path): /home/seanos1a/sean-s-landing-page
2025-11-25 06:09:24.969 [info] [Model][openRepository] Opened repository (kind): repository
2025-11-25 06:09:24.970 [info] > git merge-base refs/heads/master refs/remotes/origin/master [44ms]
2025-11-25 06:09:24.988 [info] [Git][getRemotes] No remotes found in the git config file
2025-11-25 06:09:25.006 [info] > git for-each-ref --sort -committerdate --format %(refname)%00%(objectname)%00%(*objectname) [46ms]
2025-11-25 06:09:25.021 [info] > git reflog master --grep-reflog=branch: Created from *. [76ms]
2025-11-25 06:09:25.113 [info] > git merge-base refs/heads/master refs/remotes/origin/master [94ms]
2025-11-25 06:09:25.124 [info] > git rev-parse --show-toplevel [119ms]
2025-11-25 06:09:25.124 [info] fatal: not a git repository (or any of the parent directories): .git
2025-11-25 06:09:25.125 [info] > git config --get commit.template [130ms]
2025-11-25 06:09:25.125 [info] > git for-each-ref --format=%(refname)%00%(upstream:short)%00%(objectname)%00%(upstream:track)%00%(upstream:remotename)%00%(upstream:remoteref) refs/heads/master refs/remotes/master [137ms]
2025-11-25 06:09:25.140 [info] > git diff --name-status -z --diff-filter=ADMR --find-renames=50% aba97bb16aa67935f756feaf00c52cca28099aa5...refs/remotes/origin/master -- [162ms]
2025-11-25 06:09:25.151 [info] > git status -z -uall [20ms]
2025-11-25 06:09:25.152 [info] > git diff --name-status -z --diff-filter=ADMR --find-renames=50% aba97bb16aa67935f756feaf00c52cca28099aa5...refs/remotes/origin/master -- [29ms]
2025-11-25 06:09:25.165 [info] > git rev-parse --show-toplevel [16ms]
2025-11-25 06:09:25.165 [info] fatal: not a git repository (or any of the parent directories): .git
2025-11-25 06:09:25.165 [info] > git for-each-ref --sort -committerdate --format %(refname)%00%(objectname)%00%(*objectname) [25ms]
2025-11-25 06:09:25.193 [info] > git for-each-ref --format=%(refname)%00%(upstream:short)%00%(objectname)%00%(upstream:track)%00%(upstream:remotename)%00%(upstream:remoteref) refs/heads/main refs/remotes/main [30ms]
2025-11-25 06:09:25.206 [info] > git rev-parse --show-toplevel [4ms]
2025-11-25 06:09:25.206 [info] fatal: not a git repository (or any of the parent directories): .git
2025-11-25 06:09:25.239 [info] > git status -z -uall [13ms]
2025-11-25 06:09:25.240 [info] > git rev-parse --show-toplevel [23ms]
2025-11-25 06:09:25.260 [info] > git for-each-ref --sort -committerdate --format %(refname)%00%(objectname)%00%(*objectname) [25ms]
2025-11-25 06:09:25.283 [info] > git for-each-ref --format=%(refname)%00%(upstream:short)%00%(objectname)%00%(upstream:track)%00%(upstream:remotename)%00%(upstream:remoteref) refs/heads/main refs/remotes/main [13ms]
2025-11-25 06:09:25.291 [info] > git rev-parse --git-dir --git-common-dir --show-superproject-working-tree [40ms]
2025-11-25 06:09:25.301 [info] [Model][openRepository] Opened repository (path): /home/seanos1a/yahtzee
2025-11-25 06:09:25.301 [info] [Model][openRepository] Opened repository (real path): /home/seanos1a/yahtzee
2025-11-25 06:09:25.301 [info] [Model][openRepository] Opened repository (kind): repository
2025-11-25 06:09:25.308 [info] [Model][doInitialScan] Initial repository scan completed - repositories (9), closed repositories (0), parent repositories (0), unsafe repositories (0)
2025-11-25 06:09:25.319 [info] > git config --get --local branch.main.vscode-merge-base [28ms]
2025-11-25 06:09:25.326 [info] > git config --get commit.template [45ms]
2025-11-25 06:09:25.328 [info] > git config --get commit.template [11ms]
2025-11-25 06:09:25.335 [info] > git for-each-ref --format=%(refname)%00%(upstream:short)%00%(objectname)%00%(upstream:track)%00%(upstream:remotename)%00%(upstream:remoteref) refs/heads/origin/main refs/remotes/origin/main [10ms]
2025-11-25 06:09:25.351 [info] > git for-each-ref --format=%(refname)%00%(upstream:short)%00%(objectname)%00%(upstream:track)%00%(upstream:remotename)%00%(upstream:remoteref) refs/heads/main refs/remotes/main [17ms]
2025-11-25 06:09:25.353 [info] > git merge-base refs/heads/main refs/remotes/origin/main [10ms]
2025-11-25 06:09:25.368 [info] > git for-each-ref --format=%(refname)%00%(upstream:short)%00%(objectname)%00%(upstream:track)%00%(upstream:remotename)%00%(upstream:remoteref) refs/heads/main refs/remotes/main [18ms]
2025-11-25 06:09:25.370 [info] > git diff --name-status -z --diff-filter=ADMR --find-renames=50% 25dd56946ebbdb0b4e2ade11948795965bb18cec...refs/remotes/origin/main -- [5ms]
2025-11-25 06:09:25.380 [warning] [Git][revParse] Unable to read file: ENOENT: no such file or directory, open '/home/seanos1a/yahtzee/.git/refs/remotes/origin/main'
2025-11-25 06:09:25.397 [info] > git status -z -uall [9ms]
2025-11-25 06:09:25.399 [info] > git rev-parse refs/remotes/origin/main [18ms]
2025-11-25 06:09:25.417 [info] > git status -z -uall [9ms]
2025-11-25 06:09:25.418 [info] > git for-each-ref --sort -committerdate --format %(refname)%00%(objectname)%00%(*objectname) [23ms]
2025-11-25 06:09:25.422 [info] > git for-each-ref --sort -committerdate --format %(refname)%00%(objectname)%00%(*objectname) [7ms]
2025-11-25 06:09:25.445 [info] > git for-each-ref --format=%(refname)%00%(upstream:short)%00%(objectname)%00%(upstream:track)%00%(upstream:remotename)%00%(upstream:remoteref) refs/heads/main refs/remotes/main [12ms]
2025-11-25 06:09:25.456 [info] > git config --get commit.template [12ms]
2025-11-25 06:09:25.458 [info] > git config --get --local branch.main.vscode-merge-base [4ms]
2025-11-25 06:09:25.504 [info] > git for-each-ref --format=%(refname)%00%(upstream:short)%00%(objectname)%00%(upstream:track)%00%(upstream:remotename)%00%(upstream:remoteref) refs/heads/main refs/remotes/main [30ms]
2025-11-25 06:09:25.505 [info] > git for-each-ref --format=%(refname)%00%(upstream:short)%00%(objectname)%00%(upstream:track)%00%(upstream:remotename)%00%(upstream:remoteref) refs/heads/origin/main refs/remotes/origin/main [39ms]
2025-11-25 06:09:25.525 [warning] [Git][revParse] Unable to read file: ENOENT: no such file or directory, open '/home/seanos1a/yahtzee/.git/refs/remotes/origin/main'
2025-11-25 06:09:25.528 [info] > git merge-base refs/heads/main refs/remotes/origin/main [13ms]
2025-11-25 06:09:25.540 [info] > git rev-parse refs/remotes/origin/main [15ms]
2025-11-25 06:09:25.559 [info] > git status -z -uall [11ms]
2025-11-25 06:09:25.560 [info] > git diff --name-status -z --diff-filter=ADMR --find-renames=50% 0be2243cbbf266187297093da44471024eb9a029...refs/remotes/origin/main -- [21ms]
2025-11-25 06:09:25.584 [info] > git for-each-ref --sort -committerdate --format %(refname)%00%(objectname)%00%(*objectname) [27ms]
2025-11-25 06:09:25.598 [info] > git rev-parse --show-toplevel [2ms]
2025-11-25 06:09:25.599 [info] fatal: not a git repository (or any of the parent directories): .git
2025-11-25 06:09:27.602 [info] > git rev-parse --show-toplevel [5ms]
2025-11-25 06:09:27.602 [info] fatal: not a git repository (or any of the parent directories): .git
2025-11-25 06:21:52.647 [info] > git check-ignore -v -z --stdin [72ms]
2025-11-25 06:21:52.649 [info] > git check-ignore -v -z --stdin [5ms]
2025-11-25 06:21:52.649 [info] > git check-ignore -v -z --stdin [66ms]
2025-11-25 06:21:52.650 [info] > git check-ignore -v -z --stdin [58ms]
2025-11-25 06:21:52.650 [info] > git check-ignore -v -z --stdin [50ms]
2025-11-25 06:21:52.651 [info] > git check-ignore -v -z --stdin [43ms]
2025-11-25 06:21:52.651 [info] > git check-ignore -v -z --stdin [34ms]
2025-11-25 06:21:52.652 [info] > git check-ignore -v -z --stdin [26ms]
2025-11-25 06:21:52.652 [info] > git check-ignore -v -z --stdin [18ms]
2025-11-25 06:32:18.297 [info] > git log --format=%H%n%aN%n%aE%n%at%n%ct%n%P%n%D%n%B -z --shortstat --diff-merges=first-parent -n50 --skip=0 --topo-order --decorate=full --stdin [25ms]
2025-11-25 06:32:18.864 [info] > git rev-parse --show-toplevel [1ms]
2025-11-25 06:32:18.864 [info] fatal: not a git repository (or any of the parent directories): .git
2025-11-25 06:32:19.247 [info] > git rev-parse --show-toplevel [2ms]
2025-11-25 06:32:19.248 [info] fatal: not a git repository (or any of the parent directories): .git
2025-11-25 06:32:19.258 [info] > git rev-parse --show-toplevel [4ms]
2025-11-25 06:32:19.258 [info] fatal: not a git repository (or any of the parent directories): .git
2025-11-25 06:32:19.755 [info] > git check-ignore -v -z --stdin [2ms]
2025-11-25 06:42:08.675 [info] > git rev-parse --show-toplevel [6ms]
2025-11-25 06:42:08.676 [info] fatal: not a git repository (or any of the parent directories): .git
2025-11-25 06:45:18.133 [info] > git rev-parse --show-toplevel [4ms]
2025-11-25 06:45:18.133 [info] fatal: not a git repository (or any of the parent directories): .git
2025-11-25 06:45:20.646 [info] > git rev-parse --show-toplevel [2ms]
2025-11-25 06:45:20.646 [info] fatal: not a git repository (or any of the parent directories): .git
2025-11-25 06:45:21.904 [info] > git rev-parse --show-toplevel [3ms]
2025-11-25 06:45:21.904 [info] fatal: not a git repository (or any of the parent directories): .git
2025-11-25 06:45:24.970 [info] > git rev-parse --show-toplevel [3ms]
2025-11-25 06:45:24.970 [info] fatal: not a git repository (or any of the parent directories): .git
2025-11-25 06:45:29.284 [info] > git rev-parse --show-toplevel [3ms]
2025-11-25 06:45:29.284 [info] fatal: not a git repository (or any of the parent directories): .git
2025-11-25 06:45:31.346 [info] > git rev-parse --show-toplevel [4ms]
2025-11-25 06:45:31.346 [info] fatal: not a git repository (or any of the parent directories): .git
2025-11-25 06:45:44.946 [info] > git rev-parse --show-toplevel [3ms]
2025-11-25 06:45:44.946 [info] fatal: not a git repository (or any of the parent directories): .git
2025-11-25 06:45:46.064 [info] > git rev-parse --show-toplevel [3ms]
2025-11-25 06:45:46.064 [info] fatal: not a git repository (or any of the parent directories): .git
2025-11-25 06:45:47.009 [info] > git rev-parse --show-toplevel [3ms]
2025-11-25 06:45:47.009 [info] fatal: not a git repository (or any of the parent directories): .git
2025-11-25 06:45:48.795 [info] > git rev-parse --show-toplevel [2ms]
2025-11-25 06:45:48.795 [info] fatal: not a git repository (or any of the parent directories): .git
2025-11-25 06:45:49.479 [info] > git rev-parse --show-toplevel [2ms]
2025-11-25 06:45:49.479 [info] fatal: not a git repository (or any of the parent directories): .git
2025-11-25 06:45:51.191 [info] > git rev-parse --show-toplevel [2ms]
2025-11-25 06:45:51.191 [info] fatal: not a git repository (or any of the parent directories): .git
2025-11-25 06:49:06.762 [info] > git rev-parse --show-toplevel [3ms]
2025-11-25 06:49:06.762 [info] fatal: not a git repository (or any of the parent directories): .git
