2025-11-24 22:33:02.324 [info] Extension host with pid 458159 started
2025-11-24 22:33:02.324 [error] Error: EEXIST: file already exists, open '/home/seanos1a/.local/share/code-server-mobile/User/workspaceStorage/-52b5bf8b/vscode.lock'
2025-11-24 22:33:02.325 [info] Lock '/home/seanos1a/.local/share/code-server-mobile/User/workspaceStorage/-52b5bf8b/vscode.lock': Could not acquire lock, checking if the file is stale.
2025-11-24 22:33:02.326 [info] Lock '/home/seanos1a/.local/share/code-server-mobile/User/workspaceStorage/-52b5bf8b/vscode.lock': The lock does not look stale, elapsed: 246 ms, giving up.
2025-11-24 22:33:02.334 [info] Lock '/home/seanos1a/.local/share/code-server-mobile/User/workspaceStorage/-52b5bf8b-1/vscode.lock': Lock acquired.
2025-11-24 22:33:02.833 [info] ExtensionService#_doActivateExtension vscode.github-authentication, startup: false, activationEvent: 'onAuthenticationRequest:github'
2025-11-24 22:33:02.834 [info] ExtensionService#_doActivateExtension vscode.emmet, startup: false, activationEvent: 'onLanguage'
2025-11-24 22:33:03.256 [info] ExtensionService#_doActivateExtension vscode.git-base, startup: true, activationEvent: '*', root cause: vscode.git
2025-11-24 22:33:03.264 [info] ExtensionService#_doActivateExtension vscode.npm, startup: true, activationEvent: 'workspaceContains:package.json'
2025-11-24 22:33:03.579 [info] ExtensionService#_doActivateExtension vscode.git, startup: true, activationEvent: '*'
2025-11-24 22:33:03.580 [info] ExtensionService#_doActivateExtension vscode.github, startup: true, activationEvent: '*'
2025-11-24 22:33:04.061 [info] Eager extensions activated
2025-11-24 22:33:04.061 [info] ExtensionService#_doActivateExtension vscode.debug-auto-launch, startup: false, activationEvent: 'onStartupFinished'
2025-11-24 22:33:04.062 [info] ExtensionService#_doActivateExtension vscode.merge-conflict, startup: false, activationEvent: 'onStartupFinished'
2025-11-24 22:33:08.255 [info] ExtensionService#_doActivateExtension vscode.terminal-suggest, startup: false, activationEvent: 'onTerminalShellIntegration:*'
2025-11-24 22:33:10.279 [info] ExtensionService#_doActivateExtension vscode.configuration-editing, startup: false, activationEvent: 'onLanguage:json'
2025-11-24 22:33:10.280 [info] ExtensionService#_doActivateExtension vscode.extension-editing, startup: false, activationEvent: 'onLanguage:json'
2025-11-24 22:33:10.280 [info] ExtensionService#_doActivateExtension vscode.json-language-features, startup: false, activationEvent: 'onLanguage:json'
2025-11-24 23:18:15.884 [info] Extension host terminating: received terminate message from renderer
2025-11-24 23:18:15.885 [info] Lock '/home/seanos1a/.local/share/code-server-mobile/User/workspaceStorage/-52b5bf8b-1/vscode.lock': Marking the lockfile as scheduled to be released in 6000 ms.
2025-11-24 23:18:15.944 [info] Extension host with pid 458159 exiting with code 0
