2025-11-24 22:33:04.546 [info] [main] Log level: Info
2025-11-24 22:33:04.547 [info] [main] Validating found git in: "git"
2025-11-24 22:33:04.547 [info] [main] Using git "2.47.3" from "git"
2025-11-24 22:33:04.547 [info] [Model][doInitialScan] Initial repository scan started
2025-11-24 22:33:04.547 [info] > git rev-parse --show-toplevel [2ms]
2025-11-24 22:33:04.547 [info] fatal: not a git repository (or any of the parent directories): .git
2025-11-24 22:33:04.547 [info] > git rev-parse --show-toplevel [2ms]
2025-11-24 22:33:04.547 [info] fatal: not a git repository (or any of the parent directories): .git
2025-11-24 22:33:04.547 [info] > git rev-parse --show-toplevel [2ms]
2025-11-24 22:33:04.547 [info] fatal: not a git repository (or any of the parent directories): .git
2025-11-24 22:33:04.547 [info] > git rev-parse --show-toplevel [2ms]
2025-11-24 22:33:04.547 [info] fatal: not a git repository (or any of the parent directories): .git
2025-11-24 22:33:04.547 [info] > git rev-parse --show-toplevel [1ms]
2025-11-24 22:33:04.547 [info] fatal: not a git repository (or any of the parent directories): .git
2025-11-24 22:33:04.547 [info] > git rev-parse --show-toplevel [2ms]
2025-11-24 22:33:04.547 [info] fatal: not a git repository (or any of the parent directories): .git
2025-11-24 22:33:04.547 [info] > git rev-parse --show-toplevel [3ms]
2025-11-24 22:33:04.547 [info] fatal: not a git repository (or any of the parent directories): .git
2025-11-24 22:33:04.547 [info] > git rev-parse --show-toplevel [2ms]
2025-11-24 22:33:04.547 [info] fatal: not a git repository (or any of the parent directories): .git
2025-11-24 22:33:04.547 [info] > git rev-parse --show-toplevel [1ms]
2025-11-24 22:33:04.547 [info] fatal: not a git repository (or any of the parent directories): .git
2025-11-24 22:33:04.547 [info] > git rev-parse --show-toplevel [1ms]
2025-11-24 22:33:04.547 [info] fatal: not a git repository (or any of the parent directories): .git
2025-11-24 22:33:04.547 [info] > git rev-parse --show-toplevel [2ms]
2025-11-24 22:33:04.547 [info] fatal: not a git repository (or any of the parent directories): .git
2025-11-24 22:33:04.547 [info] > git rev-parse --show-toplevel [2ms]
2025-11-24 22:33:04.547 [info] fatal: not a git repository (or any of the parent directories): .git
2025-11-24 22:33:04.547 [info] > git rev-parse --show-toplevel [2ms]
2025-11-24 22:33:04.547 [info] fatal: not a git repository (or any of the parent directories): .git
2025-11-24 22:33:04.547 [info] > git rev-parse --show-toplevel [2ms]
2025-11-24 22:33:04.547 [info] fatal: not a git repository (or any of the parent directories): .git
2025-11-24 22:33:04.547 [info] > git rev-parse --show-toplevel [2ms]
2025-11-24 22:33:04.547 [info] fatal: not a git repository (or any of the parent directories): .git
2025-11-24 22:33:04.547 [info] > git rev-parse --show-toplevel [1ms]
2025-11-24 22:33:04.547 [info] fatal: not a git repository (or any of the parent directories): .git
2025-11-24 22:33:04.547 [info] > git rev-parse --show-toplevel [1ms]
2025-11-24 22:33:04.547 [info] fatal: not a git repository (or any of the parent directories): .git
2025-11-24 22:33:04.547 [info] > git rev-parse --show-toplevel [2ms]
2025-11-24 22:33:04.547 [info] fatal: not a git repository (or any of the parent directories): .git
2025-11-24 22:33:04.547 [info] > git rev-parse --show-toplevel [2ms]
2025-11-24 22:33:04.547 [info] fatal: not a git repository (or any of the parent directories): .git
2025-11-24 22:33:04.547 [info] > git rev-parse --show-toplevel [2ms]
2025-11-24 22:33:04.547 [info] fatal: not a git repository (or any of the parent directories): .git
2025-11-24 22:33:04.547 [info] > git rev-parse --show-toplevel [2ms]
2025-11-24 22:33:04.547 [info] fatal: not a git repository (or any of the parent directories): .git
2025-11-24 22:33:04.547 [info] > git rev-parse --show-toplevel [2ms]
2025-11-24 22:33:04.547 [info] fatal: not a git repository (or any of the parent directories): .git
2025-11-24 22:33:04.547 [info] > git rev-parse --show-toplevel [2ms]
2025-11-24 22:33:04.547 [info] fatal: not a git repository (or any of the parent directories): .git
2025-11-24 22:33:04.547 [info] > git rev-parse --show-toplevel [1ms]
2025-11-24 22:33:04.547 [info] fatal: not a git repository (or any of the parent directories): .git
2025-11-24 22:33:04.547 [info] > git rev-parse --show-toplevel [2ms]
2025-11-24 22:33:04.547 [info] fatal: not a git repository (or any of the parent directories): .git
2025-11-24 22:33:04.547 [info] > git rev-parse --show-toplevel [2ms]
2025-11-24 22:33:04.547 [info] > git rev-parse --git-dir --git-common-dir --show-superproject-working-tree [5ms]
2025-11-24 22:33:04.547 [info] [Model][openRepository] Opened repository (path): /home/seanos1a/ecommerce-dash
2025-11-24 22:33:04.547 [info] [Model][openRepository] Opened repository (real path): /home/seanos1a/ecommerce-dash
2025-11-24 22:33:04.547 [info] [Model][openRepository] Opened repository (kind): repository
2025-11-24 22:33:04.547 [info] > git config --get commit.template [5ms]
2025-11-24 22:33:04.547 [info] > git rev-parse --show-toplevel [3ms]
2025-11-24 22:33:04.547 [info] > git for-each-ref --format=%(refname)%00%(upstream:short)%00%(objectname)%00%(upstream:track)%00%(upstream:remotename)%00%(upstream:remoteref) refs/heads/master refs/remotes/master [7ms]
2025-11-24 22:33:04.547 [info] > git status -z -uall [8ms]
2025-11-24 22:33:04.547 [info] > git rev-parse --git-dir --git-common-dir --show-superproject-working-tree [16ms]
2025-11-24 22:33:04.547 [info] [Model][openRepository] Opened repository (path): /home/seanos1a/ecotracker-app
2025-11-24 22:33:04.547 [info] [Model][openRepository] Opened repository (real path): /home/seanos1a/ecotracker-app
2025-11-24 22:33:04.547 [info] [Model][openRepository] Opened repository (kind): repository
2025-11-24 22:33:04.547 [info] > git for-each-ref --sort -committerdate --format %(refname)%00%(objectname)%00%(*objectname) [21ms]
2025-11-24 22:33:04.547 [info] > git for-each-ref --format=%(refname)%00%(upstream:short)%00%(objectname)%00%(upstream:track)%00%(upstream:remotename)%00%(upstream:remoteref) refs/heads/master refs/remotes/master [10ms]
2025-11-24 22:33:04.547 [info] > git rev-parse --show-toplevel [42ms]
2025-11-24 22:33:04.547 [info] fatal: not a git repository (or any of the parent directories): .git
2025-11-24 22:33:04.547 [info] > git config --get commit.template [47ms]
2025-11-24 22:33:04.547 [info] > git config --get commit.template [13ms]
2025-11-24 22:33:04.547 [info] > git config --get --local branch.master.vscode-merge-base [12ms]
2025-11-24 22:33:04.547 [warning] [Git][config] git config failed: Failed to execute git
2025-11-24 22:33:04.547 [info] > git for-each-ref --format=%(refname)%00%(upstream:short)%00%(objectname)%00%(upstream:track)%00%(upstream:remotename)%00%(upstream:remoteref) refs/heads/master refs/remotes/master [14ms]
2025-11-24 22:33:04.547 [info] > git rev-parse --show-toplevel [19ms]
2025-11-24 22:33:04.547 [info] fatal: not a git repository (or any of the parent directories): .git
2025-11-24 22:33:04.547 [info] > git for-each-ref --format=%(refname)%00%(upstream:short)%00%(objectname)%00%(upstream:track)%00%(upstream:remotename)%00%(upstream:remoteref) refs/heads/master refs/remotes/master [47ms]
2025-11-24 22:33:04.547 [info] > git reflog master --grep-reflog=branch: Created from *. [65ms]
2025-11-24 22:33:04.547 [info] > git status -z -uall [22ms]
2025-11-24 22:33:04.547 [info] > git symbolic-ref --short refs/remotes/origin/HEAD [11ms]
2025-11-24 22:33:04.547 [info] fatal: ref refs/remotes/origin/HEAD is not a symbolic ref
2025-11-24 22:33:04.547 [warning] [Repository][getDefaultBranch] Failed to get default branch details: Failed to execute git.
2025-11-24 22:33:04.547 [info] > git for-each-ref --sort -committerdate --format %(refname)%00%(objectname)%00%(*objectname) [18ms]
2025-11-24 22:33:04.547 [info] > git rev-parse --show-toplevel [13ms]
2025-11-24 22:33:04.548 [info] > git status -z -uall [15ms]
2025-11-24 22:33:04.549 [info] > git for-each-ref --sort -committerdate --format %(refname)%00%(objectname)%00%(*objectname) [9ms]
2025-11-24 22:33:04.578 [info] > git for-each-ref --format=%(refname)%00%(upstream:short)%00%(objectname)%00%(upstream:track)%00%(upstream:remotename)%00%(upstream:remoteref) refs/heads/master refs/remotes/master [18ms]
2025-11-24 22:33:04.585 [info] > git rev-parse --git-dir --git-common-dir --show-superproject-working-tree [40ms]
2025-11-24 22:33:04.594 [info] [Model][openRepository] Opened repository (path): /home/seanos1a/global-news-ai
2025-11-24 22:33:04.594 [info] [Model][openRepository] Opened repository (real path): /home/seanos1a/global-news-ai
2025-11-24 22:33:04.594 [info] [Model][openRepository] Opened repository (kind): repository
2025-11-24 22:33:04.609 [info] > git config --get --local branch.master.vscode-merge-base [24ms]
2025-11-24 22:33:04.610 [warning] [Git][config] git config failed: Failed to execute git
2025-11-24 22:33:04.616 [info] > git config --get commit.template [47ms]
2025-11-24 22:33:04.618 [info] > git rev-parse --show-toplevel [9ms]
2025-11-24 22:33:04.618 [info] > git config --get commit.template [14ms]
2025-11-24 22:33:04.629 [info] > git reflog master --grep-reflog=branch: Created from *. [14ms]
2025-11-24 22:33:04.644 [info] > git rev-parse --git-dir --git-common-dir --show-superproject-working-tree [16ms]
2025-11-24 22:33:04.654 [info] [Model][openRepository] Opened repository (path): /home/seanos1a/h2h
2025-11-24 22:33:04.654 [info] [Model][openRepository] Opened repository (real path): /home/seanos1a/h2h
2025-11-24 22:33:04.654 [info] [Model][openRepository] Opened repository (kind): repository
2025-11-24 22:33:04.655 [info] > git for-each-ref --format=%(refname)%00%(upstream:short)%00%(objectname)%00%(upstream:track)%00%(upstream:remotename)%00%(upstream:remoteref) refs/heads/master refs/remotes/master [32ms]
2025-11-24 22:33:04.666 [info] > git for-each-ref --format=%(refname)%00%(upstream:short)%00%(objectname)%00%(upstream:track)%00%(upstream:remotename)%00%(upstream:remoteref) refs/heads/main refs/remotes/main [24ms]
2025-11-24 22:33:04.667 [info] > git symbolic-ref --short refs/remotes/origin/HEAD [30ms]
2025-11-24 22:33:04.667 [info] fatal: ref refs/remotes/origin/HEAD is not a symbolic ref
2025-11-24 22:33:04.667 [warning] [Repository][getDefaultBranch] Failed to get default branch details: Failed to execute git.
2025-11-24 22:33:04.677 [info] > git rev-parse --show-toplevel [11ms]
2025-11-24 22:33:04.677 [info] > git config --get commit.template [17ms]
2025-11-24 22:33:04.684 [info] > git merge-base refs/heads/master refs/remotes/origin/master [10ms]
2025-11-24 22:33:04.710 [info] > git status -z -uall [9ms]
2025-11-24 22:33:04.711 [info] > git rev-parse --git-dir --git-common-dir --show-superproject-working-tree [28ms]
2025-11-24 22:33:04.716 [info] [Model][openRepository] Opened repository (path): /home/seanos1a/hyperspeed
2025-11-24 22:33:04.716 [info] [Model][openRepository] Opened repository (real path): /home/seanos1a/hyperspeed
2025-11-24 22:33:04.716 [info] [Model][openRepository] Opened repository (kind): repository
2025-11-24 22:33:04.743 [info] > git for-each-ref --sort -committerdate --format %(refname)%00%(objectname)%00%(*objectname) [34ms]
2025-11-24 22:33:04.752 [info] > git for-each-ref --format=%(refname)%00%(upstream:short)%00%(objectname)%00%(upstream:track)%00%(upstream:remotename)%00%(upstream:remoteref) refs/heads/main refs/remotes/main [56ms]
2025-11-24 22:33:04.753 [info] > git diff --name-status -z --diff-filter=ADMR --find-renames=50% 4a574ee18c7cb85a34ff5f3667cc817648dae83b...refs/remotes/origin/master -- [63ms]
2025-11-24 22:33:04.755 [info] > git status -z -uall [31ms]
2025-11-24 22:33:04.755 [info] > git merge-base refs/heads/master refs/remotes/origin/master [4ms]
2025-11-24 22:33:04.761 [info] > git rev-parse --show-toplevel [21ms]
2025-11-24 22:33:04.761 [info] fatal: not a git repository (or any of the parent directories): .git
2025-11-24 22:33:04.762 [info] > git config --get commit.template [27ms]
2025-11-24 22:33:04.762 [info] > git for-each-ref --sort -committerdate --format %(refname)%00%(objectname)%00%(*objectname) [33ms]
2025-11-24 22:33:04.784 [info] > git for-each-ref --format=%(refname)%00%(upstream:short)%00%(objectname)%00%(upstream:track)%00%(upstream:remotename)%00%(upstream:remoteref) refs/heads/main refs/remotes/main [13ms]
2025-11-24 22:33:04.790 [info] > git diff --name-status -z --diff-filter=ADMR --find-renames=50% 4a574ee18c7cb85a34ff5f3667cc817648dae83b...refs/remotes/origin/master -- [29ms]
2025-11-24 22:33:04.795 [info] [Git][getRemotes] No remotes found in the git config file
2025-11-24 22:33:04.796 [info] > git config --get commit.template [13ms]
2025-11-24 22:33:04.796 [info] > git rev-parse --show-toplevel [18ms]
2025-11-24 22:33:04.808 [info] > git status -z -uall [7ms]
2025-11-24 22:33:04.808 [info] > git for-each-ref --format=%(refname)%00%(upstream:short)%00%(objectname)%00%(upstream:track)%00%(upstream:remotename)%00%(upstream:remoteref) refs/heads/main refs/remotes/main [14ms]
2025-11-24 22:33:04.819 [info] > git config --get --local branch.main.vscode-merge-base [30ms]
2025-11-24 22:33:04.819 [warning] [Git][config] git config failed: Failed to execute git
2025-11-24 22:33:04.834 [info] > git status -z -uall [21ms]
2025-11-24 22:33:04.835 [info] > git for-each-ref --sort -committerdate --format %(refname)%00%(objectname)%00%(*objectname) [15ms]
2025-11-24 22:33:04.843 [info] > git for-each-ref --sort -committerdate --format %(refname)%00%(objectname)%00%(*objectname) [36ms]
2025-11-24 22:33:04.867 [info] > git for-each-ref --format=%(refname)%00%(upstream:short)%00%(objectname)%00%(upstream:track)%00%(upstream:remotename)%00%(upstream:remoteref) refs/heads/main refs/remotes/main [15ms]
2025-11-24 22:33:04.872 [info] > git for-each-ref --format=%(refname)%00%(upstream:short)%00%(objectname)%00%(upstream:track)%00%(upstream:remotename)%00%(upstream:remoteref) refs/heads/main refs/remotes/main [32ms]
2025-11-24 22:33:04.877 [info] > git for-each-ref --format=%(refname)%00%(upstream:short)%00%(objectname)%00%(upstream:track)%00%(upstream:remotename)%00%(upstream:remoteref) refs/heads/main refs/remotes/main [45ms]
2025-11-24 22:33:04.877 [info] > git rev-parse --git-dir --git-common-dir --show-superproject-working-tree [49ms]
2025-11-24 22:33:04.883 [info] [Model][openRepository] Opened repository (path): /home/seanos1a/nebula-ui
2025-11-24 22:33:04.883 [info] [Model][openRepository] Opened repository (real path): /home/seanos1a/nebula-ui
2025-11-24 22:33:04.883 [info] [Model][openRepository] Opened repository (kind): repository
2025-11-24 22:33:04.884 [info] > git reflog main --grep-reflog=branch: Created from *. [60ms]
2025-11-24 22:33:04.899 [info] > git config --get --local branch.main.vscode-merge-base [23ms]
2025-11-24 22:33:04.899 [warning] [Git][config] git config failed: Failed to execute git
2025-11-24 22:33:04.904 [info] > git config --get --local branch.main.vscode-merge-base [32ms]
2025-11-24 22:33:04.909 [info] > git config --get commit.template [44ms]
2025-11-24 22:33:04.909 [info] > git config --get commit.template [50ms]
2025-11-24 22:33:04.911 [info] > git reflog main --grep-reflog=branch: Created from *. [7ms]
2025-11-24 22:33:04.912 [info] > git rev-parse --show-toplevel [14ms]
2025-11-24 22:33:04.912 [info] fatal: not a git repository (or any of the parent directories): .git
2025-11-24 22:33:04.913 [info] > git config --get commit.template [18ms]
2025-11-24 22:33:04.913 [info] > git symbolic-ref --short refs/remotes/origin/HEAD [25ms]
2025-11-24 22:33:04.913 [info] fatal: ref refs/remotes/origin/HEAD is not a symbolic ref
2025-11-24 22:33:04.913 [warning] [Repository][getDefaultBranch] Failed to get default branch details: Failed to execute git.
2025-11-24 22:33:04.922 [info] [Git][getRemotes] No remotes found in the git config file
2025-11-24 22:33:04.932 [info] > git for-each-ref --format=%(refname)%00%(upstream:short)%00%(objectname)%00%(upstream:track)%00%(upstream:remotename)%00%(upstream:remoteref) refs/heads/origin/main refs/remotes/origin/main [24ms]
2025-11-24 22:33:04.964 [info] > git status -z -uall [10ms]
2025-11-24 22:33:04.964 [info] > git rev-parse --show-toplevel [33ms]
2025-11-24 22:33:04.964 [info] > git for-each-ref --format=%(refname)%00%(upstream:short)%00%(objectname)%00%(upstream:track)%00%(upstream:remotename)%00%(upstream:remoteref) refs/heads/main refs/remotes/main [38ms]
2025-11-24 22:33:04.965 [info] > git for-each-ref --format=%(refname)%00%(upstream:short)%00%(objectname)%00%(upstream:track)%00%(upstream:remotename)%00%(upstream:remoteref) refs/heads/main refs/remotes/main [43ms]
2025-11-24 22:33:04.975 [info] > git merge-base refs/heads/main refs/remotes/origin/main [58ms]
2025-11-24 22:33:04.986 [info] > git status -z -uall [17ms]
2025-11-24 22:33:04.986 [info] > git for-each-ref --sort -committerdate --format %(refname)%00%(objectname)%00%(*objectname) [11ms]
2025-11-24 22:33:04.988 [info] > git for-each-ref --format=%(refname)%00%(upstream:short)%00%(objectname)%00%(upstream:track)%00%(upstream:remotename)%00%(upstream:remoteref) refs/heads/master refs/remotes/master [25ms]
2025-11-24 22:33:04.988 [info] > git for-each-ref --sort -committerdate --format %(refname)%00%(objectname)%00%(*objectname) [30ms]
2025-11-24 22:33:04.996 [info] > git merge-base refs/heads/main refs/remotes/origin/main [60ms]
2025-11-24 22:33:05.007 [info] > git merge-base refs/heads/main refs/remotes/origin/main [12ms]
2025-11-24 22:33:05.012 [info] > git rev-parse --git-dir --git-common-dir --show-superproject-working-tree [28ms]
2025-11-24 22:33:05.018 [info] [Model][openRepository] Opened repository (path): /home/seanos1a/portfolio-hub
2025-11-24 22:33:05.018 [info] [Model][openRepository] Opened repository (real path): /home/seanos1a/portfolio-hub
2025-11-24 22:33:05.018 [info] [Model][openRepository] Opened repository (kind): repository
2025-11-24 22:33:05.019 [info] > git diff --name-status -z --diff-filter=ADMR --find-renames=50% b7c18827961630bcceac977966b4df2e2c5a5e93...refs/remotes/origin/main -- [40ms]
2025-11-24 22:33:05.033 [info] > git diff --name-status -z --diff-filter=ADMR --find-renames=50% b7c18827961630bcceac977966b4df2e2c5a5e93...refs/remotes/origin/main -- [20ms]
2025-11-24 22:33:05.033 [info] > git diff --name-status -z --diff-filter=ADMR --find-renames=50% 18aa206a9aa4d0533e4132115d59c7c550acdc11...refs/remotes/origin/main -- [32ms]
2025-11-24 22:33:05.045 [info] > git rev-parse --show-toplevel [14ms]
2025-11-24 22:33:05.046 [info] fatal: not a git repository (or any of the parent directories): .git
2025-11-24 22:33:05.046 [info] > git config --get commit.template [20ms]
2025-11-24 22:33:05.062 [info] > git status -z -uall [23ms]
2025-11-24 22:33:05.062 [info] > git status -z -uall [11ms]
2025-11-24 22:33:05.062 [info] > git for-each-ref --sort -committerdate --format %(refname)%00%(objectname)%00%(*objectname) [18ms]
2025-11-24 22:33:05.072 [info] [Git][getRemotes] No remotes found in the git config file
2025-11-24 22:33:05.073 [info] > git rev-parse --show-toplevel [11ms]
2025-11-24 22:33:05.073 [info] fatal: not a git repository (or any of the parent directories): .git
2025-11-24 22:33:05.074 [info] > git for-each-ref --sort -committerdate --format %(refname)%00%(objectname)%00%(*objectname) [17ms]
2025-11-24 22:33:05.094 [info] > git for-each-ref --format=%(refname)%00%(upstream:short)%00%(objectname)%00%(upstream:track)%00%(upstream:remotename)%00%(upstream:remoteref) refs/heads/master refs/remotes/master [12ms]
2025-11-24 22:33:05.099 [info] > git for-each-ref --format=%(refname)%00%(upstream:short)%00%(objectname)%00%(upstream:track)%00%(upstream:remotename)%00%(upstream:remoteref) refs/heads/master refs/remotes/master [28ms]
2025-11-24 22:33:05.110 [info] > git status -z -uall [6ms]
2025-11-24 22:33:05.111 [info] > git config --get --local branch.master.vscode-merge-base [11ms]
2025-11-24 22:33:05.111 [warning] [Git][config] git config failed: Failed to execute git
2025-11-24 22:33:05.116 [info] > git config --get commit.template [23ms]
2025-11-24 22:33:05.116 [info] > git rev-parse --show-toplevel [27ms]
2025-11-24 22:33:05.123 [info] > git for-each-ref --sort -committerdate --format %(refname)%00%(objectname)%00%(*objectname) [15ms]
2025-11-24 22:33:05.142 [info] > git for-each-ref --format=%(refname)%00%(upstream:short)%00%(objectname)%00%(upstream:track)%00%(upstream:remotename)%00%(upstream:remoteref) refs/heads/master refs/remotes/master [13ms]
2025-11-24 22:33:05.146 [info] > git rev-parse --git-dir --git-common-dir --show-superproject-working-tree [24ms]
2025-11-24 22:33:05.152 [info] [Model][openRepository] Opened repository (path): /home/seanos1a/sean-s-landing-page
2025-11-24 22:33:05.152 [info] [Model][openRepository] Opened repository (real path): /home/seanos1a/sean-s-landing-page
2025-11-24 22:33:05.152 [info] [Model][openRepository] Opened repository (kind): repository
2025-11-24 22:33:05.153 [info] > git reflog master --grep-reflog=branch: Created from *. [38ms]
2025-11-24 22:33:05.168 [info] > git config --get --local branch.master.vscode-merge-base [21ms]
2025-11-24 22:33:05.168 [warning] [Git][config] git config failed: Failed to execute git
2025-11-24 22:33:05.172 [info] > git config --get commit.template [31ms]
2025-11-24 22:33:05.172 [info] > git for-each-ref --format=%(refname)%00%(upstream:short)%00%(objectname)%00%(upstream:track)%00%(upstream:remotename)%00%(upstream:remoteref) refs/heads/master refs/remotes/master [36ms]
2025-11-24 22:33:05.174 [info] > git rev-parse --show-toplevel [8ms]
2025-11-24 22:33:05.174 [info] fatal: not a git repository (or any of the parent directories): .git
2025-11-24 22:33:05.175 [info] > git config --get commit.template [12ms]
2025-11-24 22:33:05.175 [info] > git symbolic-ref --short refs/remotes/origin/HEAD [18ms]
2025-11-24 22:33:05.175 [info] fatal: ref refs/remotes/origin/HEAD is not a symbolic ref
2025-11-24 22:33:05.175 [warning] [Repository][getDefaultBranch] Failed to get default branch details: Failed to execute git.
2025-11-24 22:33:05.185 [info] [Git][getRemotes] No remotes found in the git config file
2025-11-24 22:33:05.190 [info] > git reflog master --grep-reflog=branch: Created from *. [18ms]
2025-11-24 22:33:05.197 [info] > git rev-parse --show-toplevel [7ms]
2025-11-24 22:33:05.197 [info] fatal: not a git repository (or any of the parent directories): .git
2025-11-24 22:33:05.198 [info] > git for-each-ref --format=%(refname)%00%(upstream:short)%00%(objectname)%00%(upstream:track)%00%(upstream:remotename)%00%(upstream:remoteref) refs/heads/master refs/remotes/master [13ms]
2025-11-24 22:33:05.207 [info] > git merge-base refs/heads/master refs/remotes/origin/master [28ms]
2025-11-24 22:33:05.229 [info] > git status -z -uall [27ms]
2025-11-24 22:33:05.229 [info] > git status -z -uall [11ms]
2025-11-24 22:33:05.229 [info] > git for-each-ref --sort -committerdate --format %(refname)%00%(objectname)%00%(*objectname) [22ms]
2025-11-24 22:33:05.232 [info] > git for-each-ref --format=%(refname)%00%(upstream:short)%00%(objectname)%00%(upstream:track)%00%(upstream:remotename)%00%(upstream:remoteref) refs/heads/main refs/remotes/main [37ms]
2025-11-24 22:33:05.233 [info] > git rev-parse --show-toplevel [5ms]
2025-11-24 22:33:05.233 [info] fatal: not a git repository (or any of the parent directories): .git
2025-11-24 22:33:05.233 [info] > git for-each-ref --sort -committerdate --format %(refname)%00%(objectname)%00%(*objectname) [10ms]
2025-11-24 22:33:05.240 [info] > git diff --name-status -z --diff-filter=ADMR --find-renames=50% aba97bb16aa67935f756feaf00c52cca28099aa5...refs/remotes/origin/master -- [28ms]
2025-11-24 22:33:05.246 [info] > git merge-base refs/heads/master refs/remotes/origin/master [8ms]
2025-11-24 22:33:05.253 [info] > git rev-parse --show-toplevel [7ms]
2025-11-24 22:33:05.268 [info] > git status -z -uall [11ms]
2025-11-24 22:33:05.269 [info] > git diff --name-status -z --diff-filter=ADMR --find-renames=50% aba97bb16aa67935f756feaf00c52cca28099aa5...refs/remotes/origin/master -- [17ms]
2025-11-24 22:33:05.270 [info] > git for-each-ref --sort -committerdate --format %(refname)%00%(objectname)%00%(*objectname) [8ms]
2025-11-24 22:33:05.286 [info] > git rev-parse --git-dir --git-common-dir --show-superproject-working-tree [19ms]
2025-11-24 22:33:05.294 [info] [Model][openRepository] Opened repository (path): /home/seanos1a/yahtzee
2025-11-24 22:33:05.294 [info] [Model][openRepository] Opened repository (real path): /home/seanos1a/yahtzee
2025-11-24 22:33:05.294 [info] [Model][openRepository] Opened repository (kind): repository
2025-11-24 22:33:05.300 [info] [Model][doInitialScan] Initial repository scan completed - repositories (9), closed repositories (0), parent repositories (0), unsafe repositories (0)
2025-11-24 22:33:05.313 [info] > git config --get commit.template [28ms]
2025-11-24 22:33:05.313 [info] > git for-each-ref --format=%(refname)%00%(upstream:short)%00%(objectname)%00%(upstream:track)%00%(upstream:remotename)%00%(upstream:remoteref) refs/heads/main refs/remotes/main [34ms]
2025-11-24 22:33:05.319 [info] > git rev-parse --show-toplevel [7ms]
2025-11-24 22:33:05.319 [info] fatal: not a git repository (or any of the parent directories): .git
2025-11-24 22:33:05.320 [info] > git config --get commit.template [13ms]
2025-11-24 22:33:05.326 [info] > git config --get --local branch.main.vscode-merge-base [8ms]
2025-11-24 22:33:05.335 [info] > git for-each-ref --format=%(refname)%00%(upstream:short)%00%(objectname)%00%(upstream:track)%00%(upstream:remotename)%00%(upstream:remoteref) refs/heads/main refs/remotes/main [10ms]
2025-11-24 22:33:05.336 [info] > git for-each-ref --format=%(refname)%00%(upstream:short)%00%(objectname)%00%(upstream:track)%00%(upstream:remotename)%00%(upstream:remoteref) refs/heads/origin/main refs/remotes/origin/main [6ms]
2025-11-24 22:33:05.347 [info] > git for-each-ref --format=%(refname)%00%(upstream:short)%00%(objectname)%00%(upstream:track)%00%(upstream:remotename)%00%(upstream:remoteref) refs/heads/main refs/remotes/main [13ms]
2025-11-24 22:33:05.347 [info] > git merge-base refs/heads/main refs/remotes/origin/main [2ms]
2025-11-24 22:33:05.357 [warning] [Git][revParse] Unable to read file: ENOENT: no such file or directory, open '/home/seanos1a/yahtzee/.git/refs/remotes/origin/main'
2025-11-24 22:33:05.368 [info] > git status -z -uall [6ms]
2025-11-24 22:33:05.368 [info] > git rev-parse refs/remotes/origin/main [12ms]
2025-11-24 22:33:05.379 [info] > git diff --name-status -z --diff-filter=ADMR --find-renames=50% 25dd56946ebbdb0b4e2ade11948795965bb18cec...refs/remotes/origin/main -- [27ms]
2025-11-24 22:33:05.382 [info] > git status -z -uall [8ms]
2025-11-24 22:33:05.383 [info] > git for-each-ref --sort -committerdate --format %(refname)%00%(objectname)%00%(*objectname) [16ms]
2025-11-24 22:33:05.386 [info] > git for-each-ref --sort -committerdate --format %(refname)%00%(objectname)%00%(*objectname) [7ms]
2025-11-24 22:33:05.408 [info] > git for-each-ref --format=%(refname)%00%(upstream:short)%00%(objectname)%00%(upstream:track)%00%(upstream:remotename)%00%(upstream:remoteref) refs/heads/main refs/remotes/main [14ms]
2025-11-24 22:33:05.413 [info] > git config --get commit.template [10ms]
2025-11-24 22:33:05.419 [info] > git config --get --local branch.main.vscode-merge-base [7ms]
2025-11-24 22:33:05.426 [info] > git for-each-ref --format=%(refname)%00%(upstream:short)%00%(objectname)%00%(upstream:track)%00%(upstream:remotename)%00%(upstream:remoteref) refs/heads/main refs/remotes/main [7ms]
2025-11-24 22:33:05.431 [warning] [Git][revParse] Unable to read file: ENOENT: no such file or directory, open '/home/seanos1a/yahtzee/.git/refs/remotes/origin/main'
2025-11-24 22:33:05.432 [info] > git for-each-ref --format=%(refname)%00%(upstream:short)%00%(objectname)%00%(upstream:track)%00%(upstream:remotename)%00%(upstream:remoteref) refs/heads/origin/main refs/remotes/origin/main [7ms]
2025-11-24 22:33:05.439 [info] > git rev-parse refs/remotes/origin/main [9ms]
2025-11-24 22:33:05.452 [info] > git status -z -uall [8ms]
2025-11-24 22:33:05.453 [info] > git merge-base refs/heads/main refs/remotes/origin/main [15ms]
2025-11-24 22:33:05.460 [info] > git for-each-ref --sort -committerdate --format %(refname)%00%(objectname)%00%(*objectname) [11ms]
2025-11-24 22:33:05.471 [info] > git merge-base refs/heads/main refs/remotes/origin/main [3ms]
2025-11-24 22:33:05.478 [info] > git diff --name-status -z --diff-filter=ADMR --find-renames=50% 0be2243cbbf266187297093da44471024eb9a029...refs/remotes/origin/main -- [19ms]
2025-11-24 22:33:05.480 [info] > git diff --name-status -z --diff-filter=ADMR --find-renames=50% 0be2243cbbf266187297093da44471024eb9a029...refs/remotes/origin/main -- [2ms]
2025-11-24 22:33:06.703 [info] > git rev-parse --show-toplevel [8ms]
2025-11-24 22:33:06.703 [info] fatal: not a git repository (or any of the parent directories): .git
2025-11-24 22:33:09.185 [info] > git rev-parse --show-toplevel [2ms]
2025-11-24 22:33:09.185 [info] fatal: not a git repository (or any of the parent directories): .git
