2025-11-24 22:15:18.718 [info] [main] Log level: Info
2025-11-24 22:15:18.718 [info] [main] Validating found git in: "git"
2025-11-24 22:15:18.718 [info] [main] Using git "2.47.3" from "git"
2025-11-24 22:15:18.718 [info] [Model][doInitialScan] Initial repository scan started
2025-11-24 22:15:18.718 [info] > git rev-parse --show-toplevel [3ms]
2025-11-24 22:15:18.718 [info] fatal: not a git repository (or any of the parent directories): .git
2025-11-24 22:15:18.719 [info] > git rev-parse --show-toplevel [2ms]
2025-11-24 22:15:18.719 [info] fatal: not a git repository (or any of the parent directories): .git
2025-11-24 22:15:18.719 [info] > git rev-parse --show-toplevel [1ms]
2025-11-24 22:15:18.719 [info] fatal: not a git repository (or any of the parent directories): .git
2025-11-24 22:15:18.719 [info] > git rev-parse --show-toplevel [2ms]
2025-11-24 22:15:18.719 [info] fatal: not a git repository (or any of the parent directories): .git
2025-11-24 22:15:18.719 [info] > git rev-parse --show-toplevel [2ms]
2025-11-24 22:15:18.719 [info] fatal: not a git repository (or any of the parent directories): .git
2025-11-24 22:15:18.719 [info] > git rev-parse --show-toplevel [3ms]
2025-11-24 22:15:18.719 [info] fatal: not a git repository (or any of the parent directories): .git
2025-11-24 22:15:18.719 [info] > git rev-parse --show-toplevel [2ms]
2025-11-24 22:15:18.719 [info] fatal: not a git repository (or any of the parent directories): .git
2025-11-24 22:15:18.719 [info] > git rev-parse --show-toplevel [1ms]
2025-11-24 22:15:18.719 [info] fatal: not a git repository (or any of the parent directories): .git
2025-11-24 22:15:18.719 [info] > git rev-parse --show-toplevel [2ms]
2025-11-24 22:15:18.719 [info] fatal: not a git repository (or any of the parent directories): .git
2025-11-24 22:15:18.719 [info] > git rev-parse --show-toplevel [1ms]
2025-11-24 22:15:18.719 [info] fatal: not a git repository (or any of the parent directories): .git
2025-11-24 22:15:18.719 [info] > git rev-parse --show-toplevel [2ms]
2025-11-24 22:15:18.719 [info] fatal: not a git repository (or any of the parent directories): .git
2025-11-24 22:15:18.719 [info] > git rev-parse --show-toplevel [2ms]
2025-11-24 22:15:18.719 [info] fatal: not a git repository (or any of the parent directories): .git
2025-11-24 22:15:18.719 [info] > git rev-parse --show-toplevel [1ms]
2025-11-24 22:15:18.719 [info] fatal: not a git repository (or any of the parent directories): .git
2025-11-24 22:15:18.719 [info] > git rev-parse --show-toplevel [2ms]
2025-11-24 22:15:18.719 [info] fatal: not a git repository (or any of the parent directories): .git
2025-11-24 22:15:18.719 [info] > git rev-parse --show-toplevel [2ms]
2025-11-24 22:15:18.719 [info] fatal: not a git repository (or any of the parent directories): .git
2025-11-24 22:15:18.719 [info] > git rev-parse --show-toplevel [2ms]
2025-11-24 22:15:18.719 [info] fatal: not a git repository (or any of the parent directories): .git
2025-11-24 22:15:18.719 [info] > git rev-parse --show-toplevel [2ms]
2025-11-24 22:15:18.719 [info] fatal: not a git repository (or any of the parent directories): .git
2025-11-24 22:15:18.719 [info] > git rev-parse --show-toplevel [1ms]
2025-11-24 22:15:18.719 [info] fatal: not a git repository (or any of the parent directories): .git
2025-11-24 22:15:18.719 [info] > git rev-parse --show-toplevel [2ms]
2025-11-24 22:15:18.719 [info] fatal: not a git repository (or any of the parent directories): .git
2025-11-24 22:15:18.719 [info] > git rev-parse --show-toplevel [1ms]
2025-11-24 22:15:18.719 [info] fatal: not a git repository (or any of the parent directories): .git
2025-11-24 22:15:18.719 [info] > git rev-parse --show-toplevel [2ms]
2025-11-24 22:15:18.719 [info] fatal: not a git repository (or any of the parent directories): .git
2025-11-24 22:15:18.719 [info] > git rev-parse --show-toplevel [2ms]
2025-11-24 22:15:18.719 [info] fatal: not a git repository (or any of the parent directories): .git
2025-11-24 22:15:18.719 [info] > git rev-parse --show-toplevel [2ms]
2025-11-24 22:15:18.719 [info] fatal: not a git repository (or any of the parent directories): .git
2025-11-24 22:15:18.719 [info] > git rev-parse --show-toplevel [2ms]
2025-11-24 22:15:18.719 [info] fatal: not a git repository (or any of the parent directories): .git
2025-11-24 22:15:18.719 [info] > git rev-parse --show-toplevel [2ms]
2025-11-24 22:15:18.719 [info] fatal: not a git repository (or any of the parent directories): .git
2025-11-24 22:15:18.719 [info] > git rev-parse --show-toplevel [2ms]
2025-11-24 22:15:18.719 [info] > git rev-parse --git-dir --git-common-dir --show-superproject-working-tree [5ms]
2025-11-24 22:15:18.719 [info] [Model][openRepository] Opened repository (path): /home/seanos1a/ecommerce-dash
2025-11-24 22:15:18.719 [info] [Model][openRepository] Opened repository (real path): /home/seanos1a/ecommerce-dash
2025-11-24 22:15:18.719 [info] [Model][openRepository] Opened repository (kind): repository
2025-11-24 22:15:18.719 [info] > git rev-parse --show-toplevel [4ms]
2025-11-24 22:15:18.719 [info] > git config --get commit.template [10ms]
2025-11-24 22:15:18.719 [info] > git for-each-ref --format=%(refname)%00%(upstream:short)%00%(objectname)%00%(upstream:track)%00%(upstream:remotename)%00%(upstream:remoteref) refs/heads/master refs/remotes/master [2ms]
2025-11-24 22:15:18.719 [info] > git rev-parse --git-dir --git-common-dir --show-superproject-working-tree [20ms]
2025-11-24 22:15:18.719 [info] [Model][openRepository] Opened repository (path): /home/seanos1a/ecotracker-app
2025-11-24 22:15:18.719 [info] [Model][openRepository] Opened repository (real path): /home/seanos1a/ecotracker-app
2025-11-24 22:15:18.719 [info] [Model][openRepository] Opened repository (kind): repository
2025-11-24 22:15:18.719 [info] > git status -z -uall [23ms]
2025-11-24 22:15:18.719 [info] > git for-each-ref --sort -committerdate --format %(refname)%00%(objectname)%00%(*objectname) [17ms]
2025-11-24 22:15:18.719 [info] > git for-each-ref --format=%(refname)%00%(upstream:short)%00%(objectname)%00%(upstream:track)%00%(upstream:remotename)%00%(upstream:remoteref) refs/heads/master refs/remotes/master [10ms]
2025-11-24 22:15:18.719 [info] > git rev-parse --show-toplevel [39ms]
2025-11-24 22:15:18.719 [info] fatal: not a git repository (or any of the parent directories): .git
2025-11-24 22:15:18.719 [info] > git config --get commit.template [43ms]
2025-11-24 22:15:18.719 [info] > git config --get --local branch.master.vscode-merge-base [7ms]
2025-11-24 22:15:18.719 [warning] [Git][config] git config failed: Failed to execute git
2025-11-24 22:15:18.719 [info] > git config --get commit.template [18ms]
2025-11-24 22:15:18.719 [info] > git rev-parse --show-toplevel [10ms]
2025-11-24 22:15:18.719 [info] fatal: not a git repository (or any of the parent directories): .git
2025-11-24 22:15:18.719 [info] > git reflog master --grep-reflog=branch: Created from *. [10ms]
2025-11-24 22:15:18.719 [info] > git for-each-ref --format=%(refname)%00%(upstream:short)%00%(objectname)%00%(upstream:track)%00%(upstream:remotename)%00%(upstream:remoteref) refs/heads/master refs/remotes/master [41ms]
2025-11-24 22:15:18.719 [info] > git for-each-ref --format=%(refname)%00%(upstream:short)%00%(objectname)%00%(upstream:track)%00%(upstream:remotename)%00%(upstream:remoteref) refs/heads/master refs/remotes/master [56ms]
2025-11-24 22:15:18.719 [info] > git status -z -uall [10ms]
2025-11-24 22:15:18.719 [info] > git for-each-ref --sort -committerdate --format %(refname)%00%(objectname)%00%(*objectname) [6ms]
2025-11-24 22:15:18.719 [info] > git rev-parse --show-toplevel [52ms]
2025-11-24 22:15:18.719 [info] > git symbolic-ref --short refs/remotes/origin/HEAD [56ms]
2025-11-24 22:15:18.719 [info] fatal: ref refs/remotes/origin/HEAD is not a symbolic ref
2025-11-24 22:15:18.719 [warning] [Repository][getDefaultBranch] Failed to get default branch details: Failed to execute git.
2025-11-24 22:15:18.720 [info] > git status -z -uall [7ms]
2025-11-24 22:15:18.721 [info] > git rev-parse --git-dir --git-common-dir --show-superproject-working-tree [19ms]
2025-11-24 22:15:18.727 [info] [Model][openRepository] Opened repository (path): /home/seanos1a/global-news-ai
2025-11-24 22:15:18.727 [info] [Model][openRepository] Opened repository (real path): /home/seanos1a/global-news-ai
2025-11-24 22:15:18.727 [info] [Model][openRepository] Opened repository (kind): repository
2025-11-24 22:15:18.738 [info] > git for-each-ref --sort -committerdate --format %(refname)%00%(objectname)%00%(*objectname) [20ms]
2025-11-24 22:15:18.757 [info] > git for-each-ref --format=%(refname)%00%(upstream:short)%00%(objectname)%00%(upstream:track)%00%(upstream:remotename)%00%(upstream:remoteref) refs/heads/master refs/remotes/master [7ms]
2025-11-24 22:15:18.762 [info] > git rev-parse --show-toplevel [25ms]
2025-11-24 22:15:18.763 [info] > git config --get commit.template [29ms]
2025-11-24 22:15:18.768 [info] > git config --get commit.template [12ms]
2025-11-24 22:15:18.773 [info] > git config --get --local branch.master.vscode-merge-base [11ms]
2025-11-24 22:15:18.773 [warning] [Git][config] git config failed: Failed to execute git
2025-11-24 22:15:18.783 [info] > git for-each-ref --format=%(refname)%00%(upstream:short)%00%(objectname)%00%(upstream:track)%00%(upstream:remotename)%00%(upstream:remoteref) refs/heads/main refs/remotes/main [11ms]
2025-11-24 22:15:18.783 [info] > git rev-parse --git-dir --git-common-dir --show-superproject-working-tree [16ms]
2025-11-24 22:15:18.789 [info] [Model][openRepository] Opened repository (path): /home/seanos1a/h2h
2025-11-24 22:15:18.789 [info] [Model][openRepository] Opened repository (real path): /home/seanos1a/h2h
2025-11-24 22:15:18.789 [info] [Model][openRepository] Opened repository (kind): repository
2025-11-24 22:15:18.800 [info] > git for-each-ref --format=%(refname)%00%(upstream:short)%00%(objectname)%00%(upstream:track)%00%(upstream:remotename)%00%(upstream:remoteref) refs/heads/master refs/remotes/master [19ms]
2025-11-24 22:15:18.800 [info] > git reflog master --grep-reflog=branch: Created from *. [23ms]
2025-11-24 22:15:18.806 [info] > git rev-parse --show-toplevel [7ms]
2025-11-24 22:15:18.807 [info] > git config --get commit.template [12ms]
2025-11-24 22:15:18.812 [info] > git symbolic-ref --short refs/remotes/origin/HEAD [8ms]
2025-11-24 22:15:18.812 [info] fatal: ref refs/remotes/origin/HEAD is not a symbolic ref
2025-11-24 22:15:18.812 [warning] [Repository][getDefaultBranch] Failed to get default branch details: Failed to execute git.
2025-11-24 22:15:18.833 [info] > git status -z -uall [10ms]
2025-11-24 22:15:18.833 [info] > git rev-parse --git-dir --git-common-dir --show-superproject-working-tree [22ms]
2025-11-24 22:15:18.838 [info] [Model][openRepository] Opened repository (path): /home/seanos1a/hyperspeed
2025-11-24 22:15:18.839 [info] [Model][openRepository] Opened repository (real path): /home/seanos1a/hyperspeed
2025-11-24 22:15:18.839 [info] [Model][openRepository] Opened repository (kind): repository
2025-11-24 22:15:18.859 [info] > git status -z -uall [14ms]
2025-11-24 22:15:18.859 [info] > git for-each-ref --format=%(refname)%00%(upstream:short)%00%(objectname)%00%(upstream:track)%00%(upstream:remotename)%00%(upstream:remoteref) refs/heads/main refs/remotes/main [27ms]
2025-11-24 22:15:18.859 [info] > git for-each-ref --sort -committerdate --format %(refname)%00%(objectname)%00%(*objectname) [31ms]
2025-11-24 22:15:18.871 [info] > git merge-base refs/heads/master refs/remotes/origin/master [55ms]
2025-11-24 22:15:18.888 [info] > git for-each-ref --format=%(refname)%00%(upstream:short)%00%(objectname)%00%(upstream:track)%00%(upstream:remotename)%00%(upstream:remoteref) refs/heads/main refs/remotes/main [19ms]
2025-11-24 22:15:18.894 [info] > git rev-parse --show-toplevel [37ms]
2025-11-24 22:15:18.894 [info] fatal: not a git repository (or any of the parent directories): .git
2025-11-24 22:15:18.894 [info] > git config --get commit.template [41ms]
2025-11-24 22:15:18.894 [info] > git for-each-ref --sort -committerdate --format %(refname)%00%(objectname)%00%(*objectname) [46ms]
2025-11-24 22:15:18.910 [info] > git merge-base refs/heads/master refs/remotes/origin/master [8ms]
2025-11-24 22:15:18.915 [info] > git config --get --local branch.main.vscode-merge-base [22ms]
2025-11-24 22:15:18.915 [warning] [Git][config] git config failed: Failed to execute git
2025-11-24 22:15:18.919 [info] > git config --get commit.template [38ms]
2025-11-24 22:15:18.919 [info] > git diff --name-status -z --diff-filter=ADMR --find-renames=50% 4a574ee18c7cb85a34ff5f3667cc817648dae83b...refs/remotes/origin/master -- [44ms]
2025-11-24 22:15:18.924 [info] [Git][getRemotes] No remotes found in the git config file
2025-11-24 22:15:18.926 [info] > git diff --name-status -z --diff-filter=ADMR --find-renames=50% 4a574ee18c7cb85a34ff5f3667cc817648dae83b...refs/remotes/origin/master -- [12ms]
2025-11-24 22:15:18.927 [info] > git rev-parse --show-toplevel [18ms]
2025-11-24 22:15:18.944 [info] > git for-each-ref --format=%(refname)%00%(upstream:short)%00%(objectname)%00%(upstream:track)%00%(upstream:remotename)%00%(upstream:remoteref) refs/heads/main refs/remotes/main [20ms]
2025-11-24 22:15:18.952 [info] > git reflog main --grep-reflog=branch: Created from *. [33ms]
2025-11-24 22:15:18.959 [info] > git status -z -uall [27ms]
2025-11-24 22:15:18.959 [info] > git status -z -uall [11ms]
2025-11-24 22:15:18.959 [info] > git for-each-ref --sort -committerdate --format %(refname)%00%(objectname)%00%(*objectname) [7ms]
2025-11-24 22:15:18.967 [info] > git rev-parse --git-dir --git-common-dir --show-superproject-working-tree [24ms]
2025-11-24 22:15:18.972 [info] [Model][openRepository] Opened repository (path): /home/seanos1a/nebula-ui
2025-11-24 22:15:18.972 [info] [Model][openRepository] Opened repository (real path): /home/seanos1a/nebula-ui
2025-11-24 22:15:18.972 [info] [Model][openRepository] Opened repository (kind): repository
2025-11-24 22:15:18.973 [info] > git for-each-ref --format=%(refname)%00%(upstream:short)%00%(objectname)%00%(upstream:track)%00%(upstream:remotename)%00%(upstream:remoteref) refs/heads/main refs/remotes/main [33ms]
2025-11-24 22:15:18.973 [info] > git for-each-ref --sort -committerdate --format %(refname)%00%(objectname)%00%(*objectname) [37ms]
2025-11-24 22:15:19.002 [info] > git for-each-ref --format=%(refname)%00%(upstream:short)%00%(objectname)%00%(upstream:track)%00%(upstream:remotename)%00%(upstream:remoteref) refs/heads/main refs/remotes/main [22ms]
2025-11-24 22:15:19.007 [info] > git for-each-ref --format=%(refname)%00%(upstream:short)%00%(objectname)%00%(upstream:track)%00%(upstream:remotename)%00%(upstream:remoteref) refs/heads/main refs/remotes/main [43ms]
2025-11-24 22:15:19.012 [info] > git symbolic-ref --short refs/remotes/origin/HEAD [56ms]
2025-11-24 22:15:19.012 [info] fatal: ref refs/remotes/origin/HEAD is not a symbolic ref
2025-11-24 22:15:19.012 [warning] [Repository][getDefaultBranch] Failed to get default branch details: Failed to execute git.
2025-11-24 22:15:19.022 [info] > git config --get --local branch.main.vscode-merge-base [11ms]
2025-11-24 22:15:19.022 [warning] [Git][config] git config failed: Failed to execute git
2025-11-24 22:15:19.026 [info] > git config --get --local branch.main.vscode-merge-base [20ms]
2025-11-24 22:15:19.031 [info] > git config --get commit.template [31ms]
2025-11-24 22:15:19.031 [info] > git rev-parse --show-toplevel [36ms]
2025-11-24 22:15:19.031 [info] fatal: not a git repository (or any of the parent directories): .git
2025-11-24 22:15:19.031 [info] > git config --get commit.template [40ms]
2025-11-24 22:15:19.032 [info] > git config --get commit.template [45ms]
2025-11-24 22:15:19.037 [info] > git reflog main --grep-reflog=branch: Created from *. [11ms]
2025-11-24 22:15:19.037 [info] > git merge-base refs/heads/main refs/remotes/origin/main [21ms]
2025-11-24 22:15:19.046 [info] [Git][getRemotes] No remotes found in the git config file
2025-11-24 22:15:19.062 [info] > git status -z -uall [5ms]
2025-11-24 22:15:19.063 [info] > git rev-parse --show-toplevel [27ms]
2025-11-24 22:15:19.063 [info] > git for-each-ref --format=%(refname)%00%(upstream:short)%00%(objectname)%00%(upstream:track)%00%(upstream:remotename)%00%(upstream:remoteref) refs/heads/origin/main refs/remotes/origin/main [33ms]
2025-11-24 22:15:19.074 [info] > git for-each-ref --sort -committerdate --format %(refname)%00%(objectname)%00%(*objectname) [13ms]
2025-11-24 22:15:19.082 [info] > git for-each-ref --format=%(refname)%00%(upstream:short)%00%(objectname)%00%(upstream:track)%00%(upstream:remotename)%00%(upstream:remoteref) refs/heads/main refs/remotes/main [29ms]
2025-11-24 22:15:19.083 [info] > git for-each-ref --format=%(refname)%00%(upstream:short)%00%(objectname)%00%(upstream:track)%00%(upstream:remotename)%00%(upstream:remoteref) refs/heads/master refs/remotes/master [33ms]
2025-11-24 22:15:19.083 [info] > git for-each-ref --format=%(refname)%00%(upstream:short)%00%(objectname)%00%(upstream:track)%00%(upstream:remotename)%00%(upstream:remoteref) refs/heads/main refs/remotes/main [38ms]
2025-11-24 22:15:19.091 [info] > git diff --name-status -z --diff-filter=ADMR --find-renames=50% b7c18827961630bcceac977966b4df2e2c5a5e93...refs/remotes/origin/main -- [50ms]
2025-11-24 22:15:19.093 [info] > git status -z -uall [6ms]
2025-11-24 22:15:19.094 [info] > git merge-base refs/heads/main refs/remotes/origin/main [13ms]
2025-11-24 22:15:19.099 [info] > git rev-parse --git-dir --git-common-dir --show-superproject-working-tree [27ms]
2025-11-24 22:15:19.104 [info] [Model][openRepository] Opened repository (path): /home/seanos1a/portfolio-hub
2025-11-24 22:15:19.104 [info] [Model][openRepository] Opened repository (real path): /home/seanos1a/portfolio-hub
2025-11-24 22:15:19.104 [info] [Model][openRepository] Opened repository (kind): repository
2025-11-24 22:15:19.105 [info] > git merge-base refs/heads/main refs/remotes/origin/main [37ms]
2025-11-24 22:15:19.119 [info] > git diff --name-status -z --diff-filter=ADMR --find-renames=50% b7c18827961630bcceac977966b4df2e2c5a5e93...refs/remotes/origin/main -- [20ms]
2025-11-24 22:15:19.119 [info] > git for-each-ref --sort -committerdate --format %(refname)%00%(objectname)%00%(*objectname) [28ms]
2025-11-24 22:15:19.123 [info] > git rev-parse --show-toplevel [5ms]
2025-11-24 22:15:19.123 [info] fatal: not a git repository (or any of the parent directories): .git
2025-11-24 22:15:19.124 [info] > git config --get commit.template [10ms]
2025-11-24 22:15:19.124 [info] > git diff --name-status -z --diff-filter=ADMR --find-renames=50% 18aa206a9aa4d0533e4132115d59c7c550acdc11...refs/remotes/origin/main -- [15ms]
2025-11-24 22:15:19.150 [info] [Git][getRemotes] No remotes found in the git config file
2025-11-24 22:15:19.151 [info] > git status -z -uall [23ms]
2025-11-24 22:15:19.151 [info] > git status -z -uall [14ms]
2025-11-24 22:15:19.151 [info] > git for-each-ref --sort -committerdate --format %(refname)%00%(objectname)%00%(*objectname) [9ms]
2025-11-24 22:15:19.160 [info] > git for-each-ref --sort -committerdate --format %(refname)%00%(objectname)%00%(*objectname) [27ms]
2025-11-24 22:15:19.168 [info] > git for-each-ref --format=%(refname)%00%(upstream:short)%00%(objectname)%00%(upstream:track)%00%(upstream:remotename)%00%(upstream:remoteref) refs/heads/master refs/remotes/master [10ms]
2025-11-24 22:15:19.173 [info] > git for-each-ref --format=%(refname)%00%(upstream:short)%00%(objectname)%00%(upstream:track)%00%(upstream:remotename)%00%(upstream:remoteref) refs/heads/master refs/remotes/master [24ms]
2025-11-24 22:15:19.182 [info] > git rev-parse --show-toplevel [36ms]
2025-11-24 22:15:19.182 [info] fatal: not a git repository (or any of the parent directories): .git
2025-11-24 22:15:19.187 [info] > git status -z -uall [10ms]
2025-11-24 22:15:19.188 [info] > git config --get --local branch.master.vscode-merge-base [16ms]
2025-11-24 22:15:19.188 [warning] [Git][config] git config failed: Failed to execute git
2025-11-24 22:15:19.192 [info] > git config --get commit.template [25ms]
2025-11-24 22:15:19.195 [info] > git rev-parse --show-toplevel [9ms]
2025-11-24 22:15:19.196 [info] > git for-each-ref --sort -committerdate --format %(refname)%00%(objectname)%00%(*objectname) [14ms]
2025-11-24 22:15:19.218 [info] > git for-each-ref --format=%(refname)%00%(upstream:short)%00%(objectname)%00%(upstream:track)%00%(upstream:remotename)%00%(upstream:remoteref) refs/heads/master refs/remotes/master [16ms]
2025-11-24 22:15:19.223 [info] > git reflog master --grep-reflog=branch: Created from *. [32ms]
2025-11-24 22:15:19.228 [info] > git config --get --local branch.master.vscode-merge-base [6ms]
2025-11-24 22:15:19.228 [warning] [Git][config] git config failed: Failed to execute git
2025-11-24 22:15:19.234 [info] > git config --get commit.template [16ms]
2025-11-24 22:15:19.234 [info] > git rev-parse --git-dir --git-common-dir --show-superproject-working-tree [21ms]
2025-11-24 22:15:19.239 [info] [Model][openRepository] Opened repository (path): /home/seanos1a/sean-s-landing-page
2025-11-24 22:15:19.239 [info] [Model][openRepository] Opened repository (real path): /home/seanos1a/sean-s-landing-page
2025-11-24 22:15:19.239 [info] [Model][openRepository] Opened repository (kind): repository
2025-11-24 22:15:19.240 [info] > git for-each-ref --format=%(refname)%00%(upstream:short)%00%(objectname)%00%(upstream:track)%00%(upstream:remotename)%00%(upstream:remoteref) refs/heads/master refs/remotes/master [32ms]
2025-11-24 22:15:19.255 [info] > git reflog master --grep-reflog=branch: Created from *. [22ms]
2025-11-24 22:15:19.256 [info] > git symbolic-ref --short refs/remotes/origin/HEAD [30ms]
2025-11-24 22:15:19.256 [info] fatal: ref refs/remotes/origin/HEAD is not a symbolic ref
2025-11-24 22:15:19.256 [warning] [Repository][getDefaultBranch] Failed to get default branch details: Failed to execute git.
2025-11-24 22:15:19.269 [info] [Git][getRemotes] No remotes found in the git config file
2025-11-24 22:15:19.270 [info] > git rev-parse --show-toplevel [20ms]
2025-11-24 22:15:19.270 [info] fatal: not a git repository (or any of the parent directories): .git
2025-11-24 22:15:19.270 [info] > git config --get commit.template [24ms]
2025-11-24 22:15:19.276 [info] > git for-each-ref --format=%(refname)%00%(upstream:short)%00%(objectname)%00%(upstream:track)%00%(upstream:remotename)%00%(upstream:remoteref) refs/heads/master refs/remotes/master [7ms]
2025-11-24 22:15:19.285 [info] > git merge-base refs/heads/master refs/remotes/origin/master [23ms]
2025-11-24 22:15:19.306 [info] > git status -z -uall [26ms]
2025-11-24 22:15:19.306 [info] > git status -z -uall [8ms]
2025-11-24 22:15:19.306 [info] > git for-each-ref --sort -committerdate --format %(refname)%00%(objectname)%00%(*objectname) [21ms]
2025-11-24 22:15:19.310 [info] > git rev-parse --show-toplevel [35ms]
2025-11-24 22:15:19.311 [info] fatal: not a git repository (or any of the parent directories): .git
2025-11-24 22:15:19.316 [info] > git for-each-ref --sort -committerdate --format %(refname)%00%(objectname)%00%(*objectname) [13ms]
2025-11-24 22:15:19.323 [info] > git for-each-ref --format=%(refname)%00%(upstream:short)%00%(objectname)%00%(upstream:track)%00%(upstream:remotename)%00%(upstream:remoteref) refs/heads/main refs/remotes/main [29ms]
2025-11-24 22:15:19.323 [info] > git diff --name-status -z --diff-filter=ADMR --find-renames=50% aba97bb16aa67935f756feaf00c52cca28099aa5...refs/remotes/origin/master -- [33ms]
2025-11-24 22:15:19.325 [info] > git merge-base refs/heads/master refs/remotes/origin/master [3ms]
2025-11-24 22:15:19.330 [info] > git rev-parse --show-toplevel [14ms]
2025-11-24 22:15:19.330 [info] fatal: not a git repository (or any of the parent directories): .git
2025-11-24 22:15:19.344 [info] > git status -z -uall [5ms]
2025-11-24 22:15:19.344 [info] > git diff --name-status -z --diff-filter=ADMR --find-renames=50% aba97bb16aa67935f756feaf00c52cca28099aa5...refs/remotes/origin/master -- [15ms]
2025-11-24 22:15:19.346 [info] > git rev-parse --show-toplevel [12ms]
2025-11-24 22:15:19.347 [info] > git for-each-ref --sort -committerdate --format %(refname)%00%(objectname)%00%(*objectname) [3ms]
2025-11-24 22:15:19.378 [info] > git for-each-ref --format=%(refname)%00%(upstream:short)%00%(objectname)%00%(upstream:track)%00%(upstream:remotename)%00%(upstream:remoteref) refs/heads/main refs/remotes/main [23ms]
2025-11-24 22:15:19.384 [info] > git config --get commit.template [6ms]
2025-11-24 22:15:19.384 [info] > git rev-parse --git-dir --git-common-dir --show-superproject-working-tree [22ms]
2025-11-24 22:15:19.390 [info] [Model][openRepository] Opened repository (path): /home/seanos1a/yahtzee
2025-11-24 22:15:19.390 [info] [Model][openRepository] Opened repository (real path): /home/seanos1a/yahtzee
2025-11-24 22:15:19.390 [info] [Model][openRepository] Opened repository (kind): repository
2025-11-24 22:15:19.394 [info] [Model][doInitialScan] Initial repository scan completed - repositories (9), closed repositories (0), parent repositories (0), unsafe repositories (0)
2025-11-24 22:15:19.404 [info] > git config --get --local branch.main.vscode-merge-base [21ms]
2025-11-24 22:15:19.414 [info] > git rev-parse --show-toplevel [11ms]
2025-11-24 22:15:19.414 [info] fatal: not a git repository (or any of the parent directories): .git
2025-11-24 22:15:19.414 [info] > git config --get commit.template [15ms]
2025-11-24 22:15:19.415 [info] > git for-each-ref --format=%(refname)%00%(upstream:short)%00%(objectname)%00%(upstream:track)%00%(upstream:remotename)%00%(upstream:remoteref) refs/heads/origin/main refs/remotes/origin/main [7ms]
2025-11-24 22:15:19.426 [info] > git for-each-ref --format=%(refname)%00%(upstream:short)%00%(objectname)%00%(upstream:track)%00%(upstream:remotename)%00%(upstream:remoteref) refs/heads/main refs/remotes/main [13ms]
2025-11-24 22:15:19.529 [info] > git merge-base refs/heads/main refs/remotes/origin/main [109ms]
2025-11-24 22:15:19.535 [info] > git for-each-ref --format=%(refname)%00%(upstream:short)%00%(objectname)%00%(upstream:track)%00%(upstream:remotename)%00%(upstream:remoteref) refs/heads/main refs/remotes/main [111ms]
2025-11-24 22:15:19.540 [warning] [Git][revParse] Unable to read file: ENOENT: no such file or directory, open '/home/seanos1a/yahtzee/.git/refs/remotes/origin/main'
2025-11-24 22:15:19.550 [info] > git status -z -uall [5ms]
2025-11-24 22:15:19.550 [info] > git diff --name-status -z --diff-filter=ADMR --find-renames=50% 25dd56946ebbdb0b4e2ade11948795965bb18cec...refs/remotes/origin/main -- [16ms]
2025-11-24 22:15:19.552 [info] > git rev-parse refs/remotes/origin/main [12ms]
2025-11-24 22:15:19.562 [info] > git status -z -uall [6ms]
2025-11-24 22:15:19.563 [info] > git for-each-ref --sort -committerdate --format %(refname)%00%(objectname)%00%(*objectname) [13ms]
2025-11-24 22:15:19.566 [info] > git for-each-ref --sort -committerdate --format %(refname)%00%(objectname)%00%(*objectname) [5ms]
2025-11-24 22:15:19.581 [info] > git for-each-ref --format=%(refname)%00%(upstream:short)%00%(objectname)%00%(upstream:track)%00%(upstream:remotename)%00%(upstream:remoteref) refs/heads/main refs/remotes/main [8ms]
2025-11-24 22:15:19.586 [info] > git config --get commit.template [7ms]
2025-11-24 22:15:19.592 [info] > git config --get --local branch.main.vscode-merge-base [6ms]
2025-11-24 22:15:19.598 [info] > git for-each-ref --format=%(refname)%00%(upstream:short)%00%(objectname)%00%(upstream:track)%00%(upstream:remotename)%00%(upstream:remoteref) refs/heads/main refs/remotes/main [8ms]
2025-11-24 22:15:19.599 [info] > git for-each-ref --format=%(refname)%00%(upstream:short)%00%(objectname)%00%(upstream:track)%00%(upstream:remotename)%00%(upstream:remoteref) refs/heads/origin/main refs/remotes/origin/main [3ms]
2025-11-24 22:15:19.607 [warning] [Git][revParse] Unable to read file: ENOENT: no such file or directory, open '/home/seanos1a/yahtzee/.git/refs/remotes/origin/main'
2025-11-24 22:15:19.609 [info] > git merge-base refs/heads/main refs/remotes/origin/main [6ms]
2025-11-24 22:15:19.615 [info] > git rev-parse refs/remotes/origin/main [8ms]
2025-11-24 22:15:19.623 [info] > git status -z -uall [5ms]
2025-11-24 22:15:19.624 [info] > git diff --name-status -z --diff-filter=ADMR --find-renames=50% 0be2243cbbf266187297093da44471024eb9a029...refs/remotes/origin/main -- [10ms]
2025-11-24 22:15:19.625 [info] > git for-each-ref --sort -committerdate --format %(refname)%00%(objectname)%00%(*objectname) [3ms]
2025-11-24 22:15:20.703 [info] > git rev-parse --show-toplevel [1ms]
2025-11-24 22:15:20.703 [info] fatal: not a git repository (or any of the parent directories): .git
2025-11-24 22:26:34.762 [info] > git config --get commit.template [7ms]
2025-11-24 22:26:34.762 [info] > git for-each-ref --format=%(refname)%00%(upstream:short)%00%(objectname)%00%(upstream:track)%00%(upstream:remotename)%00%(upstream:remoteref) refs/heads/main refs/remotes/main [3ms]
2025-11-24 22:26:34.777 [info] > git status -z -uall [9ms]
2025-11-24 22:26:34.778 [info] > git for-each-ref --sort -committerdate --format %(refname)%00%(objectname)%00%(*objectname) [3ms]
2025-11-24 22:26:39.794 [info] > git config --get commit.template [6ms]
2025-11-24 22:26:39.796 [info] > git for-each-ref --format=%(refname)%00%(upstream:short)%00%(objectname)%00%(upstream:track)%00%(upstream:remotename)%00%(upstream:remoteref) refs/heads/main refs/remotes/main [2ms]
2025-11-24 22:26:39.812 [info] > git status -z -uall [10ms]
2025-11-24 22:26:39.813 [info] > git for-each-ref --sort -committerdate --format %(refname)%00%(objectname)%00%(*objectname) [4ms]
2025-11-24 22:27:06.098 [info] > git config --get commit.template [1ms]
2025-11-24 22:27:06.107 [info] > git for-each-ref --format=%(refname)%00%(upstream:short)%00%(objectname)%00%(upstream:track)%00%(upstream:remotename)%00%(upstream:remoteref) refs/heads/master refs/remotes/master [3ms]
2025-11-24 22:27:06.118 [info] > git status -z -uall [6ms]
2025-11-24 22:27:06.120 [info] > git for-each-ref --sort -committerdate --format %(refname)%00%(objectname)%00%(*objectname) [2ms]
2025-11-24 22:27:11.136 [info] > git config --get commit.template [6ms]
2025-11-24 22:27:11.136 [info] > git for-each-ref --format=%(refname)%00%(upstream:short)%00%(objectname)%00%(upstream:track)%00%(upstream:remotename)%00%(upstream:remoteref) refs/heads/master refs/remotes/master [1ms]
2025-11-24 22:27:11.149 [info] > git status -z -uall [7ms]
2025-11-24 22:27:11.150 [info] > git for-each-ref --sort -committerdate --format %(refname)%00%(objectname)%00%(*objectname) [2ms]
2025-11-24 22:27:16.165 [info] > git config --get commit.template [7ms]
2025-11-24 22:27:16.166 [info] > git for-each-ref --format=%(refname)%00%(upstream:short)%00%(objectname)%00%(upstream:track)%00%(upstream:remotename)%00%(upstream:remoteref) refs/heads/master refs/remotes/master [2ms]
2025-11-24 22:27:16.180 [info] > git status -z -uall [8ms]
2025-11-24 22:27:16.182 [info] > git for-each-ref --sort -committerdate --format %(refname)%00%(objectname)%00%(*objectname) [3ms]
2025-11-24 22:27:21.198 [info] > git config --get commit.template [6ms]
2025-11-24 22:27:21.199 [info] > git for-each-ref --format=%(refname)%00%(upstream:short)%00%(objectname)%00%(upstream:track)%00%(upstream:remotename)%00%(upstream:remoteref) refs/heads/master refs/remotes/master [2ms]
2025-11-24 22:27:21.212 [info] > git status -z -uall [6ms]
2025-11-24 22:27:21.213 [info] > git for-each-ref --sort -committerdate --format %(refname)%00%(objectname)%00%(*objectname) [2ms]
2025-11-24 22:27:26.230 [info] > git config --get commit.template [7ms]
2025-11-24 22:27:26.230 [info] > git for-each-ref --format=%(refname)%00%(upstream:short)%00%(objectname)%00%(upstream:track)%00%(upstream:remotename)%00%(upstream:remoteref) refs/heads/master refs/remotes/master [2ms]
2025-11-24 22:27:26.243 [info] > git status -z -uall [8ms]
2025-11-24 22:27:26.244 [info] > git for-each-ref --sort -committerdate --format %(refname)%00%(objectname)%00%(*objectname) [3ms]
2025-11-24 22:27:31.263 [info] > git config --get commit.template [8ms]
2025-11-24 22:27:31.263 [info] > git for-each-ref --format=%(refname)%00%(upstream:short)%00%(objectname)%00%(upstream:track)%00%(upstream:remotename)%00%(upstream:remoteref) refs/heads/master refs/remotes/master [1ms]
2025-11-24 22:27:31.276 [info] > git status -z -uall [7ms]
2025-11-24 22:27:31.277 [info] > git for-each-ref --sort -committerdate --format %(refname)%00%(objectname)%00%(*objectname) [2ms]
2025-11-24 22:27:36.303 [info] > git config --get commit.template [11ms]
2025-11-24 22:27:36.304 [info] > git for-each-ref --format=%(refname)%00%(upstream:short)%00%(objectname)%00%(upstream:track)%00%(upstream:remotename)%00%(upstream:remoteref) refs/heads/master refs/remotes/master [2ms]
2025-11-24 22:27:36.323 [info] > git status -z -uall [12ms]
2025-11-24 22:27:36.324 [info] > git for-each-ref --sort -committerdate --format %(refname)%00%(objectname)%00%(*objectname) [4ms]
2025-11-24 22:27:44.050 [info] > git config --get commit.template [9ms]
2025-11-24 22:27:44.050 [info] > git for-each-ref --format=%(refname)%00%(upstream:short)%00%(objectname)%00%(upstream:track)%00%(upstream:remotename)%00%(upstream:remoteref) refs/heads/master refs/remotes/master [2ms]
2025-11-24 22:27:44.062 [info] > git status -z -uall [7ms]
2025-11-24 22:27:44.063 [info] > git for-each-ref --sort -committerdate --format %(refname)%00%(objectname)%00%(*objectname) [2ms]
2025-11-24 22:29:12.327 [info] [Git][getRemotes] No remotes found in the git config file
2025-11-24 22:29:12.328 [info] > git config --get commit.template [8ms]
2025-11-24 22:29:12.328 [info] > git for-each-ref --format=%(refname)%00%(upstream:short)%00%(objectname)%00%(upstream:track)%00%(upstream:remotename)%00%(upstream:remoteref) refs/heads/master refs/remotes/master [2ms]
2025-11-24 22:29:12.340 [info] > git status -z -uall [6ms]
2025-11-24 22:29:12.342 [info] > git for-each-ref --sort -committerdate --format %(refname)%00%(objectname)%00%(*objectname) [3ms]
2025-11-24 22:29:20.420 [info] > git config --get commit.template [6ms]
2025-11-24 22:29:20.421 [info] > git for-each-ref --format=%(refname)%00%(upstream:short)%00%(objectname)%00%(upstream:track)%00%(upstream:remotename)%00%(upstream:remoteref) refs/heads/main refs/remotes/main [2ms]
2025-11-24 22:29:20.435 [info] > git status -z -uall [6ms]
2025-11-24 22:29:20.436 [info] > git for-each-ref --sort -committerdate --format %(refname)%00%(objectname)%00%(*objectname) [2ms]
2025-11-24 22:29:27.879 [info] > git config --get commit.template [7ms]
2025-11-24 22:29:27.880 [info] > git for-each-ref --format=%(refname)%00%(upstream:short)%00%(objectname)%00%(upstream:track)%00%(upstream:remotename)%00%(upstream:remoteref) refs/heads/main refs/remotes/main [2ms]
2025-11-24 22:29:27.891 [info] > git status -z -uall [5ms]
2025-11-24 22:29:27.894 [info] > git for-each-ref --sort -committerdate --format %(refname)%00%(objectname)%00%(*objectname) [2ms]
2025-11-24 22:29:38.222 [info] > git config --get commit.template [7ms]
2025-11-24 22:29:38.223 [info] > git for-each-ref --format=%(refname)%00%(upstream:short)%00%(objectname)%00%(upstream:track)%00%(upstream:remotename)%00%(upstream:remoteref) refs/heads/master refs/remotes/master [2ms]
2025-11-24 22:29:38.235 [info] > git status -z -uall [6ms]
2025-11-24 22:29:38.237 [info] > git for-each-ref --sort -committerdate --format %(refname)%00%(objectname)%00%(*objectname) [3ms]
2025-11-24 22:32:33.059 [info] > git config --get commit.template [6ms]
2025-11-24 22:32:33.060 [info] > git for-each-ref --format=%(refname)%00%(upstream:short)%00%(objectname)%00%(upstream:track)%00%(upstream:remotename)%00%(upstream:remoteref) refs/heads/master refs/remotes/master [2ms]
2025-11-24 22:32:33.072 [info] > git status -z -uall [6ms]
2025-11-24 22:32:33.073 [info] > git for-each-ref --sort -committerdate --format %(refname)%00%(objectname)%00%(*objectname) [2ms]
2025-11-24 22:32:38.094 [info] > git config --get commit.template [7ms]
2025-11-24 22:32:38.095 [info] > git for-each-ref --format=%(refname)%00%(upstream:short)%00%(objectname)%00%(upstream:track)%00%(upstream:remotename)%00%(upstream:remoteref) refs/heads/master refs/remotes/master [2ms]
2025-11-24 22:32:38.108 [info] > git status -z -uall [6ms]
2025-11-24 22:32:38.109 [info] > git for-each-ref --sort -committerdate --format %(refname)%00%(objectname)%00%(*objectname) [2ms]
