2025-11-23 09:02:11.480 [info] Reading sessions from keychain...
2025-11-23 09:02:11.480 [info] Getting sessions for all scopes...
2025-11-23 09:02:11.480 [info] Got 0 sessions for ...
2025-11-23 09:02:11.480 [info] Getting sessions for all scopes...
2025-11-23 09:02:11.480 [info] Got 0 sessions for ...
2025-11-23 09:02:11.480 [info] Getting sessions for all scopes...
2025-11-23 09:02:11.480 [info] Got 0 sessions for ...
2025-11-23 09:02:11.480 [info] Getting sessions for all scopes...
2025-11-23 09:02:11.480 [info] Got 0 sessions for ...
2025-11-23 09:02:11.686 [info] Getting sessions for all scopes...
2025-11-23 09:02:11.686 [info] Got 0 sessions for ...
2025-11-23 09:02:13.195 [info] Getting sessions for read:user,repo,user:email,workflow...
2025-11-23 09:02:13.195 [info] Got 0 sessions for read:user,repo,user:email,workflow...
2025-11-23 09:02:13.803 [info] Getting sessions for read:user,repo,user:email,workflow...
2025-11-23 09:02:13.803 [info] Got 0 sessions for read:user,repo,user:email,workflow...
2025-11-23 09:02:14.412 [info] Getting sessions for read:user,repo,user:email,workflow...
2025-11-23 09:02:14.412 [info] Got 0 sessions for read:user,repo,user:email,workflow...
2025-11-23 09:02:15.034 [info] Getting sessions for read:user,repo,user:email,workflow...
2025-11-23 09:02:15.034 [info] Got 0 sessions for read:user,repo,user:email,workflow...
2025-11-23 09:02:15.643 [info] Getting sessions for read:user,repo,user:email,workflow...
2025-11-23 09:02:15.643 [info] Got 0 sessions for read:user,repo,user:email,workflow...
