2025-11-24 23:55:03.592 [info] Extension host with pid 532969 started
2025-11-24 23:55:03.592 [error] Error: EEXIST: file already exists, open '/home/seanos1a/.local/share/code-server-mobile/User/workspaceStorage/-52b5bf8b/vscode.lock'
2025-11-24 23:55:03.593 [info] Lock '/home/seanos1a/.local/share/code-server-mobile/User/workspaceStorage/-52b5bf8b/vscode.lock': Could not acquire lock, checking if the file is stale.
2025-11-24 23:55:03.594 [info] Lock '/home/seanos1a/.local/share/code-server-mobile/User/workspaceStorage/-52b5bf8b/vscode.lock': The lock does not look stale, elapsed: 662 ms, giving up.
2025-11-24 23:55:03.600 [info] Lock '/home/seanos1a/.local/share/code-server-mobile/User/workspaceStorage/-52b5bf8b-1/vscode.lock': Lock acquired.
2025-11-24 23:55:04.035 [info] ExtensionService#_doActivateExtension vscode.github-authentication, startup: false, activationEvent: 'onAuthenticationRequest:github'
2025-11-24 23:55:04.036 [info] ExtensionService#_doActivateExtension vscode.emmet, startup: false, activationEvent: 'onLanguage'
2025-11-24 23:55:04.406 [info] ExtensionService#_doActivateExtension vscode.git-base, startup: true, activationEvent: '*', root cause: vscode.git
2025-11-24 23:55:04.413 [info] ExtensionService#_doActivateExtension vscode.npm, startup: true, activationEvent: 'workspaceContains:package.json'
2025-11-24 23:55:04.704 [info] ExtensionService#_doActivateExtension vscode.git, startup: true, activationEvent: '*'
2025-11-24 23:55:04.705 [info] ExtensionService#_doActivateExtension vscode.github, startup: true, activationEvent: '*'
2025-11-24 23:55:05.121 [info] Eager extensions activated
2025-11-24 23:55:05.121 [info] ExtensionService#_doActivateExtension vscode.debug-auto-launch, startup: false, activationEvent: 'onStartupFinished'
2025-11-24 23:55:05.122 [info] ExtensionService#_doActivateExtension vscode.merge-conflict, startup: false, activationEvent: 'onStartupFinished'
2025-11-24 23:55:09.258 [info] ExtensionService#_doActivateExtension vscode.terminal-suggest, startup: false, activationEvent: 'onTerminalShellIntegration:*'
2025-11-24 23:55:11.362 [info] ExtensionService#_doActivateExtension vscode.configuration-editing, startup: false, activationEvent: 'onLanguage:json'
2025-11-24 23:55:11.363 [info] ExtensionService#_doActivateExtension vscode.extension-editing, startup: false, activationEvent: 'onLanguage:json'
2025-11-24 23:55:11.363 [info] ExtensionService#_doActivateExtension vscode.json-language-features, startup: false, activationEvent: 'onLanguage:json'
2025-11-25 00:10:34.175 [info] ExtensionService#_doActivateExtension vscode.markdown-language-features, startup: false, activationEvent: 'onLanguage:markdown'
2025-11-25 00:10:35.110 [info] ExtensionService#_doActivateExtension vscode.markdown-math, startup: false, activationEvent: 'api', root cause: vscode.markdown-language-features
2025-11-25 02:21:04.582 [info] Extension host terminating: renderer disconnected for too long (2)
2025-11-25 02:21:04.583 [info] Lock '/home/seanos1a/.local/share/code-server-mobile/User/workspaceStorage/-52b5bf8b-1/vscode.lock': Marking the lockfile as scheduled to be released in 6000 ms.
2025-11-25 02:21:04.686 [info] Extension host with pid 532969 exiting with code 0
